12:10:24 :wolf.wa.us.synirc.net 001 robophiz :Welcome to the synIRC IRC Network robophiz!~robophiz@73.129.45.114
12:10:24 :wolf.wa.us.synirc.net 002 robophiz :Your host is wolf.wa.us.synirc.net, running version Unreal3.2.10.7
12:10:24 :wolf.wa.us.synirc.net 003 robophiz :This server was created Tue Feb 20 2018 at 00:42:51 EST
12:10:24 :wolf.wa.us.synirc.net 004 robophiz wolf.wa.us.synirc.net Unreal3.2.10.7 iowghraAsORTVSxNCWqBzvdHtGpI lvhopsmntikrRcaqOALQbSeIKVfMCuzNTGjZ
12:10:24 :wolf.wa.us.synirc.net 005 robophiz CMDS=KNOCK,MAP,DCCALLOW,USERIP,STARTTLS UHNAMES NAMESX SAFELIST HCN MAXCHANNELS=40 CHANLIMIT=#:40 MAXLIST=b:60,e:60,I:60 NICKLEN=30 CHANNELLEN=32 TOPICLEN=307 KICKLEN=307 AWAYLEN=307 :are supported by this server
12:10:24 :wolf.wa.us.synirc.net 005 robophiz MAXTARGETS=20 WALLCHOPS WATCH=128 WATCHOPTS=A SILENCE=15 MODES=12 CHANTYPES=# PREFIX=(qaohv)~&@%+ CHANMODES=beI,kfL,lj,psmntirRcOAQKVCuzNSMTGZ NETWORK=synIRC CASEMAPPING=ascii EXTBAN=~,qjncrRa ELIST=MNUCT :are supported by this server
12:10:24 :wolf.wa.us.synirc.net 005 robophiz STATUSMSG=~&@%+ EXCEPTS INVEX :are supported by this server
12:10:24 :wolf.wa.us.synirc.net 251 robophiz :There are 24 users and 2314 invisible on 16 servers
12:10:24 :wolf.wa.us.synirc.net 252 robophiz 19 :operator(s) online
12:10:24 :wolf.wa.us.synirc.net 254 robophiz 1249 :channels formed
12:10:24 :wolf.wa.us.synirc.net 255 robophiz :I have 135 clients and 0 servers
12:10:24 :wolf.wa.us.synirc.net 265 robophiz 135 519 :Current local users 135, max 519
12:10:24 :wolf.wa.us.synirc.net 266 robophiz 2338 8248 :Current global users 2338, max 8248
12:10:24 :wolf.wa.us.synirc.net 375 robophiz :- wolf.wa.us.synirc.net Message of the Day - 
12:10:24 :wolf.wa.us.synirc.net 372 robophiz :- 20/2/2018 1:00
12:10:24 :wolf.wa.us.synirc.net 372 robophiz :- This is the short MOTD. To view the complete MOTD type /motd
12:10:24 :wolf.wa.us.synirc.net 372 robophiz :- 
12:10:24 :wolf.wa.us.synirc.net 372 robophiz :-             ######  ##    ## ##    ## #### ########   ######  
12:10:24 :wolf.wa.us.synirc.net 372 robophiz :-            ##    ##  ##  ##  ###   ##  ##  ##     ## ##    ## 
12:10:24 :wolf.wa.us.synirc.net 372 robophiz :-            ##         ####   ####  ##  ##  ##     ## ##       
12:10:24 :wolf.wa.us.synirc.net 372 robophiz :-             ######     ##    ## ## ##  ##  ########  ##       
12:10:24 :wolf.wa.us.synirc.net 372 robophiz :-                  ##    ##    ##  ####  ##  ##   ##   ##       
12:10:24 :wolf.wa.us.synirc.net 372 robophiz :-            ##    ##    ##    ##   ###  ##  ##    ##  ##    ##
12:10:24 :wolf.wa.us.synirc.net 372 robophiz :-             ######     ##    ##    ## #### ##     ##  ######  
12:10:24 :wolf.wa.us.synirc.net 372 robophiz :- 
12:10:24 :wolf.wa.us.synirc.net 372 robophiz :-          |                                                    |
12:10:24 :wolf.wa.us.synirc.net 372 robophiz :-        --+----------------------------------------------------+--
12:10:24 :wolf.wa.us.synirc.net 372 robophiz :-          |                                                    |
12:10:24 :wolf.wa.us.synirc.net 372 robophiz :-          | Welcome on wolf.wa.us.synirc.net                   |
12:10:24 :wolf.wa.us.synirc.net 372 robophiz :-          | Available ports: 6660-6669                         |
12:10:24 :wolf.wa.us.synirc.net 372 robophiz :-          | SSL ports: 6697, 7001                              |
12:10:24 :wolf.wa.us.synirc.net 372 robophiz :-          |                                                    |
12:10:24 :wolf.wa.us.synirc.net 372 robophiz :-          | Server Admin:                                      |
12:10:24 :wolf.wa.us.synirc.net 372 robophiz :-          |                                                    |
12:10:24 :wolf.wa.us.synirc.net 372 robophiz :-        --+----------------------------------------------------+--
12:10:24 :wolf.wa.us.synirc.net 372 robophiz :-          |                                                    |
12:10:24 :wolf.wa.us.synirc.net 372 robophiz :- 
12:10:24 :wolf.wa.us.synirc.net 372 robophiz :- DISCLAIMER:
