00:00:45 <the_tasteful_nerd> nicolas hummus
00:01:08 <Homie_in_a_geod> little girls hate it
00:01:44 <the_tasteful_nerd> im the two beer drinka
00:02:01 <the_tasteful_nerd> gonna hate myself tomorrow probably
00:16:44 <eric> this week im going to make duck
00:16:47 <eric> Dunck
00:17:07 <eric> .g serious eats duck rice
00:17:21 <eric> i got to get umeboshi
00:18:15 <the_tasteful_nerd> oh hell yeah
00:18:21 <the_tasteful_nerd> that looks good as hell
00:18:36 <the_tasteful_nerd> i cant wait to get back on n maintenance cals and eat good shit
00:19:37 <shrimp1989dspinfo> forgot to eat dindin so i ordered a salad
00:20:01 <shrimp1989dspinfo> from the vegan chicken nuggy place with a really stupid name
00:20:35 <eric> sounds good
00:20:44 <eric> was there vegan chicken nuggy on the salad
00:21:04 <shrimp1989dspinfo> no but i got a side of nuggy
00:21:19 <eric> safe
00:21:29 <shrimp1989dspinfo> arugula taco salad (no tort strips) and 6 nuggy
00:21:43 <Melber> Gotta figure out what to do with my pork belly tomorrow
00:21:48 <Melber> Might smoke it
00:22:46 <eric> i like taco salad
00:23:02 <the_tasteful_nerd> im drinking a third beer... uncharted territory in 2022
00:23:27 <eric> .g chinese red pork belly
00:24:45 <eric> the wutang secret to chinese prok belly is just coat it in sugar
00:26:52 <eric> i like this woks of life site ive done af ew recipes from ther
00:29:45 <shrimp1989dspinfo> https://usercontent.irccloud-cdn.com/file/3jDhPhHJ/20220305_192849.jpg
00:29:56 <eric> those look good
00:30:04 <eric> nuice craggly fried stuff
00:30:56 <shrimp1989dspinfo> yeah they're tasty
00:31:04 <shrimp1989dspinfo> they gave me extra nuggy
00:34:27 <shrimp1989dspinfo> some guy just yelled at me for parking behind him
00:35:07 <shrimp1989dspinfo> he said i could have moved back?? but he had like 2 car spaces
00:35:13 <shrimp1989dspinfo> where am i moving to
00:35:16 <eric> king of the road over here
00:35:21 <shrimp1989dspinfo> i drive a tiny car
00:38:20 <eric> bodies and parking spaces
00:39:14 <eric> there was a car parked in front of our place for like 3 weeks without moving a little while back so i was parking all over the place
00:39:31 <eric> and some guy got mad at me for parking in front of there place
00:39:37 <eric> buddy i know
00:40:52 <eric> parking seems to make people so angry
00:41:29 <eric> ive never once been angry about parking since im willing to walk a few blocks if it means free and easy parking
00:47:05 <shrimp1989dspinfo> yeah i don't care at all
00:47:30 <shrimp1989dspinfo> my friend isn't here rip
00:48:54 <eric> does that mean u cant get drug
00:55:59 <shrimp1989dspinfo> he was just late
00:56:06 <shrimp1989dspinfo> mission complete
00:57:57 <the_tasteful_nerd> uh oh melber https://usercontent.irccloud-cdn.com/file/jh2WCDxi/IMG_3920.PNG
01:00:47 <eric> andrew has been selected as the name that you are allowed to commit crimes against in this years purge
01:01:27 <Melber> FUCK I'm trending
01:02:16 <shrimp1989dspinfo> this is how we're watching hockey lmao https://usercontent.irccloud-cdn.com/file/K1nceBWV/20220305_200141.jpg
01:02:26 <shrimp1989dspinfo> it's just the habs idc
01:04:32 <the_tasteful_nerd> epic
01:04:39 <eric> https://youtu.be/cxp0iDmqU4o?t=357 cool move
01:04:52 <the_tasteful_nerd> .y faith no more epic
01:05:17 <the_tasteful_nerd> that is a cool move eroc
01:05:24 <the_tasteful_nerd> e-roc
01:08:45 <shrimp1989dspinfo> linkin park - in the end playing at this bar
01:26:08 <mikev> lol
01:26:31 <mikev> i'm kinda getting my ass whipped in hand to hand ship battle combat 
01:33:25 <Homie_in_a_geod> this owns https://twitter.com/skatie420/status/1500251331688235010?s=21
01:50:33 <shrimp1989dspinfo> time to go home
01:52:21 <shrimp1989dspinfo> mayhaps i will enjoy my purchase when i get home
02:03:40 <mikev> hell ya
02:07:51 <the_tasteful_nerd> https://www.instagram.com/p/CavI0CzvwFs/?utm_medium=copy_link
02:08:14 <the_tasteful_nerd> this looks very good but it also looks like a plate that hannibal might serve
02:08:19 <the_tasteful_nerd> of someone's dick
02:26:23 <dreddybajs> who up for vc and elden 
02:28:47 <shrimp1989dspinfo> i'll hop on but i have hockey in 30 min
02:28:53 <shrimp1989dspinfo> i just got home
02:29:03 <dreddybajs> kewl
02:30:36 <shrimp1989dspinfo> welcoming committee https://usercontent.irccloud-cdn.com/file/Lvfm7EWZ/20220305_213012.jpg
03:05:53 <shrimp1989dspinfo> hockey time
03:16:00 <shrimp1989dspinfo> scored on calgary 40 seconds in
03:16:00 <shrimp1989dspinfo> owned
03:29:29 <the_tasteful_nerd> damn i think im just done with drinking entirely
03:34:25 <shrimp1989dspinfo> what happened
03:34:36 <the_tasteful_nerd> .l
03:34:59 <the_tasteful_nerd> i dunno i drink a couple and all i can think is "i want to kill myself" over and over
03:35:02 <the_tasteful_nerd> not good
03:35:08 <shrimp1989dspinfo> yeah you should not drink if that happens
03:35:10 <shrimp1989dspinfo> i'm sorry
03:35:33 <shrimp1989dspinfo> how long has that gone on?
03:35:48 <the_tasteful_nerd> not long i just dont drink anymore really
03:36:10 <the_tasteful_nerd> ive grown out of it i guess
03:36:15 <the_tasteful_nerd> 13 years later and "i'm so wet a pussy get mad at me" is still the funniest line there is
03:36:20 <shrimp1989dspinfo> lmao
03:39:04 <the_tasteful_nerd> gonna post im god youtube link on facebook
03:39:14 <the_tasteful_nerd> first fb post in like 2 years
03:39:27 <the_tasteful_nerd> hope whoever the algo shows it to likes it
03:40:38 <shrimp1989dspinfo> good luck
03:40:40 <shrimp1989dspinfo> i hope so too
03:42:35 <dreddybajs> https://usercontent.irccloud-cdn.com/file/ikNvSpLO/Screenshot_2022-03-06-03-42-27-10_f9ee0578fe1cc94de7482bd41accb329.jpg
03:42:38 <dreddybajs> how is this real
03:43:09 <shrimp1989dspinfo> rofl
03:43:44 <the_tasteful_nerd> it is fine
03:43:59 <shrimp1989dspinfo> i like the face
03:44:15 <the_tasteful_nerd> i dont know why you need the runtime of human condition part I to say its fine though
03:44:28 <shrimp1989dspinfo> nice ref
03:44:34 <dreddybajs> I'm watching it
03:44:41 <the_tasteful_nerd> closest thing in runtime i could think of
03:44:45 <dreddybajs> https://youtu.be/bgJazjz9ZsA
03:44:49 <dreddybajs> the start is good
03:44:53 <the_tasteful_nerd> maybe world on a wire is around that time too?
03:44:58 <the_tasteful_nerd> if you say so brother
03:46:34 <the_tasteful_nerd> 213 mins
03:46:37 <the_tasteful_nerd> nailed it
03:46:41 <the_tasteful_nerd> on the fuckin dot
03:46:52 <the_tasteful_nerd> still got it....
03:47:00 <shrimp1989dspinfo> hell yeah
03:49:02 <dreddybajs> nice
03:51:14 <the_tasteful_nerd> the mind is so complex when youre based...
03:54:26 <the_tasteful_nerd> damn im glad 6 kiss is on spotify now
03:54:29 <the_tasteful_nerd> it wasnt for so long
04:02:45 <mikev> i'm watching all about my mother
04:05:51 <dreddybajs> fantastic film
04:23:10 <Homie_in_a_geod> penis ass
04:23:32 <Homie_in_a_geod> i worked at a shitty show tonight and every dude at the show looked exactly the same
04:23:41 <Homie_in_a_geod> they all had the same haircut and jawline
04:25:01 <Homie_in_a_geod> https://usercontent.irccloud-cdn.com/file/JWX4RTzV/1646540697.JPG
04:25:03 <Homie_in_a_geod> everyone looked like this guy but uglier
04:26:14 <shrimp1989dspinfo> what show was it
04:27:01 <Homie_in_a_geod> some terrible local bands i already forget what they were called
04:27:49 <Homie_in_a_geod> back to yours
04:27:55 <Homie_in_a_geod> that was what they were called
04:28:17 <Homie_in_a_geod> and the opener was called the q-tip bandits
04:28:23 <shrimp1989dspinfo> lol
04:28:39 <Homie_in_a_geod> they both sounded very bad
04:28:53 <Homie_in_a_geod> the opener played a very bad cover of mgmt-kids
04:29:22 <mikev> lol
04:34:19 <Homie_in_a_geod> [tune of the synth line from mgmt - kids] i am gay and haave a tiny diiiick
04:36:44 <Homie_in_a_geod> remember uber pools
04:37:13 <Homie_in_a_geod> i wonder if that’s ever going to come back
04:37:21 <Homie_in_a_geod> it feels like that never happened
04:47:19 <Homie_in_a_geod> fucking hate this guy https://usercontent.irccloud-cdn.com/file/ZugdNsEw/IMG_8192.MP4
05:01:08 <eric> phewf im tired
05:08:39 <the_tasteful_nerd> get in pair get out
05:08:50 <the_tasteful_nerd> shout out to all the pair
05:13:38 <the_tasteful_nerd> fuck this fuckin gamw
05:15:37 <mikev> lol
05:18:29 <shrimp1989dspinfo> eric did you do a lot today
05:18:47 <mikev> .tell that_fellow_kermit this guy is cool https://www.getitfrommike.net/corninthebible2
05:18:47 <shrimp1989dspinfo> i put my head down on my desk and missed a lot of hockey
05:18:58 <mikev> oops
05:19:01 <mikev> is it this fellow
05:19:11 <mikev> .tell this_fellow_kermit this guy is cool https://www.getitfrommike.net/corninthebible2
05:19:18 <shrimp1989dspinfo> https://usercontent.irccloud-cdn.com/file/9bZvlBrA/image.png
05:19:59 <mikev> blues lost again -_-
05:20:11 <shrimp1989dspinfo> rip
05:20:37 <shrimp1989dspinfo> my friend says he has money on the avs winning the cup this year
05:21:19 <mikev> not bad, but any cup picks that are real far out are just crapshoots
05:23:27 <eric> I was out lateish
05:23:52 <shrimp1989dspinfo> how was the pizza party
05:24:15 <eric> It was good there's some drama in the friend group
05:24:56 <shrimp1989dspinfo> what's going on
05:48:13 <eric> It's a bit complicated but one friend really doesn't like another friends partner 
05:50:43 <eric> He made a pointed remark about it in group chat  
05:51:30 <shrimp1989dspinfo> avs lost in ot
05:52:03 <shrimp1989dspinfo> sorry about your friend problems
06:20:17 <eric> sorry about your hockey
06:20:23 <shrimp1989dspinfo> lol ty
06:20:26 <shrimp1989dspinfo> me too
06:20:48 <shrimp1989dspinfo> i'm seeing my firends the colorado avalanche irl on monday and tuesday so hopefully they win then
06:21:54 <shrimp1989dspinfo> it's finally time to Sample My Purchase
06:22:01 <shrimp1989dspinfo> i'm just gonna fall asleep immediately
06:23:51 <eric> sweet oblivion
06:25:03 <eric> the only times ive ever seen the canucks they lost
06:25:11 <eric> which is not surprising really
06:25:50 <shrimp1989dspinfo> rofl
06:26:14 <shrimp1989dspinfo> how many times have you seen them
06:26:21 <eric> maybe 2 or 3
06:26:33 <eric> as an adult at lelast
06:27:36 <shrimp1989dspinfo> we last played them in november
06:27:37 <shrimp1989dspinfo> and won
06:27:44 <shrimp1989dspinfo> next game is later this month
06:27:57 <eric> i hope you win again frankly
06:28:09 <shrimp1989dspinfo> ty me too
06:29:04 <shrimp1989dspinfo> i just brushed my teeth so this tastes worse than usual
06:29:04 <shrimp1989dspinfo> rip
06:40:16 <Homie_in_a_geod> i stole a shark shaped ceramic glass from this tiki bar
06:40:25 <shrimp1989dspinfo> post a pic
06:40:31 <Homie_in_a_geod> my goal is to buy a nutcracker on rockaway beach this summer and drink it from it
06:40:45 <shrimp1989dspinfo> i received a beta key for the new chillas art game but i don't think i was supposed to
06:40:53 <Homie_in_a_geod> well technically i haven’t left the bar yet so i should wait to post a pic until after i  have left
06:41:11 <eric> lol
06:41:17 <eric> theft in progress
06:41:24 <shrimp1989dspinfo> ^
06:42:56 <shrimp1989dspinfo> peter is playing in his tent and making a bunch of noise
06:43:10 <shrimp1989dspinfo> https://usercontent.irccloud-cdn.com/file/pC8rv0MG/20220306_014247.jpg
07:01:22 -!- alansmithee_ [uid458341@synIRC-4DF85143.uxbridge.irccloud.com] has joined #phiz
11:09:10 -!- NORG [~NORG@synIRC-E2E297F7.tx.res.rr.com] has joined #phiz
11:09:20 <NORG> gm :) :)
11:23:49 <the_tasteful_nerd> tent
11:38:53 <NORG> brent
12:21:26 <NORG> 3/6*
12:30:41 <the_tasteful_nerd> 666
12:35:27 <the_tasteful_nerd> https://www.instagram.com/p/Car3DoWu7YS/?utm_medium=copy_link
12:35:36 <the_tasteful_nerd> chicks boob
12:54:39 <shrimp1989dspinfo> brenitany
14:14:32 <bonegar> is 2006 the fat britney era? just trying to figure out the context 
14:28:06 <the_tasteful_nerd> i duno
14:28:09 <the_tasteful_nerd> maybe
14:30:32 <shrimp1989dspinfo> it's britney bitch
14:34:52 -!- Nude_Riker [~Riker@689F7840:296DBBB2:4B02321D:IP] has joined #phiz
14:35:52 <bonegar> nytimes made me so mad im tweeting a journalist
14:36:20 <NORG> bad wordle score?
14:36:20 <shrimp1989dspinfo> what happened
14:36:40 <bonegar> i would never play wordle
14:36:47 <bonegar> saying dumb shit about elden ring
14:46:57 <the_tasteful_nerd> lol
14:47:06 <the_tasteful_nerd> a gamers  revenge
14:48:57 <the`shima> i went somewhere crazy yesterday
14:49:20 <the`shima> https://en.wikipedia.org/wiki/Carreg_Cennen_Castle
14:49:45 <the`shima> http://castlestudiestrust.org/blog/wp-content/uploads/2020/09/20180311_140451-scaled.jpg
15:16:25 <Nude_Riker> nice
15:25:59 <the_tasteful_nerd> village of Trap
15:26:14 <bonegar> oh no the guy who wrote the nytimes article tweeted back at me
15:26:25 <Nude_Riker> lol
15:26:28 <the_tasteful_nerd> that looks tight dan
15:26:38 <bonegar> he's talking about his 'intentions' to me
15:26:39 <bonegar> this SUCKS
15:43:26 <mikev> lol
15:43:39 <NORG> Cheeba
15:51:20 <shrimp1989dspinfo> get his ass bonegar
15:52:18 <shrimp1989dspinfo> can't ride bike today because it's raining
15:52:32 <Nude_Riker> yeah the rain is unfortunate
15:52:49 <Nude_Riker> minor but enough that any trail i go to will be muddy and id be ripping up grass
15:53:10 <NORG> you'd be ripping ass
15:53:16 <shrimp1989dspinfo> ^
15:53:43 <shrimp1989dspinfo> they keep rearranging My Local Target and idk where anything is
15:53:59 <dreddybajs> that's gaslighting
15:55:17 <shrimp1989dspinfo> yeah exactly
15:56:23 <dreddybajs> drinking tera
15:56:25 <dreddybajs> tea
15:56:34 <NORG> tim kaine in the membrane
15:56:46 <dreddybajs> how are you NORG :)
15:56:55 <NORG> Im good
15:58:01 <NORG> Sufficiently Hoip for AEW Revolution starting at 8/7 central + The Buy In streaming free on YouTube at 7/6 central
15:59:33 <dreddybajs> nice
15:59:34 <dreddybajs> ill watch that
16:00:12 <shrimp1989dspinfo> what style tea
16:00:39 <dreddybajs> black tea
16:06:54 <shrimp1989dspinfo> same here
16:08:08 <dreddybajs> moce
16:08:09 <dreddybajs> nice
16:15:10 <eric> un drubjubg cuff
16:15:14 <eric> im drinking coff
16:15:51 <eric> playing d&d in 1 5 minutes
16:16:16 <shrimp1989dspinfo> look at this face!!! https://usercontent.irccloud-cdn.com/file/IgADkB67/20220306_111516.jpg
16:17:24 <eric> looks good
16:19:50 <shrimp1989dspinfo> i want another cat
16:28:05 <Homie_in_a_geod> me to
16:28:21 <Homie_in_a_geod> cat friend for mango
16:35:21 <shrimp1989dspinfo> ohhh you should do that
16:35:32 <shrimp1989dspinfo> where's the glass you stole
16:35:34 <eric> mangos brother
16:50:41 <the_tasteful_nerd> ollie got a trash truck painted on his face lol https://usercontent.irccloud-cdn.com/file/yl1n64cO/IMG_3923.JPG
16:51:16 <shrimp1989dspinfo> lmao hell yeah
16:51:18 <mikev> lol
16:51:36 <mikev> why do little kids love big trucks so much
16:52:07 <the_tasteful_nerd>  because they rule
16:52:08 <the_tasteful_nerd> idiot
16:52:28 <mikev> well i don't think that i think trash trucks particularly rock
16:52:35 <mikev> monster trucks are cool though
16:53:08 <shrimp1989dspinfo> trash trucks are epic because they have moving parts
16:53:11 <shrimp1989dspinfo> monster trucks ar ejust big
16:53:27 <shrimp1989dspinfo> trash trucks are cool for the same reasons construction equipment is cool
16:54:02 <the_tasteful_nerd> trash trucks are epic because they have trash
16:54:12 <the_tasteful_nerd> they crush shir
16:54:13 <mikev> did you take ket last night
16:54:15 <the_tasteful_nerd> shit
16:54:25 <shrimp1989dspinfo> yeah
17:08:58 <NORG> Gruncho
17:22:20 <mikev> lmfao hockey is the lamest sport
17:22:21 <mikev> https://i.gyazo.com/d9a4e368145cec85b2ed26b7aff816f8.jpg
17:22:31 <mikev> ugly ass off the rack suits
17:22:32 <shrimp1989dspinfo> omg please
17:22:41 <mikev> 🔥
17:22:47 <shrimp1989dspinfo> social media managers for these accounts are so goofy
17:23:03 <shrimp1989dspinfo> the avs are funny because you can see the euro influence on the american and candian boys
17:23:33 <mikev> front and enter is a russian guy who looks like he just got done shopping at kohl's
17:23:50 <shrimp1989dspinfo> i'm trying to find examples but yesterday it was gay night at ball arena so it' slike 40 posts of gay avs logos
17:23:59 <mikev> lol
17:24:00 <shrimp1989dspinfo> (don't say every night is gay night)
17:24:10 <mikev> every night is gay night
17:24:30 <shrimp1989dspinfo> sigh
17:24:44 <mikev> the humbling peace of crpgs where you play for 2 hours and you only get into like 3 battles
17:24:54 <shrimp1989dspinfo> https://usercontent.irccloud-cdn.com/file/BSY7ttvX/image.png
17:25:43 <shrimp1989dspinfo> https://twitter.com/Avalanche/status/1500292393228279813 lol
17:26:04 <mikev> love a 2 second video
17:26:27 <Nude_Riker> had the brief inspiration that i should go to the movies but there is not a single thing playing I'm interested in
17:26:27 <shrimp1989dspinfo> https://twitter.com/Avalanche/status/1500269475060461569
17:26:55 <shrimp1989dspinfo> https://twitter.com/Avalanche/status/1500270416409116676
17:27:05 <shrimp1989dspinfo> https://twitter.com/Avalanche/status/1500273679258816514
17:27:07 <Nude_Riker> at least i get to go rent movies today ftw
17:27:13 <shrimp1989dspinfo> all the fashion photos are like this and it's so funny
17:27:20 <mikev> lol
17:27:44 <shrimp1989dspinfo> i like that nichushkin is wearing a scarf tucked into his suit jacket for some reason
17:27:47 <mikev> the nba doing laps around the competition
17:28:19 <shrimp1989dspinfo> i was explaining to ciaran lsat night that hockey players are the soccer fans of the pro sports world
17:28:45 <mikev> any NA hockey player is probably one of the dumbest people you've ever met
17:28:51 <shrimp1989dspinfo> it's epic
17:29:04 <shrimp1989dspinfo> cale makar is both smart and good at hockey which seems like a rare combo
17:29:37 <mikev> a hgih school education if we're being very liberal in our application of the term
17:30:10 <shrimp1989dspinfo> Nude_Riker what are you renting
17:31:06 <the_tasteful_nerd> 12:23:50 PM <shrimp1989dspinfo> i'm trying to find examples but yesterday it was gay night at ball arena 
17:31:14 <the_tasteful_nerd> laughing a lot at "gay night at ball arena"
17:31:19 <shrimp1989dspinfo> lmao
17:31:31 <shrimp1989dspinfo> they had the gay mens choir sing the national anthem
17:31:45 <shrimp1989dspinfo> https://usercontent.irccloud-cdn.com/file/5Jap6igH/image.png
17:32:01 <the_tasteful_nerd> .l
17:34:31 <mikev> lol will i'm looking at the trendlines on my weight and it is almost perfectly linear
17:34:35 <Nude_Riker> shrimp1989dspinfo, not sure yet, i might pick up last days of disco. usually i browse and pick at random
17:34:56 <the_tasteful_nerd> lol wow mike
17:35:00 <the_tasteful_nerd> impressive
17:35:34 <shrimp1989dspinfo> last days of sisqo
17:36:04 <the_tasteful_nerd> mines a fuckin ekg strip https://usercontent.irccloud-cdn.com/file/aRyOAUrO/1646588156.JPG
17:36:28 <mikev> i mean it's pretty linear on the downswing
17:36:40 <the_tasteful_nerd> well the trend is the trend
17:36:47 <shrimp1989dspinfo> time to watch sokosaku
17:36:56 <the_tasteful_nerd> the trend is calculated
17:37:22 <mikev> i wonder how accurate my scale is anyways
17:38:05 <mikev> jumps of a pound between days seem inaccurate and i try to keep the settings the same (piss before morning weigh in)
17:39:03 <the_tasteful_nerd> well yeah i mean water weight can make u fluctuate esp on bulk
17:39:35 <the_tasteful_nerd> but my scale i dont think the weight it displays changes until its like half a lb less or greater
17:39:43 <the_tasteful_nerd> its weird
17:40:08 <the_tasteful_nerd> it was at 166.6 for 10 days and then 165.5 and 164.4 two days after that
17:40:22 <Homie_in_a_geod> https://twitter.com/zerosuitcamus/status/1500272778251014153?s=21
17:40:26 <the_tasteful_nerd> i dont think a  .1 change registers at all
17:40:28 <mikev> mine only does it in .2s
17:40:49 <mikev> lol
17:41:11 <the_tasteful_nerd> the other weird thing is it will show like 164.4 but over Bluetooth it sends 164.5 to my phone
17:41:19 <the_tasteful_nerd> who knows
17:41:31 <the_tasteful_nerd> i just pay attention to thw trend thats the only important thing
17:42:00 <Nude_Riker> i think i will read a bit then go to Sprouts in the burbs for some reason
17:43:16 <Nude_Riker> that would be dumb actually i wont do that
17:43:23 <the_tasteful_nerd> whats sprouts
17:43:53 <Nude_Riker> another expensive organicish grocery chain
17:44:03 <the_tasteful_nerd> oh cool
17:54:16 <NORG> https://cdn.discordapp.com/attachments/945371316062670938/950054438607945778/20220306_103704.jpg
17:55:18 <bonegar> lol
17:55:23 <shrimp1989dspinfo> oh no
17:55:49 <mikev> epic kingslayer set
17:59:12 <mikev> its time to game
17:59:48 <Homie_in_a_geod> plombongo
18:06:27 <NORG> https://www.youtube.com/watch?v=6BZ0GJldKvY
18:12:06 <mikev> good lord the devils unis today are horrendous
18:12:48 <shrimp1989dspinfo> are they wearing the ones that say jersey
18:13:32 <mikev> ya they're like black
18:13:37 <mikev> and white and blue
18:14:27 <shrimp1989dspinfo> yeah everyone made fun of them for that so in response they sold a hat that said hat in the same typeface
18:14:54 <shrimp1989dspinfo> the bicep stripes are confusing brcuase like
18:15:00 <shrimp1989dspinfo> they're adidas jerseys, right?
18:15:11 <shrimp1989dspinfo> but htey have 4 stripes so they look like knockoffs
18:16:09 <mikev> blues outshot 7-1 4 minutes in
18:16:16 <mikev> this team is smoke and mirrors atop the west
18:20:29 <shrimp1989dspinfo> hockey tomorrow.....
18:20:48 <shrimp1989dspinfo> i really hope we don't lose but we lost last night which is the first time we've lost two consecutive games since november
18:20:49 <shrimp1989dspinfo> lol
18:20:55 <shrimp1989dspinfo> at least we lost in ot and got a point
18:25:01 <mikev> just took out a young drake and a bunch of reptile worshippers
18:25:04 <mikev> lets go
18:25:26 <shrimp1989dspinfo> do what now
18:26:01 <mikev> fighting in desert wastelands
18:26:21 <mikev> always feels like desert levels are tough in rpgs
18:26:22 <shrimp1989dspinfo> oh lmao i thought you were still talking about hockey
18:27:10 <NORG> wot are u playin mike
18:27:15 <NORG> still cyber bunk?
18:27:40 <shrimp1989dspinfo> poe right?
18:28:17 <mikev> ya
18:28:21 <mikev> i quit cp2077
18:28:26 <NORG> ooo
18:28:27 <mikev> got annoyed and had the crpg itch
18:28:37 <NORG> Gl
18:28:41 <NORG> theres way too much crap in that game
18:28:45 <NORG> for me to stick w/ it
18:29:31 <shrimp1989dspinfo> i'm gonna dl dolphin and play rhythm heaven fever
18:31:14 <mikev> missed a goal, blues down 1-0
18:31:17 <mikev> yawn
18:31:48 <shrimp1989dspinfo> i want ryan graves to get a goal
18:33:16 <shrimp1989dspinfo> The GameCube Vault now has every game in the world. Of the 1929 known discs only three are missing, and are now featured on the front page of the GameCube Vault for anyone to upload. Over time Redump will discover new discs or fix bad dumps, so each night an automatic scan will flag those games for the community to easily upload them. Consider the GameCube Vault a preview of what's to come for all of The Vault.
18:33:19 <shrimp1989dspinfo> damn that's cool
18:33:23 <shrimp1989dspinfo> vimm's lair ftw
18:34:05 <ajj> vimms lair ftmfw
18:34:17 <ajj> ive been playing old ps2 and gamecube games for the past few months
18:34:22 <shrimp1989dspinfo> it looks like there are only two gamre missing now
18:34:24 <shrimp1989dspinfo> games*
18:35:25 <shrimp1989dspinfo> i think the next few months will be full of new games for a change
18:35:36 <shrimp1989dspinfo> but it's nice to have all these games to play when i'm done
18:36:13 <mikev> what games
18:36:43 <bonegar> *trying to remember video games not named Elden Ring* ... can't
18:37:01 <shrimp1989dspinfo> kirby, rune factory 5, chrono cross
18:37:29 <shrimp1989dspinfo> klonoa later on
18:37:53 <shrimp1989dspinfo> there are a couple others but a few big ones this month/next month so i don't need to worry about what i'm gonna play for a bit
18:39:33 <shrimp1989dspinfo> ajj what games have you been playing
18:39:45 <dreddybajs> i beat elden ring
18:39:52 <shrimp1989dspinfo> !! congrats
18:39:56 <ajj> noiceee dreddy
18:40:08 <dreddybajs> thank u thank u...
18:40:14 <ajj> shrimp1989dspinfo for gamecube rpgs i really liked baten kaitos and lost kingdoms 
18:40:17 <alansmithee_> nice
18:40:18 <dreddybajs> good 100 hours of my life
18:40:29 <alansmithee_> you gonna do a ng+/
18:40:31 <dreddybajs> yea
18:40:32 <dreddybajs> lol
18:40:35 <dreddybajs> cant get enough
18:40:43 <alansmithee_> so what's the difference in ng+/
18:40:45 <dreddybajs> i dunno if i'll do ng+ or restart with a lvl 1 char
18:40:47 <bonegar> i have to play dungeon and dragon soon... let the sand bagging commence
18:40:51 <shrimp1989dspinfo> nice ajj
18:40:55 <shrimp1989dspinfo> lol bonegar
18:40:57 <dreddybajs> idk, in dark souls you kept all your levels and gear and the enemies got harder
18:41:02 <alansmithee_> ahh ok
18:41:06 <shrimp1989dspinfo> good luck on your quest
18:41:07 <dreddybajs> i kinda hope its different in this one
18:41:25 <alansmithee_> yeah i don't have any idea lol
18:41:59 <alansmithee_> i was busy all day yesterday so didn't get to play much. i gotta get back into it today
18:42:09 <dreddybajs> the jellyfish knight must go forth
18:42:24 <bonegar> couldnt you get pretty high in the NG+ like NG+7 or something
18:42:33 <dreddybajs> yea
18:46:40 <shrimp1989dspinfo> dreddybajs lmk when you're done with irish gamer friends and want to switch to us gamer friends
18:47:45 <Homie_in_a_geod> shrimp1989dspinfo here you go https://usercontent.irccloud-cdn.com/file/pl14YZio/1646592453.JPG
18:47:57 <shrimp1989dspinfo> lmao that kicks ass
18:47:58 <Homie_in_a_geod> https://usercontent.irccloud-cdn.com/file/OxdtgONm/1646592476.JPG
18:48:09 <shrimp1989dspinfo> i love it
18:48:31 <Homie_in_a_geod> my goal is to bring this to the beach this summer and drink a nutcracker out of it
18:48:39 <shrimp1989dspinfo> what is a nutcracker
18:49:03 <Homie_in_a_geod> these premixed cocktails that guys go down the beach selling illegaly at rockaway and coney island
18:49:12 <shrimp1989dspinfo> rofl
18:49:32 <Homie_in_a_geod> it can be any number of things in it really but generally i would say you got cognac and blue curaçao in there for sure
18:50:25 <Homie_in_a_geod> Nutcrackers frequently consist of liquors such as vodka, rum, tequila and cognac, mixed with fruit juice, Kool-Aid or candy. They are sold mainly during the summer on the streets and on the beaches, and come in cups or small plastic bottles.
18:50:29 <Homie_in_a_geod> yup
18:50:39 <shrimp1989dspinfo> candy
18:50:53 <Homie_in_a_geod> i never had one with candy in it but makes sense
18:51:09 <shrimp1989dspinfo> jolly rancher lean
18:52:18 <Homie_in_a_geod> i get why you put jolly ranchers in lean but i don’t really understand why you’d put them in a liquor and fruit juice cocktail
18:52:34 <shrimp1989dspinfo> extra fruit flavor
18:54:33 <Nude_Riker> probably because you want to taste the jolly rancher
18:54:56 <Nude_Riker> and also are not very creative in your Mixology
18:55:07 <shrimp1989dspinfo> let's ask jon taffer
18:55:21 <Nude_Riker> lol
18:55:47 <Nude_Riker> taffer would blow up "name brand jolly ranchers? you're wasting money! get generic!"
18:56:23 <shrimp1989dspinfo> are there generic jolly ranchers?
18:56:27 <shrimp1989dspinfo> i'm thinking about this
18:56:33 <shrimp1989dspinfo> idk if i've ever seen any
18:57:10 <Homie_in_a_geod> theres lots of generic hard candies but idk if any of them are exactly like jolly ranchers
18:58:36 <Nude_Riker> taffer would buy them a tub of jolly rancher syrup and a $10k dispenser machine that gets broken and they cant afford to service as soon as he leaves
18:58:40 <Homie_in_a_geod> i wanna figure out how to foster another cat and see if mango could get along with another cat
18:58:53 <Homie_in_a_geod> he lived with some cats when he was an outdoor cat so i think he could do it
19:00:03 <shrimp1989dspinfo> lmao Nude_Riker
19:00:06 <NORG> the_tasteful_nerd have u seen lola montes
19:00:17 <shrimp1989dspinfo> i miss the old eps where all the bars were nasty and he just made them clean for 20 min of the ep
19:00:40 <shrimp1989dspinfo> Homie_in_a_geod oyu can contact basically any rescue near you and ask about fostering opportunities
19:00:43 <Homie_in_a_geod> have you ever heard the jon taffer quote about the only time he ever cried in a club shrimp1989dspinfo 
19:00:50 <shrimp1989dspinfo> i'm not sure
19:00:57 <Nude_Riker> its so good
19:01:04 <Nude_Riker> and you HAVE to look up the context after
19:01:32 <shrimp1989dspinfo> this scenario sounds vaguely familiar but i don't knoe
19:01:38 <dreddybajs> hmm yeah im just 1 shotting everything in ng+
19:02:06 <Homie_in_a_geod> https://usercontent.irccloud-cdn.com/file/PxX7ckvh/image.png
19:02:29 <dreddybajs> https://usercontent.irccloud-cdn.com/file/6qUVxoBv/image.png
19:03:10 <Homie_in_a_geod> please read this shrimp1989dspinfo 
19:03:19 <Nude_Riker> https://www.youtube.com/watch?v=JV-vMAIOKWA
19:03:23 <Nude_Riker> no listen to  that
19:03:32 <ajj> lmfao Homie_in_a_geod i think about that all the time
19:03:33 <ajj> https://www.youtube.com/watch?v=JV-vMAIOKWA
19:03:37 <ajj> fuuu
19:03:40 <Nude_Riker> haha
19:03:43 <ajj> its so fucking funny lmfao
19:03:47 <ajj> i love john taffer
19:03:57 <Homie_in_a_geod> and here is the robot in question https://www.youtube.com/watch?v=2aJN0CtyLME
19:04:05 <Nude_Riker> he's such a thoroughly ridiculous man
19:04:18 <shrimp1989dspinfo> lmfao WAIT I DO REMEMEBR
19:04:20 <shrimp1989dspinfo> ahahahaha
19:04:21 <Homie_in_a_geod> now, if you've seen the movie rocky iv, you might think to yourself, 'that robot looks a lot like the robot from rocky iv'
19:04:27 <Homie_in_a_geod> there's a good reason for this:
19:04:30 <Nude_Riker> "that was out robot"
19:04:32 <Homie_in_a_geod> it is the robot from rocky iv
19:04:44 <NORG> lol
19:04:44 <shrimp1989dspinfo> my roommat eshowed me this a while ago
19:04:47 <shrimp1989dspinfo> i remember this
19:04:48 <Homie_in_a_geod> they bought the robot from rocky iv and set it up to dance with women at the nightclub
19:04:49 <shrimp1989dspinfo> it's amazing
19:04:52 <ajj> lmfao
19:05:01 <Nude_Riker> god i love how he keeps repeating the robot's voice line
19:05:03 <Homie_in_a_geod> i called into the best show once and told tom scharpling about this
19:05:41 <Homie_in_a_geod> i think the part where he says the one song that ever moved him to tears with its beauty was my sharona is also underrated
19:06:00 <the_tasteful_nerd> norg nah
19:06:09 <the_tasteful_nerd> the ophuls joint right
19:06:09 <shrimp1989dspinfo> wow, check this place out
19:06:12 <NORG> ya
19:06:13 <NORG> get on it
19:06:18 <the_tasteful_nerd> i will
19:06:28 <the_tasteful_nerd> been meaning to watch some more of his crap
19:06:44 <the_tasteful_nerd> im watching there was a crooked man rn
19:06:47 <the_tasteful_nerd> its ftw
19:08:56 <Homie_in_a_geod> i need to make a couple cuts from this deck
19:10:25 <NORG> why dont you cut the cheese
19:13:56 <dreddybajs> cut the crap
19:14:09 <ajj> aew ppv 2nite ftw
19:14:39 <het> Homie_in_a_geod: btw I'm gonna be up in NYC the first week of May, we should get lunch/dinner or something
19:34:32 <the_tasteful_nerd> .gis anus
19:35:11 <shrimp1989dspinfo> lol dreddybajs the dragon flame thing sucks
19:35:22 <ajj> yeah the dragon spells seem kinda doodoo
19:35:49 <shrimp1989dspinfo> i just spent a bunch of time leveling up arcane because i assumed it would be better than the fireball
19:35:55 <shrimp1989dspinfo> but it's weak
19:37:00 <dreddybajs> lol aw no
19:40:48 <ajj> at least leveling up arcane makes you get more item drops
19:42:42 <dreddybajs> yeah i started again a nd im gonna try arcane build
19:46:19 <NORG> my friend just beated the game
19:46:22 <NORG> 85 hrs v_v 
19:46:46 <dreddybajs> it took me 100
19:48:03 <shrimp1989dspinfo> i want to go back to playing botw
19:48:49 <NORG> do it
19:48:57 <NORG> sheldon ring will be there
19:49:02 <shrimp1989dspinfo> i probably will
19:49:24 <shrimp1989dspinfo> i'm annoyed i spent one hour in the rune farms for a stupid dragon spell
19:57:04 <mikev> Looks like I made the right choice I’m not watching the game
19:57:13 <shrimp1989dspinfo> did you lose
19:57:19 <mikev> They’re down 2-0
19:57:42 <shrimp1989dspinfo> rip
20:03:34 <NORG> Mike bitching about the blues all year every year Challenge. Success!!!
20:05:20 <mikev> All their advanced stats are bottom 15 in the league
20:06:15 <shrimp1989dspinfo> we have a dogshit powerplay
20:06:32 <mikev> Blues are in playoffs bc of their special teams
20:06:34 <shrimp1989dspinfo> pk got a little better but 
20:06:45 <shrimp1989dspinfo> bad pp
20:11:15 <dreddybajs> anyone wanna drop me their Reduvia dagger in elden if theyre not using it
20:11:21 <dreddybajs> i made a new dex/arcane char and i want to dual wield em >:D
20:11:48 <NORG> what does special teams mean in hockey
20:13:53 <the_tasteful_nerd> kirk douglas ftw
20:14:10 <the_tasteful_nerd> gay actor kirk douglas
20:15:34 <dreddybajs> gay guitarist kirk hammett
20:16:23 <shrimp1989dspinfo> that's a cool dagger
20:16:31 <shrimp1989dspinfo> i ahven't beaten any of the bloody hunters yet
20:17:01 <the_tasteful_nerd> gun
20:20:39 <Homie_in_a_geod> wheres benji
20:20:49 <Homie_in_a_geod> het: fuck yeah
20:21:00 <Homie_in_a_geod> i would definitely be down and sydney would too
20:21:09 <Homie_in_a_geod> what you comin up for
20:25:21 <NORG> lol the_tasteful_nerd its rly good
20:25:28 <NORG> i hadnt even heard of it until i saw it on that mank collection
20:25:37 <the_tasteful_nerd> yeah me neither
20:25:56 <the_tasteful_nerd> seemed like one of those million late period kirk movies that are middling
20:26:04 <the_tasteful_nerd> but, it rocks
20:26:09 <NORG> the end was very funny
20:26:14 <the_tasteful_nerd> lmao yeah
20:26:23 <the_tasteful_nerd> henry fonda also ftw
20:27:06 <the_tasteful_nerd> really wish criterion channel had a better browse feature
20:28:29 <the_tasteful_nerd> gotta watch more Mank before it goes away
20:28:38 <NORG> these ppl are legitimately insane to me
20:28:43 <NORG> https://letterboxd.com/aspecht/stats/
20:28:46 <the_tasteful_nerd> but i dont think ill find the time for cleopatra
20:29:27 <the_tasteful_nerd> lol 4k films not a one before 1980?
20:29:35 <the_tasteful_nerd> am i seeing this correctly
20:29:58 <NORG> like 2 each year ya
20:30:20 <the_tasteful_nerd> lol watch bo burnham special 8 times
20:31:01 <Homie_in_a_geod> what if he was bo bundem
20:31:50 <NORG> how about "no" nurnham
20:31:59 <the_tasteful_nerd> good t shirt for me to get https://www.terminalclassic.com/product/vagabond-t-shirt
20:32:39 <NORG> i think its about time for me to binge through some shitty franchise again soon
20:33:04 <the_tasteful_nerd> what will it be this tome
20:33:09 <the_tasteful_nerd> how about Kings Man
20:33:20 <NORG> ive already seen the 1st 2 i wanna go in fresh
20:33:35 <the_tasteful_nerd> hm. whats a franchise for norg to watch
20:33:40 <dreddybajs> f&f
20:33:43 <NORG> https://letterboxd.com/collections/
20:33:54 <the_tasteful_nerd> how about you watch poison ivy and all its dtv sequels
20:34:19 <NORG> maybe the conjuring + extended conjurverse
20:34:22 <the_tasteful_nerd> theres already a knives out 3 announced?
20:34:33 <NORG> now that's a mystery
20:35:15 <the_tasteful_nerd> how about
20:35:20 <the_tasteful_nerd> how to train your dragon
20:35:27 <NORG> lol
20:35:57 <the_tasteful_nerd> you could watch those agatha christie movies from the 70s and the branagh remakes
20:36:10 <NORG> .g conjuring extended universe
20:36:16 <NORG> thank u wikipedia
20:37:10 <NORG> lmfao
20:37:15 <NORG> here you go mikev https://letterboxd.com/films/in/red-notice-collection/by/release-earliest/size/large/
20:37:27 <the_tasteful_nerd> hell yeah
20:37:51 <the_tasteful_nerd> bread notice
20:38:09 <the_tasteful_nerd> thinking about how last night i nailed the exact length of world on a wire off the top of my head
20:38:11 <the_tasteful_nerd> swish
20:38:32 <NORG> tahts what we like to hear
20:38:42 <NORG> https://puu.sh/INbOM/8a37aca67a.png 
20:38:59 <the_tasteful_nerd> lol
20:39:10 <the_tasteful_nerd> collections are quite possibly the lamest thing on lboxd
20:39:18 <NORG> they make no sense a lot of the time
20:39:20 <NORG> like the lupin one there
20:39:22 <the_tasteful_nerd> u should just keep plugging away at the zatoichi
20:39:26 <NORG> ya
20:39:31 <NORG> zatoichi + bond
20:39:32 <the_tasteful_nerd> im up to number uh 17 or 18 i think
20:39:41 <NORG> 9 is my next 1
20:40:10 <the_tasteful_nerd> let me see if that ones good
20:40:55 <the_tasteful_nerd> oh yeah that ones kinda weak
20:41:35 <the_tasteful_nerd> i was dissapointed a bit in zatoichi's pilgrimage
20:41:55 <the_tasteful_nerd> that one should have just been a picaresque of him going to all the shrines
20:42:00 <the_tasteful_nerd> no fighting
20:42:19 <NORG> i hope he plays chess against the chess expert
20:43:59 <the_tasteful_nerd> i have to watch samaritan zatoichi and then i get to see zatoichi vs yojimbo
20:44:12 <Homie_in_a_geod> are you gonna watc hrevolution tonight norg
20:44:15 <NORG> yes
20:44:25 <Homie_in_a_geod> whats the good place to watch it
20:44:45 <NORG> dont know
20:44:49 <dreddybajs> someone should stream it on discord imo
20:44:53 <dreddybajs> so we can all hang and watch
20:45:04 <Homie_in_a_geod> i think i need to make 10 cuts from this deck
20:45:10 <Homie_in_a_geod> hard to make cuts
20:45:26 <dreddybajs> damn dex bleed build is really fuckin fun
20:45:27 <dreddybajs> in elden
20:45:39 <Homie_in_a_geod> id watch it on the discrod
20:46:00 -!- registered_mirc [~void@B0650E17.4518A346.2DB44557.IP] has joined #phiz
20:46:34 <dreddybajs> some1  could buy it and we could split 
20:46:36 <dreddybajs> how much is it
20:46:56 <NORG> its $20 on fite.tv but im going to be illegally streaming it
20:47:12 <dreddybajs> wow wont support the company..
20:49:21 <alansmithee_> i'd watch in discord
20:49:46 <alansmithee_> haven't watched a ppv for wressting in forever
20:51:16 <alansmithee_> the_tasteful_nerd: also is zatoichi better than lone wolf and cub? 
20:51:39 <the_tasteful_nerd> yes imo
20:52:08 <the_tasteful_nerd> but it depends on what you want out of the movies i suppose
20:55:06 -!- this_fellow_kermit [uid252679@synIRC-E4851C6.helmsley.irccloud.com] has joined #phiz
20:56:32 -!- lettrist [~letty@synIRC-77688CA5.dyn.plus.net] has joined #phiz
20:56:40 <lettrist> lettrist pulls out his A game here on a Sunday night. He's going STRONG and representing. Isou in the house! Step to and u will KNOW the power of the letter!
20:56:48 <this_fellow_kermit> die bitch
20:56:53 <lettrist> https://en.wikipedia.org/wiki/Scunthorpe_problem
20:59:20 <dreddybajs> i used to know a guy from scunthorpe that i played discworld MUD with
20:59:22 <dreddybajs> he was a real piece of shit
21:02:26 <lettrist> lol
21:02:38 <Homie_in_a_geod> you wanna help me make 13 cuts to this edh deck dreddybajs 
21:02:44 <dreddybajs> ya sure
21:02:57 <lettrist> discworld MUD is a supremely deep cut
21:03:10 <Homie_in_a_geod> https://www.mtggoldfish.com/deck/4647812#paper
21:03:13 <Homie_in_a_geod> this is what ive got rn
21:03:26 <dreddybajs> i was a beast on there lettrist 
21:03:27 <dreddybajs> pvp master
21:03:40 <lettrist> lol, i believe it
21:03:52 <dreddybajs> elesh norn seems a bit win-more Homie_in_a_geod 
21:04:48 <dreddybajs> do you have a farseek to replace rampant growth with?
21:05:01 <dreddybajs> oh i guess that doesnt work if you only have a couple duals
21:05:49 <Homie_in_a_geod> actually i fucked up
21:05:52 <dreddybajs> oh and you have a nature's lore anyway lol
21:06:01 <dreddybajs> adventurous impulse seems like an easy cut
21:06:02 <Homie_in_a_geod> its actually 14 cuts lol i missed a land
21:06:09 <Homie_in_a_geod> if you reload it should be the right number now
21:06:25 <Homie_in_a_geod> elesh does seem a bit win-more, so does parhelion tbh although its more on theme
21:06:26 <dreddybajs> generally i err on the side of finding expensive spells to cut first
21:06:34 <dreddybajs> yeah parhelion can probably go too
21:06:48 <dreddybajs> maybe big elspeth too
21:07:03 <Homie_in_a_geod> big elspeth too good on the theme imo
21:07:10 <Homie_in_a_geod> +1 for 3 tokens is reall good
21:07:12 <dreddybajs> yea
21:07:44 <Homie_in_a_geod> other than adventurous impulse i sort of feel like there might still be too much ramp
21:07:48 <dreddybajs> welcoming vampire seems a bit weak seeing as it only triggers once a turn
21:07:58 <lettrist> guys, is dark souls the best game to play if I want to start playing the dark souls games?
21:08:05 <Homie_in_a_geod> yeah true
21:08:14 <alansmithee_> idk about whispersilk cloak
21:08:15 <Homie_in_a_geod> same with maja
21:08:17 <dreddybajs> lettrist: i would skip straight to dark souls 3 unless you have a penchant for older janky games
21:08:24 <Homie_in_a_geod> yeah whispersilk cloak was definitely on the shortlist for a cut
21:08:42 <dreddybajs> ds1 is a classic and created the genre basically but it's very frustrating and old-feeling in a lot of places
21:08:43 <Homie_in_a_geod> actually
21:08:48 <dreddybajs> ds2 is very controversial, it's marmite
21:08:50 <Homie_in_a_geod> whispersilk is kind of a nonbo with a lot of shit in the deck
21:08:59 <Homie_in_a_geod> because it would stop me tapping emmara
21:09:00 <dreddybajs> ds3 is univerally loved and has huge quality of life and modern updates compared to ds3
21:09:10 <dreddybajs> oh yeah true Homie_in_a_geod 
21:09:31 <Homie_in_a_geod> im not sure about wandering emp
21:10:03 <alansmithee_> parnhelion is kinda meh as well imo
21:10:08 <Homie_in_a_geod> yeah i cut parhelion
21:10:20 <Homie_in_a_geod> im going to make a list of stuff that is borderline
21:10:34 <dreddybajs> Homie_in_a_geod: do you have a decree of justice?
21:10:37 <dreddybajs> that would go well
21:10:43 <Homie_in_a_geod> borderline: i do not
21:10:47 <Homie_in_a_geod> i should probablt get one
21:10:59 <Homie_in_a_geod> er
21:11:01 <Homie_in_a_geod> yeah i dont
21:11:02 <alansmithee_> divine visitation is kinda a nombo with a few of your dudes
21:11:13 <Homie_in_a_geod> in what way
21:11:54 <alansmithee_> it turns everything to angels, and you got a few things that rely on either other creature types or a a variety in the case of battle
21:12:11 <alansmithee_> like knight captain needs soldiers, etc
21:12:19 <Homie_in_a_geod> eh i mean if im at the point where im churning out a lot of angels i think im not really worried about that
21:12:36 <dreddybajs> yeah agree with tom there 
21:12:48 <alansmithee_> oh i agree, but i'd either cut it or other things
21:12:51 <dreddybajs> after you resolve that, every token making spell in the deck is making multiple angels
21:12:53 <dreddybajs> pretty hard to beat
21:13:02 <lettrist> do i need to know the story before I go into ds3?
21:13:16 <alansmithee_> also is esper sentinel just a generic tax card? 
21:13:44 <Homie_in_a_geod> esper sentinel is just extra card draw/tempo domination, feels like an auto include in most white decks at this point
21:13:44 <dreddybajs> no lettrist 
21:14:04 <alansmithee_> yeah i kinda agree, i'm also just not sure your power level or w/e typically
21:14:05 <dreddybajs> the lore is connected to dark souls 1, and there are some callbacks, but the plot/lore in ds is very secondary to the game and cryptic anyway
21:14:27 <dreddybajs> you could watch a couple of dark souls 1 vaatividya lore videos if you want, because theyre very good anyway
21:14:35 <dreddybajs> dark souls 2 has a completely separate plot/lore to 1 and 3
21:15:29 <lettrist> interesting
21:15:56 <dreddybajs> basically all you need to know is that theres something called the First Flame which is keeping it to be the current Age of Fire, and every time the fire is going to go out, a champion is called forth to relight the flame
21:16:02 <Homie_in_a_geod> borderline: scute (i love scute but since this isnt a lands deck idk), sad robot (don't know if it's really necessary here), maja (anthem and token gen is good, but its kind of pricy and the token gen is only on lands), wandering emperor (just not sure about it), join the dance and raise the alarm (kind of low power even though they're on theme; join is better because of the flashback), fecundity (not sure it's worth 
21:16:02 <Homie_in_a_geod> sinking mana into something that's only good if my stuff is dying?), some ramp stuff
21:16:10 <dreddybajs> in dark souls 1 that's the basic plot, and in dark souls 3 it's the same except you're many generations in the future
21:16:46 <lettrist> do u think  they will do a dark sould game and there are guns
21:16:47 <Homie_in_a_geod> im not certain about force of virtue but it seems good
21:16:57 <dreddybajs> yes lettrist , it exists and is called bloodborne
21:17:10 <lettrist> wtf
21:17:53 <dreddybajs> lettrist: also if you look around you should be able to pick up ds3 for 15 euro or so most of the time
21:17:55 <alansmithee_> Homie_in_a_geod: i agree with all of those basically. also is there a particular point in shield of the oversoul? 
21:18:22 <Homie_in_a_geod> yeah thats protection for emmara
21:18:49 <Homie_in_a_geod> makes it so i can attack with her without any drawbacks if i dont have something else out to tap her
21:18:52 <NORG> dark souls 1 is so good
21:18:54 <alansmithee_> ehh do you need it? she's pretty cheap to recast regardless, and you got more than enough other tokens
21:19:10 <alansmithee_> i guess depends on how many cuts you still need
21:19:46 <dreddybajs> i agree with alansmithee_ there, idk how much you need to focus on protecting a 2 mana commander
21:19:49 <Homie_in_a_geod> well im going to cut scute, solemn, maja, and raise the alarm for sure, which puts me needing 5 more i think
21:19:51 <dreddybajs> esp when your deck functions without her
21:20:22 <dreddybajs> if you have a copy of teferi's protection i'd use that as your protection spell 
21:20:26 <shrimp1989dspinfo> dark holes
21:20:32 <Homie_in_a_geod> i have one but its already in another deck
21:21:16 <Homie_in_a_geod> its part of the stupidest combo ever with lethal vapors and grand abolisher
21:21:33 <Homie_in_a_geod> which allows you to infinitely skip your turn for the rest of the game and be impossible to interact with
21:21:36 <shrimp1989dspinfo> why are all these gamers online but not hanging out in voice
21:21:37 <shrimp1989dspinfo> curious
21:21:45 <alansmithee_> fecundity may be good to protect from board wipes a bit but idk
21:22:05 <Homie_in_a_geod> yeah i kind of like fecundity for getting value from chumping too
21:22:30 <dreddybajs> i can come hang now
21:22:31 <Homie_in_a_geod> since im not really destroying stuff i dont care about the symmetrical effect
21:22:37 <Homie_in_a_geod> im getting in voice
21:22:41 <shrimp1989dspinfo> hell yeah
21:22:47 <dreddybajs> on vc
21:24:51 <alansmithee_> gideon ally of zendicar may be ok. i know you're trying to cut cards but a dude who makes a token or can pop an anthem isn't terrible
21:25:57 <alansmithee_> i also liked triumph of the horde for my edh token-y decks
21:26:33 <Homie_in_a_geod> wow shrimp1989dspinfo.
21:26:36 <Homie_in_a_geod> good talking to u.
21:26:39 <shrimp1989dspinfo> my mic is not WORKIGN
21:26:47 <Homie_in_a_geod> :(
21:27:18 <this_fellow_kermit> 9:08 PM <dreddybajs> ds1 is a classic and created the genre basically but it's very frustrating and old-feeling in a lot of places
21:27:29 <this_fellow_kermit> its the best one by far
21:27:34 <this_fellow_kermit> idc what letty does though 
21:34:58 <lettrist> i am gonna play only dark souls 2, it seems leftfield and great!
21:40:01 <this_fellow_kermit> i remembered another song that should be on the phiz mixtape
21:40:07 <this_fellow_kermit> KOH LEE RIDDIM
21:41:08 <this_fellow_kermit> thats 2 lost media things that would be on there
21:44:48 <Homie_in_a_geod> this_fellow_kermit: i have something important to show you
21:45:44 <this_fellow_kermit> what is it
21:46:01 <Homie_in_a_geod> did you know that theres an RMS magic the gathering card
21:46:05 <this_fellow_kermit> no
21:46:07 <Homie_in_a_geod> check it out https://usercontent.irccloud-cdn.com/file/TK0q2KKk/image.png
21:46:15 <this_fellow_kermit> lol
21:46:18 <this_fellow_kermit> hahaha
21:47:41 <Nude_Riker> lol
21:49:40 <this_fellow_kermit> https://usercontent.irccloud-cdn.com/file/dLEI8lvz/image.png
21:53:00 <mikev> squeezy jam
21:53:09 <Nude_Riker> ^^^^^^
21:53:18 <Nude_Riker> i NEED the advert man video
21:53:56 <this_fellow_kermit> https://usercontent.irccloud-cdn.com/file/xGKWuXWW/image.png
21:54:46 <this_fellow_kermit> To those who don't know he is not on crack﻿ it is meant to take the piss out of artists who blatantly do product placements for no reason.
21:54:47 <this_fellow_kermit> 4rvinder 1 month ago
21:54:49 <this_fellow_kermit> not sure about that 
22:14:06 <NORG> who are these ppl: conrequereror Worm & ointment man
22:14:27 <this_fellow_kermit> thats your mom
22:14:38 <NORG> Hi mom
22:15:14 <NORG> good news benji i got one of the Uber Rare summon drops in ff4 by sheer luck. That will save some grinding later :D :D
22:15:21 <this_fellow_kermit> nice
22:15:24 <this_fellow_kermit> i havent played that one
22:16:22 <this_fellow_kermit> i dont like this backup mouse im using
22:32:33 <NORG> lol Nude_Riker what a haul
22:37:09 <registered_mirc> which one norg, only one ive ever gotten was imp
22:38:10 <NORG> ya imp
22:55:56 -!- ehn [uid253142@synIRC-3B43673D.helmsley.irccloud.com] has joined #phiz
23:06:10 <bonegar> the dungeon master did a 'giant enemy crab joke' and kept saying 'hint hint' when nobody laughed and was so pleased with himself
23:06:18 <bonegar> i think i should just start saying 'shut up i'll kill you'
23:08:46 <NORG> lol
23:09:51 <Nude_Riker> NORG, the movies?
23:10:01 <NORG> ya
23:10:02 <Nude_Riker> yeah im expecting at least 2/3 to suck lol
23:10:17 <Nude_Riker> i couldnt pass up the cover of that uh skeleton western horror?
23:12:31 <bonegar> https://i.imgur.com/HDGGYF3.png showing this to australians to scare them
23:16:56 <Nude_Riker> feel like im dying after eating the free donut at the movie place
23:17:09 <bonegar> oh no
23:17:13 <bonegar> i hope you didnt get poisoned
23:18:50 <Nude_Riker> its because i hadnt had carbs in a week, i was going to keep that going but it seemed rude to not eat the donut
23:18:53 <Nude_Riker> so now i have beer
23:19:35 <bonegar> i had 1 beer, the correct amount of beers
23:19:44 <bonegar> perhaps i will have 1 more beer next sunday
23:21:31 <Nude_Riker> i will have 1-6 beers, not clear at this time
23:21:42 <Nude_Riker> no adderall today so i will feel drunk and tired sooner
23:23:03 <mikev> eating dried squid and pollock
23:23:22 <bonegar> sounds good
23:24:18 <bonegar> gonna stretch, take a nice long shower, then do a cozy evening elden ring sesh
23:25:09 <ajj> nice
23:25:12 <ajj> i just beat moon lady
23:25:42 <bonegar> nice
23:25:45 <bonegar> thats a cool fight
23:25:55 <mikev> usagi.....
23:27:16 <the_tasteful_nerd> fuck ur
23:27:18 <Nude_Riker> i would not beat a lady but thats just me
23:27:32 <ajj> lol
23:27:40 <bonegar> matt's the sanji of the chat and this makes all the sense in the world
23:27:48 <ajj> rofl
23:29:35 <NORG> https://twitter.com/visegrad24/status/1500147298520768515
23:31:59 <Nude_Riker> god every time i read something about nfts its the stupidest thing ive ever read
23:32:06 <Nude_Riker> https://twitter.com/SHL0MS/status/1494446592463720448
23:32:15 <Homie_in_a_geod> lmfao
23:32:18 <mikev> lmao
23:32:19 <Homie_in_a_geod> https://twitter.com/jdawsey1/status/1500325620789743622
23:32:44 <this_fellow_kermit> lmfao
23:32:45 <this_fellow_kermit> hahahahahah
23:32:51 <this_fellow_kermit> god hes so fucking cool
23:32:56 <Nude_Riker> who's sanji
23:33:07 <mikev> hfboards ftw
23:33:09 <mikev> I'm not going to offer specific names of who we should look at and where they fit in capwise. It's been talked about to exhaustion at this point. However, I'm starting to believe the best route to go as far as defensive upgrades it targeting multiple productive players rather than going after one big fish. A fourth line upgrade in the Clutterbuck or Barclay Goodrow mold would also be a welcome addition, imo.
23:34:10 <Homie_in_a_geod> trump ftw
23:34:34 <the_tasteful_nerd> .gis pig stink
23:35:00 <Nude_Riker> .gis sanji
23:35:16 <Nude_Riker> "Black Leg" Sanji,[6] born as Vinsmoke Sanji,[25][26][27] is the cook of the Straw Hat Pirates.
23:35:18 <Nude_Riker> nice
23:35:22 <the_tasteful_nerd> .gis pumping your body and expanding your mind
23:35:27 <mikev> Vinsmoke
23:35:36 <this_fellow_kermit> https://katharosswe.bandcamp.com/album/of-lineages-long-forgotten
23:35:44 <this_fellow_kermit> this seems good even though it has the objectively worst mteal production style
23:49:29 <Nude_Riker> going to download the first season of one piece to find out about sanji
23:50:57 <NORG> ah, what a show
23:58:50 <the_tasteful_nerd> *under my breath* ...one piece of shit .......
23:59:15 <shrimp1989dspinfo> ^
