00:00:00 <NORG> but...sadly...i still need some zenithian parts before i am given entry into zenithia
00:00:07 <shrimp1989dspinfo> i will pray for your continued success
00:00:43 <dreddybajs> omg
00:00:47 <dreddybajs> i wanna watch shrimp1989dspinfo  but im on da cord
00:00:51 <dreddybajs> is it good
00:00:52 <shrimp1989dspinfo> lmao
00:01:08 <shrimp1989dspinfo> this is a big deal because he has insisted for years that he doesn't watch any streamers
00:01:24 <shrimp1989dspinfo> and in this video he admits to watching THREE different elden ring streamers
00:01:54 <shrimp1989dspinfo> it's good in that he's just saying a bunch of stupid bullshit as usual and walking back things he's said previously
00:02:24 <registered_mirc> lmao here's an epic shot https://www.instagram.com/p/CbBWrJAvpFT/
00:02:38 <shrimp1989dspinfo> oh my gosd
00:02:42 <shrimp1989dspinfo> that's amazing
00:03:06 <registered_mirc> pretty sure that is on the PCH
00:03:07 <shrimp1989dspinfo> https://usercontent.irccloud-cdn.com/file/7BhsQ1aJ/image.png
00:03:15 <shrimp1989dspinfo> for the wrestlebros in chat
00:04:35 <Brad_Feet> i went to gbs
00:04:36 <Brad_Feet> not
00:04:36 <shrimp1989dspinfo> https://www.instagram.com/p/Ca5AJe8pkw6/
00:04:37 <Brad_Feet> good
00:04:58 <registered_mirc> GBS. Very funny.
00:05:18 <registered_mirc> nice car
00:05:27 <registered_mirc> i would tear up da streets in that bad boy
00:05:57 <Brad_Feet> does TFR still exist? its unlurkable. their discord wants me to auth so i've refused to do so for years, i just spam cool pdfs in the automated auth bot channel
00:06:23 <Brad_Feet> they accidentally had a ukraine war channel accesible to invalid members like me which was cool for a few days until they realized im that one fucker
00:06:46 <shrimp1989dspinfo> i feel like it got quarantined or something
00:06:53 <registered_mirc> 100% that one fucker
00:06:59 <shrimp1989dspinfo> i remember reading somethign about it
00:07:26 <Brad_Feet> hmmm, so rap subforum that needs to be blessed by central valley rap, but no gun subforum
00:07:40 <Brad_Feet> nnnope
00:09:00 <shrimp1989dspinfo> wehn did fyad finally get nuked because i think it was around that time
00:09:21 <shrimp1989dspinfo> i could be entirely wrong
00:09:55 <Brad_Feet> tfr was nothing like gip, there was sick gats, and gr8 deals and savings
00:10:24 <NORG> u are wrong ya
00:10:38 <NORG> ppl got fyad closed for like 3 months but right after fyad got closed they said
00:10:44 <NORG> Excellent news. Now...about this gun forum.
00:10:52 <NORG> but nothin happened
00:10:53 <shrimp1989dspinfo> thank you
00:11:01 <ajj> lol
00:11:03 <shrimp1989dspinfo> i stopped keeping track but assumed they got it shut down as well
00:11:06 <Brad_Feet> so is it just unlurkable now? or is it there?
00:11:08 <shrimp1989dspinfo> i'm sorry i was WRONG
00:11:13 <registered_mirc> also fyad still exists
00:11:17 <NORG> u are forgiven
00:11:28 <shrimp1989dspinfo> ty
00:11:30 <NORG> it might be behind paywall ya idk
00:11:44 <shrimp1989dspinfo> i remember it came back but i remember tfr was part of it
00:11:44 <NORG> https://forums.somethingawful.com/forumdisplay.php?forumid=132
00:11:47 <shrimp1989dspinfo> and norg explained that
00:12:00 <Brad_Feet> ok yeah thats blocked, but it works for you, so it exists?
00:12:07 <NORG> ya
00:12:08 <Brad_Feet> cause thats a ten bux deciding factor right there
00:12:22 <Brad_Feet> thanks, been asking for like 6 months and no one explained it
00:13:28 <registered_mirc> shoulda said you dont need it explained, im sure someone would step up to explain it to you when you didnt ask for it
00:13:46 <Brad_Feet> im confuse
00:14:13 <registered_mirc> kim jong goon https://i.imgur.com/Jijywyu.png
00:14:20 <Brad_Feet> https://youtu.be/EN4JaIZS5-g
00:14:35 <registered_mirc> shitical thinkin
00:14:56 <dreddybajs> im stremmin my char crisis
00:15:07 <dreddybajs> on discord
00:15:09 <dreddybajs> come hang yall
00:15:12 <registered_mirc> https://i.imgur.com/Vv6jtIn.jpg
00:16:10 <bonegar> who is that
00:16:38 <Brad_Feet> its weird grass
00:16:58 <shrimp1989dspinfo> cool asparagus
00:17:12 <shrimp1989dspinfo> dreddy i can hop on in....... roughly 1h45m
00:17:18 <shrimp1989dspinfo> i'm watchin something
00:18:10 <dreddybajs> nice
00:18:15 <shrimp1989dspinfo> mpg this insty acct you linked is really funny
00:18:22 <shrimp1989dspinfo> https://www.instagram.com/p/CZ8hrx4rrS0/ love this
00:18:23 <registered_mirc> old man shoes?
00:18:25 <registered_mirc> yeah it's the best
00:18:35 <shrimp1989dspinfo> https://www.instagram.com/p/CZKmS03Py_v/ this is also epic
00:18:48 <registered_mirc> oh yeah
00:18:53 <registered_mirc> i love that one. what a moment
00:19:07 <shrimp1989dspinfo> look at this photograph of look at this photograph
00:19:12 <registered_mirc> that was a different take from the actual video too
00:19:19 <registered_mirc> since in the final release he is holding it with his other hand
00:19:19 <shrimp1989dspinfo> lmao
00:19:23 <shrimp1989dspinfo> lmfao
00:20:34 <shrimp1989dspinfo> a stink bug just landed on my damn head
00:20:55 <dreddybajs> buí had to get stronger eyedrops to beat her lazy eye from kitten flu thats hung around
00:20:59 <dreddybajs> and now shes so lethargic
00:21:08 <dreddybajs> shes lying on top of my pc tower to get the heat from it 
00:21:10 <shrimp1989dspinfo> aww bui ):
00:21:33 <shrimp1989dspinfo> is it a reaction to the eye drops?
00:21:54 <registered_mirc> https://www.instagram.com/p/CajMxIHr3wQ/
00:22:02 <registered_mirc> real gamer shit
00:22:30 <shrimp1989dspinfo> she's using arrow keys instead of wasd lmfao
00:22:41 <shrimp1989dspinfo> excellent setup
00:22:42 <registered_mirc> yeah i think that dates the photo pretty well
00:22:56 <the_chasteful_turd> baggit
00:23:00 <registered_mirc> actually i dont know precisely when wasd because the standard
00:23:04 <registered_mirc> it wasnt always that way
00:23:16 <registered_mirc> but that pic looks like 2004
00:23:48 <shrimp1989dspinfo> i'm pretty sure by 04 a lot of games were using wasd
00:24:03 <registered_mirc> yeah i think that's true
00:24:30 <shrimp1989dspinfo> a couple people in the comments said it's hl2 deathmatch so
00:24:39 <shrimp1989dspinfo> late 04 or 05
00:25:05 <registered_mirc> those panels were not cheap back then either
00:25:31 <registered_mirc> LCD maybe
00:25:38 <registered_mirc> not LED
00:26:03 <bonegar> gonna see if i can get another controller to work on my pc
00:26:14 <registered_mirc> what else you got?
00:26:48 <shrimp1989dspinfo> dreddybajs plays with a switch pro controller so i'm certain you can find somethign that works
00:27:33 <registered_mirc> i would donate a ps4 controller to you but you will get your new one before it would get to you im sure
00:27:34 <bonegar> found another controller
00:27:43 <shrimp1989dspinfo> https://usercontent.irccloud-cdn.com/file/AkjBVz2M/image.png
00:27:52 <the_chasteful_turd> lol
00:27:53 <registered_mirc> lol
00:28:32 <shrimp1989dspinfo> lmfao i'm losing my mind over that and my roommate messaged me "you humor?"
00:28:35 <shrimp1989dspinfo> i guess i'm laughing too loud
00:28:46 <registered_mirc> you humor?
00:28:53 <shrimp1989dspinfo> this comes from the classic video
00:29:08 <registered_mirc> i dont know that one i guess
00:29:13 <shrimp1989dspinfo> oh holy shit i can't find it
00:29:14 <shrimp1989dspinfo> hang on
00:29:20 <registered_mirc> you humor? is pretty funny on its own without context
00:29:29 <shrimp1989dspinfo> oh phew
00:29:29 <shrimp1989dspinfo> https://www.youtube.com/watch?v=fI72YYT8__I
00:29:52 <shrimp1989dspinfo> you wanna see somethign really humor?
00:29:59 <registered_mirc> lol
00:30:11 <Brad_Feet> why is that real gamer shit one even posted though? the only thing wrong with that picture is the monitor is angled back a bit
00:30:12 <shrimp1989dspinfo> so we always ask like
00:30:14 <registered_mirc> lol
00:30:18 <registered_mirc> that video
00:30:19 <registered_mirc> hahaha
00:30:22 <shrimp1989dspinfo> "what's humor" instead of "what's funny"
00:33:59 <shrimp1989dspinfo> Clyde Allen Fightmaster II, 39, on or about June 25, seven counts endanger life of a child
00:34:01 <shrimp1989dspinfo> this guy's name is cool
00:35:01 <registered_mirc> oh shiiiii
00:35:02 <registered_mirc> https://www.instagram.com/p/Ca-nq8hvzbc/
00:35:52 <shrimp1989dspinfo> epic
00:36:00 <Brad_Feet> coolest name is my former coworker Quentin Winford the 4th https://www.instagram.com/winford.quentin/
00:36:01 <shrimp1989dspinfo> at my mom's house once we had 5 baby possums fall from the ceiling
00:36:03 <Brad_Feet> goddamn he fucking rules
00:36:15 <registered_mirc> lol shrimp
00:36:16 <shrimp1989dspinfo> lmao this guy ftw
00:36:24 <shrimp1989dspinfo> Just chillin. Hmu. If you on psn.... Definitely hmu. Qdogg73. Holla gamers n get your game on.
00:36:41 <registered_mirc> get your game on
00:36:44 <Brad_Feet> he brought the original pc packaging for wasteland to work one day, he was a beast on DOS bro
00:36:55 <shrimp1989dspinfo> whoa
00:36:56 <shrimp1989dspinfo> that's sick
00:37:01 <Brad_Feet> he also boned his gf in the office and got fired for playing hacky sack with a hard drive and breaking the library window
00:37:06 <shrimp1989dspinfo> lmfao
00:37:09 <Brad_Feet> he's fucking incredible
00:37:10 <registered_mirc> lmao
00:37:16 <the_chasteful_turd> lmao
00:37:26 <registered_mirc> shrimp1989dspinfo: this one too https://www.instagram.com/p/CbAic6xOMXt/
00:37:29 <Brad_Feet> pristine mullet with cornrows, sort of Kip from napoleon dynamite btu so much more
00:37:46 <shrimp1989dspinfo> oh my god he's eating noodles
00:38:43 <Brad_Feet> how do possums manage to be cute when their eyes are like the definition of what's supposed to be scarey
00:38:59 <registered_mirc> roundness
00:39:21 <shrimp1989dspinfo> is this a limp bizkit shirt https://usercontent.irccloud-cdn.com/file/Xh7Gw0Ex/image.png
00:39:29 <registered_mirc> there's probably some geometry involved
00:39:33 <registered_mirc> cuteness geometry
00:39:47 <shrimp1989dspinfo> or like... one of those numetal bands
00:40:22 <registered_mirc> it does look like the bizkit
00:40:44 <Brad_Feet> probly, i used to play hella dubstep in the office in like 06 and he came in throwing the horns "im the firestartaaaaaaaa"
00:40:55 <registered_mirc> hahah
00:41:40 <the_chasteful_turd> lol
00:41:51 <Brad_Feet> its weird cause he looks like he might be a jerk but hes so wholesome and kind
00:42:00 <shrimp1989dspinfo> lmfao HELL yes
00:42:03 <shrimp1989dspinfo> he seems really epic
00:44:10 <Brad_Feet> also im not 100% sure but she does match the unique proportions of said 2006 boning, she's the one commenting that hes cute https://www.instagram.com/jessica_allen20123/
00:44:38 <registered_mirc> Jessica Investment
00:49:49 <shrimp1989dspinfo> jesus christ
00:50:01 <shrimp1989dspinfo> i want to see a photo of them together
00:51:46 <the_chasteful_turd> lmao the mull dog is goin ham on ig
00:57:50 <shrimp1989dspinfo> who
01:09:05 <registered_mirc> lol tight https://youtu.be/ZDYQPy-NKZ4
01:10:15 <Brad_Feet> goin hram
01:11:45 <registered_mirc> broham
01:30:49 <dreddybajs> new drip https://usercontent.irccloud-cdn.com/file/sYVxe6FV/image.png
01:34:25 <the_chasteful_turd> lookin bulbous
01:39:20 <Homie_in_a_geod> .gis stinkdick
01:40:09 <Homie_in_a_geod> hoping that the marinade of the steak we are having tonight will not have added significant caloric content
01:40:26 <Homie_in_a_geod> becauase i am just going to plug in 'flank steak' and hope thats good enough
01:42:40 <HellaBrad> yeah you dont have to worry about marinade, 30 cals at most id say
01:45:34 -!- mpg [~void@B0650E17.4518A346.2DB44557.IP] has joined #phiz
01:49:39 <Homie_in_a_geod> lmao the rangers scored 4 in a row after going down 2-0 in the first
01:49:41 <Homie_in_a_geod> woot
01:50:12 <shrimp1989dspinfo> lol
01:51:12 <shrimp1989dspinfo> ah shit the game on tuesday is at 1030p
01:51:33 <the_chasteful_turd> if the marinade is oil heavy id just log like half a tbsp of oil to get in the ballpark
01:51:46 <the_chasteful_turd> or if it has sugar id just log the sugar
01:52:02 <Homie_in_a_geod> this one has red wine mainly
01:52:10 <Homie_in_a_geod> and herbs
01:52:13 <the_chasteful_turd> those are the only things that really move the needle in a marinade
01:52:19 <Homie_in_a_geod> im just gonna log it as steak idk\
01:52:31 <the_chasteful_turd> https://www.instagram.com/reel/CbAzu21AMjB/?utm_medium=copy_link
01:52:50 <Homie_in_a_geod> i think the meatballs we made this week are overestimated on fat because it logs in the raw meat
01:54:12 <NORG> Funky like a chunky monkeh
01:55:14 <Homie_in_a_geod> i logged the meat in these meatballs as 50% ground beef and 50% ground pork but they were actually 25% ground beef and 75% bolognese blend from the butcher which is some combo of beef/pork/veal
01:55:34 <Homie_in_a_geod> and i think all of it is a lot leaner than what is in the app, disregarding even the amount that obviously cooks off
01:56:21 <the_chasteful_turd> yeah meat is trickier if you dont know exactly how lean
01:56:45 <Homie_in_a_geod> no real way of knowing with the ground stuff from the butcher i dont think
01:57:22 <Homie_in_a_geod> ill just give myself a little more leeway on days where i eat stuff where i think thats applicable i guess
01:58:56 <the_chasteful_turd> yeah and the calorie target is really the important one
02:07:28 <shrimp1989dspinfo> https://usercontent.irccloud-cdn.com/file/x4yJcRxj/20220312_210715.jpg
02:07:49 <HellaBrad> peter getting his daily screen time, very important
02:07:50 <NORG> catboard
02:08:17 <NORG> Ur keyboard is bright
02:08:23 <shrimp1989dspinfo> oh yeah it is
02:08:30 <shrimp1989dspinfo> i turned the brightness down
02:08:31 <shrimp1989dspinfo> lol
02:12:08 <Brad_Feet> "turn your rgb down, it's upsetting the cat"
02:12:14 <shrimp1989dspinfo> lmao
02:12:36 <Homie_in_a_geod> don’t think i actually ate this much fat today but whatever https://usercontent.irccloud-cdn.com/file/3iPYUcln/IMG_8209.PNG
02:12:53 <Homie_in_a_geod> massively under on carbs every day is kind of cool i guess
02:13:24 <Homie_in_a_geod> i actually feel full today for once
02:13:42 <bonegar> where are you getting most of your fats?
02:21:57 <ajj> thats what my roomies did, cut carbs mostly 
02:22:45 <mpg> [kevin gates voice] fats fats fats fats fats
02:24:23 <Homie_in_a_geod> bonegar: today it was mostly from the meatballs i mentioned before
02:24:57 <Homie_in_a_geod> steak dinner had less
02:25:44 <Homie_in_a_geod> leftover (homemade) pizza had some from the cheese on it but i didn’t really put too much on this time
02:26:10 <bonegar> yah just noticed you said you were meeting your fat goals a lot more quickly than other cals
02:26:45 <Homie_in_a_geod> yup
02:27:37 <Homie_in_a_geod> earlier this week it made sense seeing as our leftovers were carnitas and mac & cheese so both very fatty
02:28:43 <Homie_in_a_geod> i still think it’s overshooting but even still it’s pretty tough to get as much protein as it asks for without also getting a lot of fat, and the fat goal is much lower than the other ones
02:36:16 <bonegar> yeah there are only a few high protein low fat options in general i think
02:36:51 <bonegar> mostly fish and lean cuts
02:36:59 <mpg> just downloaded a docu called mystery of the carpathian sphinx
02:37:04 <mpg> sounds fucking sik
02:37:38 <bonegar> then maybe some beans, and maybe some yogurts that are reduced fat
02:37:49 <mpg> eat the beans
02:39:50 <bonegar> shrimp is good too, oyster
02:45:24 <Homie_in_a_geod> i’ve never really cooked seafood apart from putting shrimp in a gumbo
02:46:14 <bonegar> yea it can be a bit daunting.. i also think tilapia is gross
02:46:20 <Homie_in_a_geod> i’ve always sort of been afraid to cook fish
02:46:32 <Homie_in_a_geod> always think i’m going to screw it up
02:46:33 <bonegar> yea it can be expensive and easy to mess up
02:46:38 <Homie_in_a_geod> yeah
02:46:54 <Homie_in_a_geod> underdone or overdone fish are both terrible and the window is very tight
02:46:55 <bonegar> but nothing wrong with some canned tuna and frozen shrimp imo
02:47:11 <Homie_in_a_geod> canned tuna is very gross to me
02:47:12 <bonegar> yeah and getting a good chunk of like halibut is pricey
02:48:03 <bonegar> i'm pretty ok with tuna salad sandwich with some kewpie mayo and diced jalapeno pickles and onion, but by itself it's pretty blegh
02:48:29 <bonegar> i think if you do some foil baked whitefish to keep in the moisture it can be pretty easy
02:48:48 <bonegar> but soucing seafood is hard in general i think
02:48:52 <bonegar> sourcing
02:49:51 <mpg> time for fantasy final fantasy
03:00:13 <mikev> i'm never going to stop
03:00:16 <mikev> https://twitter.com/IndieWire/status/1502691388537909248
03:02:08 <bonegar> lol
03:04:33 <mpg> lol
03:04:48 <mpg> wtf the remade cube
03:04:53 <mpg> i didnt know that
03:05:01 <mpg> japanese?
03:05:40 <mpg> damn downloading this immediately
03:05:44 <Homie_in_a_geod> https://twitter.com/clipart1994bot/status/1502814468606156802?s=21
03:05:58 <mpg> michaelsoft
03:07:31 <shrimp1989dspinfo> there's a japanese cube??
03:07:33 <shrimp1989dspinfo> wham ftw
03:07:41 <mpg> it came out october 2021
03:07:46 <shrimp1989dspinfo> link
03:08:03 <shrimp1989dspinfo> wait nvm i found the imdb
03:08:37 <mpg> seems like it could be pretty sick
03:08:49 <mpg> original cube rules
03:08:52 <mpg> ofc
03:09:00 <shrimp1989dspinfo> laughing at a 4.7 rating
03:09:24 <mpg> yeah
03:09:26 <mpg> fools
03:09:43 <mpg> it would have to be pretty bad for me to think its a 4.7
03:09:48 <shrimp1989dspinfo> same
03:20:34 <dreddybajs> now streaming kate bush christmas special 1979
03:53:19 <dreddybajs> shrimp1989dspinfo: 
03:54:16 <NORG> the_chasteful_turd https://twitter.com/Variety/status/1502839949212545028
03:58:28 <dreddybajs> sam elliott literally thinking he's a cowboy ftw
03:58:40 <dreddybajs> isn't he from Oregon or something
04:49:32 -!- ehn [uid253142@synIRC-3B43673D.helmsley.irccloud.com] has joined #phiz
05:18:22 -!- antiracist_baby [uid252679@synIRC-E4851C6.helmsley.irccloud.com] has joined #phiz
05:18:23 <antiracist_baby> ur mr gay
05:19:51 <ehn> i always thought you were mr gay
05:25:36 <Homie_in_a_geod> please. mr gay is my father
05:27:40 <ajj> lol
05:42:59 <antiracist_baby> https://www.youtube.com/watch?v=FdgSzBs6kBQ
05:49:39 <Homie_in_a_geod> miri ftw
05:50:30 <eric> moew
05:53:17 -!- ajj2 [~ajj4@2C349263:CE21968C:FAA93AE2:IP] has joined #phiz
05:55:06 <eric> https://youtu.be/CMVbx7ZzLyI?t=360 powering on battle station
05:56:38 <antiracist_baby> ijf
05:57:07 <eric> stinky
06:10:22 -!- alansmithee_ [uid458341@synIRC-4DF85143.uxbridge.irccloud.com] has joined #phiz
06:52:48 <Homie_in_a_geod> lmao https://twitter.com/mattgrossmann/status/1502629899244384264?s=21
07:12:06 <ehn> pelosis double d plan
08:52:43 -!- mandarin_toni [~meogre@synIRC-DB7A2128.dhcp.inet.fi] has joined #phiz
10:15:06 <antiracist_baby> The heather cock, black cock or gray foul (Tetrao tetrix) is a muckle gemme bird in the groose faimily.
11:42:44 <the_chasteful_turd> muckle gemme
12:32:37 <Melber> rly frustrating that the weather absolutely sucks on the day i really have to demo my porch
12:41:52 <the_chasteful_turd> lol yeah
12:41:57 <the_chasteful_turd> its been like that for weeks i feel
12:42:10 <the_chasteful_turd> every fuckin weekend some dog shit weather, this past sunday excluded i guess
12:55:10 <the_chasteful_turd> slink
13:05:41 <the_chasteful_turd> lmao https://www.instagram.com/p/CbC1nV-uh0L/?utm_medium=copy_link
13:11:31 <shrimp1989dspinfo> aaagghhhhh
13:11:35 <shrimp1989dspinfo> rune factory 5 looks BAD
13:11:57 <shrimp1989dspinfo> it looks like they let gamefreak develop it
13:19:22 <the_chasteful_turd> bumme
13:19:23 <the_chasteful_turd> r
13:19:58 <shrimp1989dspinfo> i'm watching some jp gameplay and i think it might just be that the crops look insane next to the ps2-era everything else
13:20:00 <shrimp1989dspinfo> https://usercontent.irccloud-cdn.com/file/LC3iluOS/image.png
13:23:16 <the_chasteful_turd> lol
13:23:24 <the_chasteful_turd> B
13:44:57 -!- Nude_Riker [~Riker@50571BB:A2E038DA:4B02321D:IP] has joined #phiz
13:49:51 <bonegar> pune
13:53:59 <Nude_Riker> pune?
13:57:07 <Nude_Riker> i told myself this weekend i would plan my move somewhat... not sure about that right now
14:00:35 <Homie_in_a_geod> b
14:01:32 <bonegar> did you pick a place to move to?
14:01:37 <bonegar> also yea 'pune'
14:03:30 <Nude_Riker> bonegar, well, back in with my parents. i mean the logistics, dates and such
14:03:39 <bonegar> well...
14:03:42 <Homie_in_a_geod> we were supposed to go to ikea today but the thing we want is out of stock as is uh, apparently almost everything else at ikea
14:04:18 <bonegar> i guess what i mean to say is, if you pick a place to move into, then you'll have a set move in date and you can plan everything around that
14:04:23 <bonegar> that's what i'd do, i guess
14:04:57 <the_chasteful_turd> pune
14:05:03 <bonegar> was just saying this
14:05:05 <Nude_Riker> i have a place to move in to, and the date is "before my lease expires"
14:05:09 <the_chasteful_turd> rip ikea
14:05:21 <bonegar> is it your mom's place?
14:05:35 <Nude_Riker> it is my mom and dad's place in hood river
14:05:38 <bonegar> you're not understanding what i'm saying i guess.
14:05:45 <Nude_Riker> i guess not
14:05:51 <bonegar> no prob
14:06:41 <bonegar> is this just property own or do they live there
14:06:45 <the_chasteful_turd> need moe cofey
14:06:49 <bonegar> they
14:06:52 <bonegar> pune
14:07:06 <the_chasteful_turd> june?
14:07:22 <Nude_Riker> it is the home they own and live in, which i lived in until moving to los angeles
14:07:35 <the_chasteful_turd> .gis give it up for your boys
14:08:41 <bonegar> i'd probably break my lease and move and not get my deposit back
14:09:19 <Nude_Riker> they were supposed to be mostly on the boat for the forseeable future so i would have it to myself, but last week my mom said actually they're selling the boat now
14:09:44 <bonegar> lol
14:09:48 <bonegar> is that a hint?
14:09:50 <Nude_Riker> so, not as Stoked about this as i was
14:10:08 <Nude_Riker> no, they will be happy to have me around
14:10:44 <Nude_Riker> whether i am happy to be around them idk, same for having the cats around them, remains to be seen
14:11:39 <bonegar> sounds like a nightmare to me but every family is different and i have to respect this
14:11:56 <Homie_in_a_geod> mpg: https://twitter.com/ecto_fun/status/1502756599642873858?s=21
14:12:35 <Nude_Riker> no idea where i will go after moving back in with them, cant afford anywhere in hood river anymore
14:12:58 <bonegar> this is why i think you should consider finding a place to live
14:13:23 <Nude_Riker> hopefully i can have a nice summer of being with all my hometown friends at least
14:14:10 <bonegar> everything you are saying is very worrying to me lmao sorry i'll hush
14:14:55 <bonegar> hospice voice: hello old friend
14:14:58 <Nude_Riker> there is no better place at the moment that i can think of, that is where my friends are
14:16:10 <Homie_in_a_geod> ploobis
14:16:15 <bonegar> pune
14:16:30 <Nude_Riker> punebis
14:18:01 <Nude_Riker> the sun has melted most but not all of the snow from yesterday, still 25 degrees outside. stupid weather
14:18:13 <Homie_in_a_geod> bulb
14:19:31 <Nude_Riker> in one of my dreams last night no one would believe me that the car needed snow tires back in oregon
14:24:17 <antiracist_baby> im laughing at the name of this album
14:24:23 <antiracist_baby> https://www.youtube.com/watch?v=9u3MOvWuLH4
14:24:26 <antiracist_baby> Where Fear and Weapons Meet
14:27:43 <Homie_in_a_geod> that sounds like a cool place to be
14:30:22 <Homie_in_a_geod> lol https://twitter.com/bostonnooga/status/1502708882128445450?s=21
14:30:28 <Homie_in_a_geod> wwe ftw
14:35:46 <bonegar> if that's what i think it is underneath the hat that's an insanely good look
14:45:46 <Nude_Riker> forgot about daylight savings time, that explains how i thought i closed my eyes and slept an extra hour this morning
14:45:50 <Nude_Riker> i was proud of that dangit
14:47:05 <bonegar> lol
14:47:06 <bonegar> even i knew
14:47:31 <the_chasteful_turd> 10:18:01 AM <Nude_Riker> the sun has melted most but not all of the snow from yesterday, still 25 degrees outside. stupid weather
14:47:49 <the_chasteful_turd> dude when i was driving home yesterday i couldnt see like 10 ft in front of me in places
14:47:54 <the_chasteful_turd> truly insane bullshit for march
14:48:03 <Nude_Riker> weather ftl
14:48:15 <the_chasteful_turd> 10:24:18 AM <antiracist_baby> im laughing at the name of this album
14:48:21 <the_chasteful_turd> lol i liked that album but the named is v funny
14:49:53 <antiracist_baby> Butch
14:49:57 <bonegar> weather rules, it's society's fault for not inviting it to the table
14:50:49 <the_chasteful_turd> its bad
14:51:04 <antiracist_baby> BostonNooga
14:51:18 <the_chasteful_turd> i sat outside and drank beer on friday in the sun and the following day it was fuckin slapping fat snowflakes on my miserable face as thw wind cut thru my jacket
14:51:23 <the_chasteful_turd> bad
14:52:45 <bonegar> <antiracist_baby> BostonNooga
14:54:17 <antiracist_baby> https://www.discogs.com/artist/1012261-Where-Fear-And-Weapons-Meet
14:54:18 <antiracist_baby> wth
14:54:24 <antiracist_baby> i guess this must be a reference to something but i cant find out what
14:54:45 <bonegar> .g face scrunching explainer
15:01:34 <Homie_in_a_geod> pull my cock im Gay??
15:02:11 <Homie_in_a_geod> my good tweat yesterday got the most likes i’ve gotten in a while
15:02:23 <Homie_in_a_geod> woot
15:05:05 <the_chasteful_turd> which one the deuteronomy 
15:05:24 <bonegar> da like liker
15:06:17 <the_chasteful_turd> .g "where fear and weapons meet"
15:06:21 <the_chasteful_turd> lol
15:06:24 <the_chasteful_turd> .g "where fear and weapons meet" -1914
15:06:31 <the_chasteful_turd> .g "where fear and weapons meet" -1914 -CD
15:06:39 <the_chasteful_turd> .g "where fear and weapons meet" -1914 -CD -hardcore
15:06:44 <the_chasteful_turd> .g "where fear and weapons meet" -1914 -CD -hardcore -weapon
15:10:05 <mpg> lol Homie_in_a_geod, good NIN comment
15:21:35 <Homie_in_a_geod> https://usercontent.irccloud-cdn.com/file/bBYoZp21/1647184893.JPG
15:21:48 <Homie_in_a_geod> 11:05 AM <the_chasteful_turd> which one the deuteronomy
15:21:49 <Homie_in_a_geod> yes
15:22:48 <Homie_in_a_geod> ate small bacon egg n cheese for breakfast and already at half of allowed fat for the day
15:23:04 <Homie_in_a_geod> we are having fish for dinner at least so probably not much fat there
15:24:11 <mpg> im about to chug a red bull and get into some elden ring
15:24:17 <mpg> sunday baby
15:24:32 <bonegar> d&d was cancelled so i might go for a drive and a hike soon
15:24:46 <mpg> wow looks like someone's ready to "touch grass"
15:25:20 <mpg> wish it was easier for me to go on a hike, but alas i chose this city life
15:25:24 <bonegar> im always touching grass
15:25:31 <mpg> me too except its weed
15:25:35 <bonegar> it's very funny when people try to 'own' me by telling me to touch grass
15:25:48 <bonegar> 100% chance i've touched more grass than them, not even a question
15:25:51 <mpg> i'm sure you are aware that i was not actually trying to own you
15:26:15 <bonegar> ya that's why i said people and used the ' 
15:26:53 <bonegar> 'you must be fun at parties' 
15:28:10 <Homie_in_a_geod> .gis pickle hole
15:28:29 <mpg> i wish someone said that to me but it's never happened because i am obviously fun at parties
15:28:31 <bonegar> im supposed to go with a friend but they 'overslept' and 'need to shower'
15:28:46 <mpg> gotta shower to go outside
15:28:52 <Homie_in_a_geod> pun at farties
15:29:06 <bonegar> i think you hang around more suburban boomers you'll hear it
15:29:14 <mpg> ooof
15:29:28 <bonegar> it's their stock phrase
15:29:46 <mpg> put me in a wood coffin laser engraved with live laugh love
15:30:17 <bonegar> im annoyed because i want to go outside now, but i have to wait for someone who is currently not communicating
15:30:20 <Homie_in_a_geod> you can “touch grass” if you want; i will be “touching ass”
15:30:35 <mpg> that's what i always say
15:30:58 <bonegar> yea i bet you like touching yourself a lot har har
15:31:56 <scoop_jackson> i too overslept and need to shower
15:32:22 <Homie_in_a_geod> .gis howard hambone
15:32:30 <Homie_in_a_geod> lol
15:32:43 <mpg> that's him
15:35:46 <bonegar> ok an hour eta. finally.... time to play some elden ring
15:37:02 <the_chasteful_turd> 11:22:48 AM <Homie_in_a_geod> ate small bacon egg n cheese for breakfast and already at half of allowed fat for the day
15:37:09 <the_chasteful_turd> your allowed to eat more fat than that.
15:38:16 <antiracist_baby> penis
15:40:30 <the_chasteful_turd> ^
15:40:50 <bonegar> .g nutritional content of penis
15:41:07 <bonegar> god reddit sucks
15:41:52 <antiracist_baby> https://twitter.com/shidahikaru/status/1499962879390494724
15:41:57 <the_chasteful_turd> tom i think you should create a new macro program and choose low carb and medium protein if the fat level is bugging you too much
15:42:00 <antiracist_baby> I'm back to kick the ass!
15:43:27 <Homie_in_a_geod> the_chasteful_turd: idk i’m trying to wait until i have a fucking scale to adjust anything
15:43:47 <the_chasteful_turd> well yeah but hear me out
15:43:58 <bonegar> owning a scale isn't going to adjust that
15:44:12 <the_chasteful_turd> eating in a deficit gets a bit tougher as time goes on
15:44:31 <the_chasteful_turd> so the idea is to do the least amount to get results at the outset, knowing that you might have to ratchet up a bit later
15:44:49 <Homie_in_a_geod> actually owning a scale and giving the app weight measurements will in fact adjust things bonegar
15:44:54 <Homie_in_a_geod> that’s the way the app works
15:45:01 <the_chasteful_turd> so since we have no real idea whether you need to be eating as low as 1600 cals a day you might as well give yourself some breathing room
15:45:04 <Homie_in_a_geod> but i can’t give it those yet
15:45:11 <the_chasteful_turd> until you get the tools you need to have all the info
15:45:56 <the_chasteful_turd> i think 2000 cals is probably more than adequate at the moment and let yourself eat some more fat if you feel like it
15:45:58 <bonegar> i know you're frusterated but it sounds like you're making it harder for yourself
15:46:28 <the_chasteful_turd> the thing adjusts every monday based on the data but its not obv doing that yet because of no weight info
15:46:36 <Homie_in_a_geod> i’m not actually that frustrated right now
15:46:37 <bonegar> i dont see how weighing things would change the content of a BEC to be higher protein
15:46:54 <the_chasteful_turd> thats not what we're talking about here
15:46:58 <Homie_in_a_geod> i don’t know what you think you’re arguing against
15:47:14 <bonegar> you're mad about getting in too much fat and then you started talking about not having a scale
15:47:16 <the_chasteful_turd> yeah. we're talking about a bathroom scale to measure the weight of a human
15:47:22 <the_chasteful_turd> not food.
15:47:24 <Homie_in_a_geod> i’m not mad about anything
15:47:25 <bonegar> OOoooh
15:47:26 <antiracist_baby> https://twitter.com/andysignore/status/1424696120006123522
15:47:29 <bonegar> i thought he was weighing his food
15:47:30 <bonegar> lmao
15:47:30 <antiracist_baby> what band is this soyfacing guy wearing
15:47:31 <bonegar> omg
15:47:32 <bonegar> ok
15:47:42 <Homie_in_a_geod> i’m weighing my food and i do have a scale
15:47:53 <bonegar> then i dont really understand anything about what you're trying to do at all
15:48:04 <Homie_in_a_geod> i have a scale for my food
15:48:09 <Homie_in_a_geod> i don’t have a scale for my person
15:48:15 <Homie_in_a_geod> why is this confusing
15:48:23 <the_chasteful_turd> the app adjusts your calories by calculating your TDEE using how many calories you eat and what your weigh-ins are
15:48:25 <bonegar> i dont own a scale
15:48:28 <the_chasteful_turd> but w/o the scale to do weigh ins it cant do that
15:48:32 <Homie_in_a_geod> ok congrats i guess
15:48:36 <the_chasteful_turd> thats what we're alking about
15:48:39 <bonegar> that's why it's confusing
15:48:40 <bonegar> you asked
15:48:40 <the_chasteful_turd> I Don't Even Own A Scale
15:48:54 <bonegar> no, just keeping body metrics like that is useless to me
15:49:11 <eric> toms doing something different from you
15:49:13 <the_chasteful_turd> well its sorta required if you want to lose weight and quantify it in anyway
15:49:19 <bonegar> yes im answering why i was confused 
15:49:34 <the_chasteful_turd> if you're happy how you are, then of course you dont need to keep track of any of this shit
15:49:35 <bonegar> itsn ot at all required
15:49:49 <bonegar> in fact it's pretty fucking terrible for many people in my opinion but IF IT WORKS FOR U that's fine
15:50:11 <the_chasteful_turd> you need to be able to quantify SOMETHING if you want your weight to trend down reliably
15:50:31 <the_chasteful_turd> and steadily
15:50:40 <bonegar> i guess like, if you really cannot tell if your body is fat or not and have to rely on a number yea
15:51:06 <the_chasteful_turd> fat vs not fat is a pretty squishy metric vs an actual weight value
15:51:15 <antiracist_baby> whats your three size bonger
15:51:21 <bonegar> lol
15:51:29 <antiracist_baby> i found a very confuysing twitter guy
15:51:31 <antiracist_baby> https://twitter.com/IamTim_Gray/status/1482697933568937984
15:51:37 <antiracist_baby> possibly schizo
15:51:37 <the_chasteful_turd> intuitive eating is a skill and its not acquired overnight
15:51:46 <antiracist_baby> he tweets in 'japanese' that is just garbled characters also
15:51:47 <Homie_in_a_geod> 11:50 AM <bonegar> i guess like, if you really cannot tell if your body is fat or not and have to rely on a number yea
15:52:15 <Homie_in_a_geod> you’re right the problem is just that i’m too stupid to understand whether i’m losing weight and correctly doing habits to cause that to happen
15:52:19 <Homie_in_a_geod> glad we figured this out
15:52:21 <antiracist_baby> youre letting bonegar troll you tom
15:52:31 <the_chasteful_turd> im owning her with logic and facts.
15:52:33 <bonegar> you must be fun at parties
15:52:55 <Homie_in_a_geod> i am extremely not trolled
15:53:02 <antiracist_baby> https://twitter.com/IamTim_Gray/status/1376676550427353091
15:53:04 <antiracist_baby> look at this thread
15:53:07 <antiracist_baby> what is going on here
15:53:08 <bonegar> i'm not trolling, i just had very similiar frusterations and a different approach helped me a lot
15:53:09 <Homie_in_a_geod> i feel great and i am thriving in the chat
15:53:50 <antiracist_baby> https://twitter.com/IamTim_Gray/status/1390655949115846658
15:53:55 <antiracist_baby> the 'Binger'
15:54:21 <mpg> Unbothered. Moisturized. Happy. In My Lane. Focused. Flourishing. 
15:54:44 <antiracist_baby> bothered. unmoisturized.
15:55:22 <the_chasteful_turd> Biger
15:55:25 <Homie_in_a_geod> adderall. a glass of whisky. and diesel jeans
15:55:33 <shrimp1989dspinfo> ^^^^^^^^^^^^^^^^^
15:55:44 <scoop_jackson> lol
15:55:55 <the_chasteful_turd> ^
15:55:57 <mpg> diesel jeans seem good to me. i'm gonna buy a pair or three
15:58:40 <bonegar> .g does getting angry burn calories
15:58:55 <bonegar> oh cool, anger makes you fatter
15:59:07 <Homie_in_a_geod> anyway my point in pointing out the fat metrics is just that when i am logging my meals it becomes immediately apparent that things that i was doing before that i considered very normal are pretty much unilaterally resulting in me being told by the app that i am getting too much fat
15:59:25 <Homie_in_a_geod> it is a jarring thing that i’m not used to and i am taking about that here with my friends
16:01:09 <antiracist_baby> butch
16:01:31 <bonegar> yea
16:02:24 <the_chasteful_turd> yeah its just so calorically dense that its tough
16:02:25 <antiracist_baby> .gis the funny bitch
16:06:47 <Homie_in_a_geod> anyway i’ve been under on overall kcal every day
16:07:34 <Homie_in_a_geod> except the first day
16:08:31 <bonegar> having to eat is dumb as hell and whoever invented it is stupid to me
16:08:52 <Homie_in_a_geod> no disagreement there
16:10:12 <antiracist_baby> #Heardle #16
16:10:12 <antiracist_baby> 🔉⬛️🟩⬜️⬜️⬜️⬜️
16:10:12 <antiracist_baby> https://heardle.app
16:10:27 <antiracist_baby> can anyone best me on this
16:10:35 <scoop_jackson> ive been vascillating over whcih audiobook to listen to while i do my shit today for like an hour
16:11:01 <bonegar> reading that and imagining you on a toilet with big headphones on
16:11:27 <scoop_jackson> https://usercontent.irccloud-cdn.com/file/zB22jpBy/image.png
16:11:53 <scoop_jackson> u gave it away tho
16:12:32 <scoop_jackson> the only big headphones i have rn are in an unopened box
16:14:19 <bonegar> can i imagine those ones or...
16:15:13 <antiracist_baby> wheres noreg
16:15:53 <Homie_in_a_geod> https://twitter.com/clipart1994bot/status/1502844668870111233?s=21
16:16:15 <eric> lol
16:16:34 <Homie_in_a_geod> https://twitter.com/clipart1994bot/status/1502784264676458504?s=21
16:16:54 <Homie_in_a_geod> dick nose
16:17:12 <the_chasteful_turd> <Homie_in_a_geod> anyway i’ve been under on overall kcal every day
16:17:25 <the_chasteful_turd> well i'd say dont feel obligated to do this every single day since its already low
16:17:32 <the_chasteful_turd> unless its only like 50 cals under or w/e
16:19:03 <eric> If you're planning on running the treasures of the past you'll find here on real old Macintosh hardware from the 90's, you sir/madame, deserve to win an Internet! 
16:19:19 <the_chasteful_turd> lol
16:19:22 <Homie_in_a_geod> i’m trying to use it as a benchmark to figure out portions
16:19:24 <the_chasteful_turd> i love to win an internet
16:19:26 <Homie_in_a_geod> more or less
16:19:31 <the_chasteful_turd> that makes sense
16:19:32 <shrimp1989dspinfo> https://usercontent.irccloud-cdn.com/file/aSrFmoLL/image.png
16:19:54 <Homie_in_a_geod> i don’t have any kind of intuitive idea about what any given foods distribution of fat to protein to carb is tho
16:20:03 <Homie_in_a_geod> other than like obvious shit ie rice
16:20:06 <the_chasteful_turd> the idea is that the target is what you want to be at on average, so a day where ur under/over by 150 calories is ok
16:20:15 <Homie_in_a_geod> i see
16:20:22 <the_chasteful_turd> and as you go on you can look at like the previous week of data and it will tell you ur avg
16:20:25 <bonegar> yea, getting that knowledge will help a ton, also good pooping vegetables
16:20:33 <Nude_Riker> good poopin ftw
16:20:35 <Homie_in_a_geod> well i think i have already lost a little bit of weight
16:20:48 <bonegar> reverse engineering a good poop is a strong strat
16:20:52 <Homie_in_a_geod> i think my gut is sagging a bit less
16:21:01 <the_chasteful_turd> and also its no big deal to have a day here and there where ur +500-600 even because then likely you'll just be at maintenance calories
16:21:15 <the_chasteful_turd> and if you were at your target the rest of the week you're still in a deficit over the week
16:21:24 <Nude_Riker> i havent lost any weight being back on keto but my BMs are top notch rn
16:21:43 <the_chasteful_turd> matt's been greasin the skids
16:21:46 <Homie_in_a_geod> idk i’m not really freaking out about it like i was before
16:21:56 <bonegar> i ended up with a big bag of adzuki beans so i'm gonna be working a bean angle again
16:22:02 <Nude_Riker> the bean angler
16:22:06 <the_chasteful_turd> yeah after like 2 weeks it starts to settle into routine
16:22:26 <shrimp1989dspinfo> i'm making pickled mustard green
16:22:30 <Nude_Riker> i think i will drive out to H-Mart and hope they have a good mushroom selection rn and load up
16:22:31 <Nude_Riker> hell yeah shrimp1989dspinfo 
16:22:33 <bonegar> mustard green ftw
16:22:37 <Homie_in_a_geod> i have a decent enough idea at this point of like - i can have a decently sized smoothie in the morning, a small sandwich for lunch, and a reasonable portion of whatever we have for dinner and that’s fine
16:22:38 <bonegar> never pickled them though how's that work
16:22:47 <scoop_jackson> im going to hmart today too
16:22:52 <scoop_jackson> cuz its clsoe to the barber
16:22:52 <Nude_Riker> yeah are you doing a vinegar pickle or a lacto or what
16:23:04 <shrimp1989dspinfo> soy sauce, kombu, mirin, rice vinegar, chilis, sugar
16:23:07 <Nude_Riker> yumm
16:23:11 <bonegar> nice
16:23:22 <Homie_in_a_geod> https://usercontent.irccloud-cdn.com/file/X1kjxrHX/IMG_8210.PNG
16:23:25 <shrimp1989dspinfo> mix all that crap in a bag wit hthe mustard greens, put a weight on the bag, let it sit for 24h
16:23:32 <shrimp1989dspinfo> ez
16:23:35 <Homie_in_a_geod> this has been the whole week
16:23:39 <bonegar> ive only ever eaten the baby mustard greens fresh
16:23:43 <bonegar> never cooked w/ them or anything
16:23:46 <bonegar> .gis mustard greens
16:23:50 <shrimp1989dspinfo> i love mustard greens
16:23:53 <Nude_Riker> i usually eat mature mustard greens cooked
16:24:06 <bonegar> yea i think that's more common 
16:24:06 <Nude_Riker> theyre great, in all forms
16:24:15 <the_chasteful_turd> yeah i like to plan my stuff out so my biggest meal is dinner
16:24:16 <bonegar> just dunno much about it and YES im interested
16:24:24 <shrimp1989dspinfo> my biggest meal is lunch
16:24:27 <the_chasteful_turd> having a big meal before bed is better for me i think
16:24:30 <the_chasteful_turd> when im cutting
16:24:31 <shrimp1989dspinfo> if i eat a big dinner i wake up feeling really bad
16:24:40 <the_chasteful_turd> otherwise i run the risk of being hungry trying to go to sleep
16:24:41 <shrimp1989dspinfo> like there's glass in my stomach
16:24:48 <the_chasteful_turd> i mean its not like "big"
16:24:53 <the_chasteful_turd> but big in comparison 
16:24:56 <bonegar> i get the 'glass in my stomach' feeling whenever i eat chips
16:24:58 <Homie_in_a_geod> i certainly prefer to have a big dinner just based on what i have normally done for my entire life
16:25:00 <bonegar> ...and i like chips
16:25:03 <the_chasteful_turd> like 900 cals vs 500 cals for the other two
16:25:04 <shrimp1989dspinfo> yeah i know what oyu mean, i'm using big the same way
16:25:05 <bonegar> and i'm always self harming
16:25:20 <shrimp1989dspinfo> chips ftw
16:25:26 <the_chasteful_turd> crisps
16:25:31 <shrimp1989dspinfo> the glass feeling occurs most frequently for me when i eat hummus
16:25:34 <Homie_in_a_geod> i have never at any point really been a regular breakfast person and a lot of the time i just forget to eat during the day when i’m focused on work
16:25:34 <shrimp1989dspinfo> or lots of sesame
16:25:45 <Homie_in_a_geod> so dinner is often my only meal and always my largest meal
16:25:49 <Nude_Riker> you know whats a bad dinner? chip dinner
16:25:52 <shrimp1989dspinfo> wrong
16:26:03 <scoop_jackson> yeah hard for me to get out of the routine that dinner is the only real meal
16:26:16 <shrimp1989dspinfo> i get hungry around 9am and eat something small
16:26:21 <shrimp1989dspinfo> like apple or smoothie or w/e
16:26:30 <Nude_Riker> woke up and ate a filet of smoked trout and went back to bed
16:26:32 <shrimp1989dspinfo> then lunch is "big" and dinner is a smaller version of lunch
16:26:35 <Homie_in_a_geod> i’m typically barely even out of bed at 9 if at all
16:26:36 <shrimp1989dspinfo> but i eat snacks too
16:26:45 <antiracist_baby> watching combat zone wrestling tournament of death 2003
16:26:53 <antiracist_baby> first guy come out to disturbed stupify second guy come out to papa roach last resort
16:26:59 <Homie_in_a_geod> cool
16:27:06 <shrimp1989dspinfo> "big" lunch is like... salad in a slightly bigger bowl or like a medium bowl of slop or w/e
16:27:25 <Homie_in_a_geod> .y tragg’s trough
16:27:31 <Homie_in_a_geod> slop ftw
16:27:49 <Nude_Riker> .gis big lunch
16:27:51 <bonegar> i usually eat around 5 for my big meal. very midwestern
16:28:05 <Nude_Riker> .gis big lunch lunchly
16:28:18 <Nude_Riker> ew gross of course lunchly is some meal kit shit
16:28:43 <bonegar> today i ate.. two boiled eggs. and some old crackers. dunno if i'll eat again or not, depends on how the day goes
16:29:04 <the_chasteful_turd> i ate 4 boil egg
16:29:16 <Nude_Riker> today ive et smoked trout, for dinner probably a stir fry thing
16:29:27 <shrimp1989dspinfo> can't make pickled mustard greens... out of soy sauce
16:29:40 <shrimp1989dspinfo> i thought i had another bottle in the closet
16:29:44 <Nude_Riker> RIP
16:29:51 <eric> used to be so glamourous to work in tech https://web.archive.org/web/19971013015205fw_/http://www.berksys.com/cafeslack/takepic.html
16:29:58 <the_chasteful_turd> damn hate that feel
16:30:02 <the_chasteful_turd> the no soy sauce feel
16:30:03 <bonegar> lol
16:30:08 <Nude_Riker> oh right also im going to make chicken stock because i defrosted some 2 year old chicken feet
16:30:10 <eric> i ate cup of coff one toast and yogur
16:30:22 <bonegar> the odwalla fridge really says it all *ignoring the slide*
16:31:16 <the_chasteful_turd> old chickenfoot
16:31:20 <the_chasteful_turd> that sounds like a whiskey
16:31:35 <Nude_Riker> lol
16:32:05 <shrimp1989dspinfo> why did you buy chicken feet in the first place
16:32:10 <bonegar> https://en.wikipedia.org/wiki/Waubonsie_State_Park maybe i'll go here today
16:32:12 <shrimp1989dspinfo> what were you planning on doing with them
16:32:14 <Nude_Riker> to make stock
16:32:17 <shrimp1989dspinfo> ohh
16:32:32 <Nude_Riker> but i kept putting off using them because i didnt want to have to clean them
16:32:41 <shrimp1989dspinfo> cute park
16:32:49 <Nude_Riker> ive made stock many times in the meantime
16:32:56 <the_chasteful_turd> .l
16:32:58 <Nude_Riker> nice, it features loess
16:33:06 <bonegar> you know i love loess
16:33:20 <shrimp1989dspinfo> ya i can think of a couple times oyu've mentioned making stock which is why i was asking if you initially had other plans for the feet
16:33:21 <bonegar> Me, and Central China
16:33:22 <shrimp1989dspinfo> chicken tootsies
16:33:33 <the_chasteful_turd> .l cryme
16:33:49 <Nude_Riker> its kind of silly for me to drive this far mostly just for mushrooms, most of the other stuff i would buy there i wont buy because of not eating carbos
16:34:02 <Nude_Riker> but, i will. and hopefully there are other treats for me such as fish eggs
16:34:05 <bonegar> driving far for mushrooms is a Treat Yourself and You Should
16:34:08 <shrimp1989dspinfo> where are you going
16:34:10 <bonegar> 1. driving is nice
16:34:13 <bonegar> 2. mushrooms is nice
16:34:23 <bonegar> two nices alone there
16:34:25 <Nude_Riker> driving is nice sometimes, driving through the city and then on the highway isnt
16:34:38 <Nude_Riker> shrimp1989dspinfo, catonsville
16:34:44 <shrimp1989dspinfo> lotte plaza or hmart
16:34:47 <bonegar> you gotta make of it what you can
16:35:04 <Nude_Riker> i will probably go to both since ill be out there, hmart usually has better mushrooms
16:35:06 <bonegar> ok time for me to finally go BYE
16:35:35 <Nude_Riker> enjoy bonegar 
16:36:45 <shrimp1989dspinfo> have fun
16:36:52 <shrimp1989dspinfo> i usually went to lotte plaza
16:37:15 <shrimp1989dspinfo> sometimes hmart though
16:37:22 <Nude_Riker> yeah lotte has better veg selection, hmart has ramens
16:41:06 <shrimp1989dspinfo> ramen isn't keto :///////////
16:41:56 <eric> this guys cool https://i.imgur.com/DzonqLP.jpg
16:42:11 <shrimp1989dspinfo> yeah
16:42:27 <shrimp1989dspinfo> i was afraif of facing them for a while but they've got little guys in the back operating them who die easily
16:42:55 <eric> yeah they really made a mistake not putting a little door on there
16:43:04 <shrimp1989dspinfo> dumbasses
16:43:08 <shrimp1989dspinfo> don't they know how tanks work
16:46:02 <antiracist_baby> my mum is on tiktok
16:46:14 -!- mandarin_toni [mandarin_t@synIRC-DB7A2128.dhcp.inet.fi] has joined #phiz
16:47:11 <scoop_jackson> `id be surprised if my mom knows what tiktok is
16:47:48 <mandarin_toni> I wanna start eating 1 garlic clove a day. How do I get rid of the smell? (self.Garlic)
16:48:18 <shrimp1989dspinfo> why does he want to do that
16:48:34 <mandarin_toni> i didnt click
16:49:21 <the`shima> hi
16:49:47 <the_chasteful_turd> lol
16:49:52 <the_chasteful_turd> heart health maybe
16:50:37 <mandarin_toni> hard health
16:50:39 <mandarin_toni> .l
16:54:01 -!- ajj2 [~ajj4@EDADAE13:F87644E7:FAA93AE2:IP] has joined #phiz
16:55:43 <eric> im tired
16:57:12 <mpg> me 2 im gonna lay in bed today and maybe watch a movie
16:57:53 <mpg> smoke weed
16:58:53 <the_chasteful_turd> .l
16:58:58 <the_chasteful_turd> i've been to log world...
17:04:16 <the`shima> the ps5 is here ftw
17:04:26 <the_chasteful_turd> nice dan
17:06:05 <shrimp1989dspinfo> grats
17:07:35 <the`shima> i gotta book to go the doctors this week ftl
17:08:17 <mandarin_toni> whats wrong
17:08:18 <the`shima> got this swelling on the back of my neck thats been coming/going for a few months. ive kinda half strained that area a few times over hte past year so i think its muscular
17:08:21 <the_chasteful_turd> doing 4x10 squats today
17:08:28 <the_chasteful_turd> brutal
17:08:50 <the`shima> its also not like a big hard lump and doesnt feel like a gland. feels like its across the muscle fiber when i pinch back of my beck
17:08:53 <mandarin_toni> sounds like fail aids to me
17:09:09 <the`shima> it also seems to be worse after a day on computer so its probably related to that
17:09:32 <mandarin_toni> computers ftl
17:09:46 <het> apparently walmart is having a ps5 event tomorrow, I'm gonna try and get one I think
17:09:49 <the_chasteful_turd> ive gotten quite a few injuries there myself but never swelling
17:09:57 <the_chasteful_turd> so im curious what you got going on
17:10:08 <the`shima> ya
17:10:44 <the`shima> its been on/off since october. went down and came back a bit recently. i did ask my friend whose a doctor about things to watch out for if its anything particularly nasty and i dont have any symptoms like that
17:10:51 <the`shima> and its not got any bigger/wose/whatever so who knows
17:16:51 <mandarin_toni> we should get aurora borealis again tonight
17:17:31 <NORG> gm :) :)
17:17:44 <eric> cool
17:17:49 <eric> good mnorging
17:19:45 <the_chasteful_turd> f
17:20:09 <antiracist_baby> does anyone have a lifehack to untwist a cable thats all twisted from being stored wrapped around a thing
17:25:43 <NORG> twist it the other way
17:29:17 <eric> yeah you could wrap it the other way aroiund something
17:31:44 <eric> https://upload.wikimedia.org/wikipedia/commons/4/40/Strix_nebulosa_plumage.jpg
17:32:12 <shrimp1989dspinfo> lmao
17:46:55 <shrimp1989dspinfo> https://www.youtube.com/user/04144649/featured
17:52:30 -!- letty [~letty@synIRC-77688CA5.dyn.plus.net] has joined #phiz
17:53:24 <letty> in new york bodegas do they ever have a section for samosas and scotch eggs and sausage rolls etc? 
17:53:37 <letty> like a grab and go hot snack food section
17:55:20 <mandarin_toni> probably not for those specific things but for like tacos, korean tacos and chicago style tacos
17:59:52 <letty> any good or p shitey?
18:01:28 <mandarin_toni> dunno
18:08:29 <shrimp1989dspinfo> i'm playing alter ego
18:08:31 <shrimp1989dspinfo> this game is insane
18:09:46 <shrimp1989dspinfo> https://usercontent.irccloud-cdn.com/file/fCBpI2cn/image.png
18:11:23 <NORG> im at the final dungeons in dq4
18:11:52 <mandarin_toni> lol i played that game a lot back in the days
18:11:59 <mandarin_toni> learned a lot about the american way of life
18:12:42 <shrimp1989dspinfo> this doesn't seem like any life i know
18:16:04 <eric> your young flesh heals before your eyes
18:17:04 <alansmithee_> sounds like dad, always looking out for his idiot kid with the hot iron
18:18:44 <shrimp1989dspinfo> the game is scolding me for choosing to eat brussels sprouts
18:19:03 <shrimp1989dspinfo> https://usercontent.irccloud-cdn.com/file/XNPnmb3V/image.png
18:20:45 -!- registered_mirc [~void@B0650E17.4518A346.2DB44557.IP] has joined #phiz
18:22:19 <registered_mirc> just imagined a video game where you play as a mimic and you have to disguise yourself as stuff and eat unsuspecting NPCs
18:25:22 <HellaBrad> Whoever made Alter ego hasn't seen the meme about how Brussels sprouts taste good yet obvs
18:25:37 <shrimp1989dspinfo> https://usercontent.irccloud-cdn.com/file/q1ej8WdW/image.png
18:26:04 <shrimp1989dspinfo> there's a ton of scenarios in which you can get kidnapped, hurt, or straight up die
18:26:19 <HellaBrad> Haha, 100 points! your paranoia pays off
18:26:37 <HellaBrad> What's the premise? I've never heard of it
18:26:50 <shrimp1989dspinfo> the game told me i could have died as a baby had i chosen to explore the pantry instead of the refrigerator
18:27:12 <shrimp1989dspinfo> you're just living life
18:27:22 <shrimp1989dspinfo> https://archive.org/details/msdos_Alter_Ego_1986
18:28:15 <HellaBrad> Love weird old dos games like this, one of my fave streamers just plays weird and old stuff like this 
18:28:47 <het> I'm doing the hostess minigame in y6 and god it's so timeconsuming
18:29:03 <HellaBrad> They did an "autumn of DOS" series and lately they've been doing some really weird old chekoslovakian student games
18:29:16 <shrimp1989dspinfo> neat
18:31:07 <ajj2> that sounds badass
18:32:01 <shrimp1989dspinfo> recently i saw a collection of old czechoslovakian games. i wonder if it's the same one
18:34:30 <shrimp1989dspinfo> alright lmao my roommate texted the landlord about our extra trash can he took last week and the landlord ended up gossiping about another argument he had with the downstairs neighbors
18:34:45 <shrimp1989dspinfo> and the guy downstairs was yelling at the landlord like "we can't be the worst tenants you ever had!"
18:37:04 <HellaBrad> https://m.twitch.tv/thefreakmuseum yeah lana is really cool and I think you may be talking about the same bundle
18:37:36 <HellaBrad> Lmao your downstairs neighbor continues to impress
19:01:20 <Nude_Riker> got my mushrooms
19:08:25 <NORG> im going to wach these movies today: Black Panteher - Linda linda linda
19:24:01 <mandarin_toni> brussels sprouts ftw
19:25:55 <Nude_Riker> ya theyre ftqw
19:27:27 <Nude_Riker> lmao https://twitter.com/katieoscroftitv/status/1502661483859218437
19:34:53 <NORG> the final boss of dq4 has 7 phases v_v
19:34:57 <NORG> is this necessary
20:00:03 <antiracist_baby> thtas not that many to me
20:22:50 <the_chasteful_turd> dj
20:23:45 <the_chasteful_turd> lol
20:23:47 <the_chasteful_turd> Tool Fan Misses Entire Set Untangling Ponytail from Nunchucks
20:24:56 <ajj2> rofl
20:24:58 <ajj2> Tool ftw
20:36:22 <antiracist_baby> tool
20:36:43 <antiracist_baby> fool
20:38:00 <mandarin_toni> lol
20:38:25 <mandarin_toni> ween
20:39:37 <shrimp1989dspinfo> ween
20:39:54 <shrimp1989dspinfo> i live close to the birthplace of ween
20:40:13 <shrimp1989dspinfo> wish mason was here to tell our dean ween story
20:43:29 <mandarin_toni> i live on the second floor
20:44:03 <antiracist_baby> honkers
20:44:38 <antiracist_baby> NORG
20:44:51 <antiracist_baby> remember at the start of revolution when jr couldnt remember what town they were in
20:50:16 <eric> https://www.instagram.com/p/CbBbh5guF-v/?utm_medium=copy_link
20:56:37 <NORG> i remember
20:59:25 <shrimp1989dspinfo> lol
21:04:49 <Homie_in_a_geod> .gis bung whole
21:05:01 <Homie_in_a_geod> lol https://twitter.com/tomhayward05/status/1503019611448557568?s=21
21:06:15 <the_chasteful_turd> .gis renaldo
21:06:32 <the_chasteful_turd> lol
21:06:37 <the_chasteful_turd> kucha
21:07:58 <antiracist_baby> idt i like elden ring that much
21:08:10 <antiracist_baby> i feel like i am constantly having to find something fun to do instead of it coming to me
21:08:31 <Homie_in_a_geod> plunch dungo
21:11:06 <Homie_in_a_geod> .gis fucka sucka ding dong
21:11:14 <dreddybajs> skill issue
21:13:54 <the_chasteful_turd> internet
21:29:42 <shrimp1989dspinfo> getting my ass kicked in caria manor
21:54:20 <ajj2> that place ftl
21:54:40 <shrimp1989dspinfo> i have given up on the horse knight
21:54:41 <shrimp1989dspinfo> maybe later
22:17:49 -!- ehn [uid253142@synIRC-3B43673D.helmsley.irccloud.com] has joined #phiz
22:23:00 <Nude_Riker> i had one beer at a place in public while reading and it was overwhelming
22:27:39 <the_chasteful_turd> damn
22:27:44 <the_chasteful_turd> rip to william hurt
22:34:38 <the_chasteful_turd> https://a.ltrbxd.com/resized/film-poster/2/4/1/2/3/24123-the-devil-and-max-devlin-0-230-0-345-crop.jpg?k=dd03d2f308
22:36:56 <shrimp1989dspinfo> i'm the burger queen now https://usercontent.irccloud-cdn.com/file/iRtlWjh0/image.png
22:39:21 <Homie_in_a_geod> all my burger queens stand up
22:39:27 <Homie_in_a_geod> .y take u to burger kings/hungry jacks
22:39:33 <Nude_Riker> lol
22:39:34 <the_chasteful_turd> dreddybajs:
22:39:49 -!- letty [~letty@synIRC-77688CA5.dyn.plus.net] has joined #phiz
22:39:56 <HellaBrad> Looking very stylish, it takes a powerful woman to rock a beard like that
22:40:52 <Homie_in_a_geod> i cant listen to the song take u to burger kings/hungry jacks on this diet
22:42:19 <Nude_Riker> im going to walk back to the liqour store this bottle of wine doesnt seem like enough
22:44:07 <the_chasteful_turd> hm
22:44:15 <the_chasteful_turd> it probably i
22:44:16 <the_chasteful_turd> s
22:44:58 <Homie_in_a_geod> .gis funny crap joke
22:45:13 <Homie_in_a_geod> drinking an bang
22:47:03 <letty> Nude_Riker ask em 2 fukk u up
22:47:39 <Homie_in_a_geod> .gis gay kickflip
22:48:11 <the_chasteful_turd> damn why u drinkin a bang at this hr lol
22:48:53 <Homie_in_a_geod> cause i got work i gotta finish tonight
22:49:11 <Homie_in_a_geod> also; taste good
22:49:24 <the_chasteful_turd> fail work
22:54:29 <shrimp1989dspinfo> ^
22:55:21 <the_chasteful_turd> .gis kanye breast
22:55:32 <the_chasteful_turd> there he is
22:55:49 <Homie_in_a_geod> .gis the funny racist
22:59:11 <NORG> someone in back?
22:59:16 <Homie_in_a_geod> ^
22:59:35 <Homie_in_a_geod> what is this..
23:02:35 <Homie_in_a_geod> im looking at the history of 24/7 title reigns
23:02:38 <Homie_in_a_geod> https://usercontent.irccloud-cdn.com/file/WDYQCsp4/image.png
23:04:47 <ajj2> rofl
23:05:04 <Homie_in_a_geod> https://usercontent.irccloud-cdn.com/file/CNpT0o5x/image.png
23:05:05 <ajj2> https://www.youtube.com/watch?v=iZGKl1TqXxw
23:05:32 <mikev> its hockey time
23:05:41 <mikev> jets probably gonna smoke the blues like they always do
23:06:25 <Homie_in_a_geod> leafs lost to buffalo today lol
23:06:31 <mikev> thats good
23:06:58 <Nude_Riker> well i got 1/3 of the way there and felt much too tired to keep going
23:07:10 <Homie_in_a_geod> tfw you get lit up by vinnie hinostroza
23:07:26 <mikev> lol is he on the sabres now?
23:07:29 <Homie_in_a_geod> yeah
23:07:42 <Homie_in_a_geod> along with every other nhl player you forgot was still playing
23:08:32 <Homie_in_a_geod> https://usercontent.irccloud-cdn.com/file/iRnfE8CM/image.png
23:08:50 <Homie_in_a_geod> okposo is actually having a decent season
23:09:24 <Homie_in_a_geod> still has another year at 6 mil lol
23:09:30 <Homie_in_a_geod> id take him as a rental if it werent for that
23:09:36 <mikev> forgot about that contract
23:09:54 <Homie_in_a_geod> okposo was so fuckin good in his prime
23:10:28 <Homie_in_a_geod> his last 3 seasons with the isles he was like the perfect middle 6 forward
23:10:32 <mikev> sun out at 6 pm ftw
23:11:05 <mikev> marco scandella is so fuckin bad
23:11:15 <mikev> brilliant move from armstrong to sign him
23:11:22 <mikev> trade for and then re-sign*
23:11:22 <Homie_in_a_geod> he used to be good
23:11:30 <mikev> he hasn't been good on the blues
23:11:52 <mikev> he was re-signed before they even moved on from pietro
23:11:56 <Homie_in_a_geod> usually guys with that player profile do not remain good past their mid 20s really
23:12:15 <Homie_in_a_geod> somewhat mobile 'two way' defenseman who doesnt score points
23:12:26 <mikev> he just falls down and butchers the puck at this point
23:12:54 <Homie_in_a_geod> fuckin snowing again
23:12:59 <Homie_in_a_geod> tired of this crap
23:13:00 <mikev> it waremd up today
23:13:04 <mikev> might be finally for good?
23:13:33 <mikev> lol nhl digitally inserting GENDER EQUALITY MONTH by the blue line
23:13:35 <Homie_in_a_geod> tomorrow its supposed to be in the 50s i guess
23:13:40 <LilSwede91> mike i think i’m probably not going to detroit
23:13:41 <mikev> and then cycling to local tire delaership
23:13:44 <mikev> dang ok
23:13:59 <LilSwede91> i’ll let you know if i end up going but i’ll probably only know by the end of april at the earliest
23:14:12 <mikev> alright. i got a room at the casino bookd already so no bigge
23:14:18 <LilSwede91> word
23:14:19 <LilSwede91> pl
23:14:28 <Homie_in_a_geod> they better fix our fucking roof before the next time it rains
23:14:38 <mikev> or the snow melts..
23:14:47 <Homie_in_a_geod> theres not enough snow to accumulate
23:14:51 <Homie_in_a_geod> so that shouldnt be a problem at least
23:16:11 <Homie_in_a_geod> .gis one single oat
23:16:20 <Homie_in_a_geod> thats 3 you bitch
23:17:51 <the_chasteful_turd> .gis solitary oat
23:19:46 <Homie_in_a_geod> .gis lone oat (single)
23:19:56 <Homie_in_a_geod> looks like shit.
23:20:09 <shrimp1989dspinfo> tom brady changed his mind and un-retired
23:20:10 <shrimp1989dspinfo> lol
23:20:26 <Homie_in_a_geod> https://usercontent.irccloud-cdn.com/file/X44EPAMu/image.png
23:20:34 <Homie_in_a_geod> i knew that was going to happen
23:20:49 <NORG> yes!!!!!!!!!!!!!!!!!!!!!
23:20:52 <Nude_Riker> yeah it made no sense for him to retire
23:21:01 <mikev> lmao
23:21:04 <Nude_Riker> he said he was going to play until he sucked and he absolutely did not suck last season
23:21:15 <mikev> it'd be good if he got career ending injury
23:21:22 <mikev> punishment
23:21:25 <NORG> cope
23:21:32 <Homie_in_a_geod> mike is right.
23:21:37 <NORG> lord brady ftw
23:21:39 <mikev> my team just won the super bowl :O)
23:21:48 <Homie_in_a_geod> lol 'your team'
23:21:49 <mikev> jk my nemesis won
23:21:49 <Nude_Riker> yeah i agree he should get a collarbone break
23:21:52 <Homie_in_a_geod> LA Mike
23:21:59 <shrimp1989dspinfo> fursonally i don't wish injuries on anyone
23:22:06 <Homie_in_a_geod> what about hitler/.
23:22:12 <shrimp1989dspinfo> he's already dead
23:22:17 <Homie_in_a_geod> that you know of...
23:22:31 <mikev> touchdown tom with CTE
23:22:32 <NORG> personally i enjoy watching people who are good at sports play them
23:22:32 <shrimp1989dspinfo> if hitler is alive that would be an impressive feat of science
23:22:39 <NORG> i welcome lord brady with open arms
23:22:46 <shrimp1989dspinfo> .g how old would hitler be today
23:22:52 <shrimp1989dspinfo> no
23:23:02 <Nude_Riker> .g hitler current age
23:23:12 <shrimp1989dspinfo> 9 Things You Might Not Know About Adolf Hitler
23:23:15 <shrimp1989dspinfo> -sensitive artist
23:23:17 <shrimp1989dspinfo> -loved animals
23:23:44 <Homie_in_a_geod> hitler would be 132 if alive today
23:23:47 <shrimp1989dspinfo> thank you
23:23:48 <Homie_in_a_geod> no reason that couldnt happen.
23:23:48 <shrimp1989dspinfo> https://usercontent.irccloud-cdn.com/file/PWZvher9/image.png
23:23:55 <mikev> its pc gone mad
23:24:39 <shrimp1989dspinfo> In fact, drug use was reportedly prevalent throughout the Nazi Party, and soldiers were often given meth before battle. 
23:24:41 <shrimp1989dspinfo> we did this as well
23:24:48 <Homie_in_a_geod> i have definitely lost weight this week because i can more easily bend over to tie my shoes than i could 2 weeks ago
23:24:56 <shrimp1989dspinfo> let's not pretend it was only germany
23:25:19 <shrimp1989dspinfo> https://usercontent.irccloud-cdn.com/file/YqKVlFT5/image.png
23:25:20 <Homie_in_a_geod> i know from steve1989mreinfo.com that there was speed in MREs for like most of the 20th century
23:25:30 <the_chasteful_turd> speed ftw
23:25:36 <shrimp1989dspinfo> yep
23:25:46 <Homie_in_a_geod> its disappointing that steve has never eaten the MRE speed before
23:25:50 <shrimp1989dspinfo> he should
23:25:50 <Homie_in_a_geod> not on camera at least
23:26:04 <shrimp1989dspinfo> i bet he uses 100 year old MRE speed as preworkout
23:26:07 <Homie_in_a_geod> lol
23:26:28 <Nude_Riker> the english used the most meth i think, battle of britain alone
23:26:28 <shrimp1989dspinfo> In 1939 a Swedish legislator nominated Hitler for the Nobel Peace Prize. Although he intended it as a joke, few found it amusing. 
23:26:31 <shrimp1989dspinfo> actually that's very funny
23:26:34 <Homie_in_a_geod> im always jealous of steves 80 year old cigarettes
23:26:38 <Nude_Riker> per soldier i mean
23:26:48 <Homie_in_a_geod> i think i could smoke those and it wouldnt count as unquitting
23:27:00 <Nude_Riker> i want an aged ciggie
23:27:17 <Nude_Riker> i would love to see steve try old navy rum
23:27:23 <shrimp1989dspinfo> cigarettes are fail
23:27:32 <Homie_in_a_geod> theyre very cool
23:27:33 <mikev> lol saad was gonna have a breakaway on the PK
23:27:35 <shrimp1989dspinfo> but i like how tobacco smells
23:27:40 <shrimp1989dspinfo> not while burning
23:27:40 <mikev> overskated it and then tripped the guy who fucked up
23:27:44 <mikev> 5 on 3 great
23:27:47 <shrimp1989dspinfo> smelling a pack of cigarettes smells like raisins
23:27:54 <shrimp1989dspinfo> saad...
23:28:36 <Homie_in_a_geod> i think one of the biggest fuckups that they did in trying to get kids not to smoke was telling kids that smoking isnt cool, which was the thrust of a lot of the anti smoking stuff we learned in health class and in our health office in school and w/e
23:28:40 <dreddybajs> sup the_chasteful_turd 
23:28:54 <Homie_in_a_geod> how is anyone going to beleive you that cigarettes are bad when people blatantly lie to you like that
23:29:08 <Homie_in_a_geod> when it is so obvious that they are in fact cool
23:29:08 <the_chasteful_turd> accident sorry
23:29:12 <dreddybajs> ok
23:29:18 <dreddybajs> im just chillin, in discord voice! 
23:29:20 <dreddybajs> playin elden
23:29:51 <Nude_Riker> .y wise words saad
23:29:54 <mikev> they should just say they taste fucking gross
23:29:56 <shrimp1989dspinfo> ^
23:30:10 <Homie_in_a_geod> they should also say that they will give you copd, which is true
23:30:13 <shrimp1989dspinfo> i'm surprised that vid only has 1m views
23:30:18 <shrimp1989dspinfo> idk what ciggies taste like
23:30:21 <mikev> let you do a taste test of some non-harmful substance that tastes like cigs
23:30:51 <the_chasteful_turd> i mean they show u the pic of the tarred up lungs
23:31:14 <Homie_in_a_geod> yeah but they always focused too much on the cancer thing
23:31:23 <Homie_in_a_geod> like yeah cancer is scary but not everyone who smokes gets cancer
23:31:29 <Homie_in_a_geod> but if you smoke enough you absolutely will get copd
23:31:33 <shrimp1989dspinfo> cigarettes make you smell bad
23:31:40 <Homie_in_a_geod> they do, that is also true
23:31:41 <shrimp1989dspinfo> and they make your voice funny
23:31:49 <mikev> it makes your dick smaller
23:31:51 <shrimp1989dspinfo> and they speed up aging
23:31:55 <mikev> like mountain dew
23:31:58 <Homie_in_a_geod> thats not true mike
23:32:01 <shrimp1989dspinfo> mountain dude
23:32:09 <Homie_in_a_geod> they made mine much bigger.
23:33:28 <Homie_in_a_geod> apparently at some point bangs deleted his tweet that said "This Is Hip Hop Not Heep Hub"
23:33:33 <shrimp1989dspinfo> heep hub
23:33:44 <Homie_in_a_geod> rip to one of hte great tweets
23:34:00 <Homie_in_a_geod> right up there with no homo we smoking penises
23:34:04 <shrimp1989dspinfo> chrisp packet will always be one of my all time faves
23:34:11 <Homie_in_a_geod> rip to all of wileys tweets
23:34:28 <the_chasteful_turd> ya
23:34:50 <mikev> i guess my illness symptoms yesterday and today are not covid
23:35:00 <mikev> (maury voice) you are NOT the covid
23:35:04 <Homie_in_a_geod> my favorite thing on wiley twitter was when he became obsessed with drake for some reason and attempted to move to toronto because of it, and was almost immediately deported
23:35:15 <Homie_in_a_geod> and when they deported him they flew him to scotland
23:35:27 <shrimp1989dspinfo> rofl
23:35:30 <mikev> went here for lunch today ftw https://www.globalmarketfoodhall.com/
23:36:04 <shrimp1989dspinfo> https://usercontent.irccloud-cdn.com/file/VylNVss5/image.png
23:36:07 <Homie_in_a_geod> and he tweeted this when he arrived in scotland
23:36:09 <Homie_in_a_geod> I got a breakfast in scotland and they had square sausage …Trust me fam ….square.
23:36:45 <Homie_in_a_geod> lol https://usercontent.irccloud-cdn.com/file/yKew0Qc5/image.png
23:37:03 <mikev> i got some curry meifun, takoyaki, and gyudon
23:37:10 <mikev> yeah there is a random texmex place thrown in
23:37:24 <Homie_in_a_geod> my replacement scale has apparently shipped
23:37:29 <Homie_in_a_geod> lets see if i actually get this one
23:37:32 <shrimp1989dspinfo> good luck
23:37:40 <the_chasteful_turd> Nice Flavor
23:37:55 <Homie_in_a_geod> theres a burger place somewhere around here called "Strange Flavor"
23:38:02 <Homie_in_a_geod> which doesnt sound like a very good name for a place
23:38:03 <mikev> david perron is back scoring
23:38:13 <mikev> strange flavor is a good name
23:38:24 <Homie_in_a_geod> doesnt raelly make me want to eat the food there
23:38:43 <shrimp1989dspinfo> https://usercontent.irccloud-cdn.com/file/VvEA2Nr6/image.png
23:38:47 <Homie_in_a_geod> .gis small hole
23:38:55 <Homie_in_a_geod> yup
23:39:05 <the_chasteful_turd> u go there if u wanna taste some Strange
23:39:48 <the_chasteful_turd> .gis sweaty taco
23:40:02 <the_chasteful_turd> lol
23:40:02 <Homie_in_a_geod> finding out about some cool movies in this thread
23:40:03 <the_chasteful_turd> yuck
23:40:04 <Homie_in_a_geod> https://twitter.com/coolestdudeyet/status/1502805859360980995
23:40:14 <Homie_in_a_geod> https://usercontent.irccloud-cdn.com/file/pBe5m6su/image.png
23:40:15 <Homie_in_a_geod> lmfao
23:40:18 <mikev> lol
23:40:37 <Homie_in_a_geod> https://usercontent.irccloud-cdn.com/file/7yUfU47X/image.png
23:40:53 <Homie_in_a_geod> https://usercontent.irccloud-cdn.com/file/OjjfTjCr/image.png
23:41:15 <mikev> featuring music from: pearl jam, sugarland, 
23:41:49 <the_chasteful_turd> ive heard of all these movies but the only ones anyone mentioned i've seen are hamlet 2 and super 8
23:41:58 <the_chasteful_turd> which i dont really think fit the threa
23:41:58 <the_chasteful_turd> d
23:42:03 <Homie_in_a_geod> https://twitter.com/TheRealTLLJ/status/1503042371956752394
23:42:05 <Homie_in_a_geod> what on earth lmao
23:42:15 <the_chasteful_turd> i remember seeing the pizza man dvd and i was just like damn frankie
23:42:30 <the_chasteful_turd> yeah bruce willis is on some steven segal shit
23:42:45 <shrimp1989dspinfo> in all of those movies he has like a 2 min appearance
23:42:49 <the_chasteful_turd> just showing up for anyone who wants to pay his fee 
23:42:50 <shrimp1989dspinfo> phones it in and leaves
23:42:53 <the_chasteful_turd> for like 5 min
23:42:54 <shrimp1989dspinfo> he gets a ton of money doing it
23:42:55 <the_chasteful_turd> ya
23:42:56 <mikev> i think he is making all these movies to make money before he loses his mind
23:43:07 <mikev> i heard they have to cut around him not being bale to remember lines
23:43:35 <Homie_in_a_geod> whats wrong with bruce
23:43:43 <mikev> alzheimers or something maybe?
23:43:57 <mikev> it's just rumors but the amount of activity and the way it's cut that i've seen support that 
23:44:13 <Homie_in_a_geod> look at this dumbass https://twitter.com/monroeborneo/status/1502808817368801281
23:44:19 <Homie_in_a_geod> idiot
23:44:53 <Homie_in_a_geod> https://usercontent.irccloud-cdn.com/file/grckmOzm/image.png
23:45:11 <mikev> just look up zachary ty bryan's imdb
23:45:16 <mikev> there will be plenty of them
23:45:24 <shrimp1989dspinfo> i thought of one
23:45:33 <shrimp1989dspinfo> https://usercontent.irccloud-cdn.com/file/xwLWRA5C/image.png
23:45:38 <the_chasteful_turd> bruce willis cte
23:45:43 <the_chasteful_turd> lol ya
23:45:44 <mikev> how ist hat 15 mb
23:45:46 <shrimp1989dspinfo> no idea
23:45:54 <shrimp1989dspinfo> population 436 ftw
23:45:55 <the_chasteful_turd> copying to clipboard as png
23:46:04 <mikev> john travolta's late career work is really the best though
23:46:10 <the_chasteful_turd> gotti
23:46:13 <mikev> he's just starring in these shitty movies
23:46:17 <mikev> no paychecks
23:46:20 <mikev> he's puting in the work
23:46:24 <shrimp1989dspinfo> https://usercontent.irccloud-cdn.com/file/l0Z8M9JW/image.png
23:46:29 <shrimp1989dspinfo> yeee haw
23:46:31 <mikev> i am wrath is so godo
23:47:08 <Homie_in_a_geod> has anone seen Moose
23:47:14 <bonegar> im back
23:47:16 <shrimp1989dspinfo> no
23:47:19 <shrimp1989dspinfo> how was it bonegar
23:47:54 <the_chasteful_turd> ive not seen anything called Moose
23:48:09 <the_chasteful_turd> .gis dangerous dingo
23:48:30 <Homie_in_a_geod> oh wait it was titled The Fanatic
23:48:37 <Homie_in_a_geod> i guess Moose was the working title
23:48:43 <Homie_in_a_geod> the durst movie that starred john travolta
23:48:45 <dreddybajs> you guys seen this film
23:48:46 <the_chasteful_turd> oh yeah
23:48:46 <dreddybajs> Moose
23:48:48 <the_chasteful_turd> i havent seen that
23:49:04 <Homie_in_a_geod> travoltas character is called Moose
23:49:05 <the_chasteful_turd> the pics of travolta in that are rly funny thogh
23:49:11 <the_chasteful_turd> i dont think the movie can live up to them
23:49:25 <Homie_in_a_geod> https://usercontent.irccloud-cdn.com/file/dV4sI7ai/image.png
23:49:48 <shrimp1989dspinfo> john travolta and devon sawa
23:49:52 <bonegar> i saw both snow and the sun and the moon and it was 60 degrees 
23:50:08 <bonegar> and then i have a very funny story i think benji would appreciate
23:50:23 <Homie_in_a_geod> https://usercontent.irccloud-cdn.com/file/wo03VUJ1/image.png
23:50:41 <the_chasteful_turd> lol ive heard lots of discussion of a talking cat
23:50:58 <the_chasteful_turd> the important cinema club podcast did a whole episode on the guy who that directed that
23:51:07 <Homie_in_a_geod> lmfao i remember this movie coming up in here one time https://usercontent.irccloud-cdn.com/file/b7oQYIqz/image.png
23:51:10 <bonegar> why is there a fence and a yard 
23:51:14 <Homie_in_a_geod> Homie Spumoni
23:51:16 <shrimp1989dspinfo> lmao
23:51:19 <bonegar> what does the fence nad the yard mean
23:51:26 <Homie_in_a_geod> thats where the talking cat is.
23:51:33 <the_chasteful_turd> lmao
23:51:37 <the_chasteful_turd> homie spumoni
23:51:40 <bonegar> why'd they pick to have the talking cat there
23:51:58 <the_chasteful_turd> it tells you its a family film. familys have yards and fences
23:52:05 <bonegar> cats are not famous for yards and fences, that's a dog thing
23:52:16 <Homie_in_a_geod> https://usercontent.irccloud-cdn.com/file/6uCwc54p/image.png
23:52:38 <Homie_in_a_geod> Selfie Dad
23:52:44 <bonegar> lmao
23:52:52 <mikev> i watched a talking cat for like 25 minutes once
23:53:00 <dreddybajs> lol
23:53:05 <mikev> i saw the fanatic as well
23:53:06 <dreddybajs> we should watch Selfie Dad imo
23:53:10 <mikev> and it is incredible, you should watch it
23:53:10 <bonegar> *looking at the selfie dad poster like this is a psyop* what are they trying to say
23:53:20 <dreddybajs> Selfie Ghost Dad
23:53:22 <mikev> travolta's take on an autistic nerd is wild
23:54:01 <shrimp1989dspinfo> just watched the most recent episode of law and order: organized crime and stabler's son was standing in the bathroom door while stabler was toweling off
23:54:01 <bonegar> .yt selfie dad trailer
23:54:03 <shrimp1989dspinfo> watching him like this
23:54:06 <shrimp1989dspinfo> https://usercontent.irccloud-cdn.com/file/LvdlEzgN/image.png
23:54:34 <dreddybajs> Selfie Dad Movie
23:54:37 <NORG> thats the gay kid from power of the dog which i watched yesterday. if its not him i'm sorry
23:54:43 <shrimp1989dspinfo> that's eli stabler
23:54:48 <Selfie_Dad> Premiere in YOUR HOME
23:54:51 <dreddybajs> thats timothy chalomet
23:54:58 <Homie_in_a_geod> Selfie Dad sounds like a nancy grace hashtag
23:55:01 <Homie_in_a_geod> from like 2013
23:55:01 <Selfie_Dad> it looks nothing like him.
23:55:07 <Selfie_Dad> lol yeah it does
23:55:10 <Selfie_Dad> Selfie Dad!?!
23:55:17 <shrimp1989dspinfo> https://www.imdb.com/name/nm5903933/
23:55:18 <Homie_in_a_geod> #BreastAndBeer
23:55:33 <mikev> devon sawa is playing fred durst in the fanatic
23:55:36 <bonegar>  <Homie_in_a_geod> #BreastAndBeer
23:55:39 <mikev> and says this line to his kid in the car
23:55:42 <mikev> Hunter Dunbar: [driving with his son] You okay with some music? You like a little Limp Bizkit? Like a little Bizkit? Yeah? Nice and loud? I used to listen to this back in the day, this is hot. Oh my god, that is nice, that is nice! All right, here we go baby.
23:55:42 <Homie_in_a_geod> 7:53 PM <bonegar> *looking at the selfie dad poster like this is a psyop* what are they trying to say
23:55:46 <Homie_in_a_geod> its a christian movie
23:55:48 <Homie_in_a_geod> hope that helps
23:56:04 <shrimp1989dspinfo> this season of organized crime starts out where eli stabler, a high schooler, is picked up by a woman in her mid-20s and they get wasted at her apartment in new jersey and plow and then he wakes up and finds her dead
23:56:08 <shrimp1989dspinfo> and he's charged wit hmurder
23:56:16 <bonegar> selfie dad is gonna read the bible
23:56:23 <Homie_in_a_geod> im more interested in organized rhyme
23:56:24 <shrimp1989dspinfo> conveniently she had a camera in her bedroom and we discover that she was murdered by some random guy instead because ???
23:56:26 <Homie_in_a_geod> .y check the OR
23:56:28 <mikev> i assume 90% of these movies are on tubi, america's favorite streamer
23:56:34 <Selfie_Dad> a dad tries to get in touch with his kids thru the transformative power of selfies
23:56:36 <shrimp1989dspinfo> the entire tihing was wrapped up in a single episode
23:56:37 <Homie_in_a_geod> you like it so far
23:56:39 <shrimp1989dspinfo> and never spoken of again
23:56:47 <dreddybajs> .y god friended me trailer
23:56:48 <dreddybajs> remember
23:57:07 <bonegar> lmao
23:57:09 <Selfie_Dad> how about
23:57:13 <Selfie_Dad> God Friended Xi
23:57:31 <Homie_in_a_geod> dreddybajs: when theyre going to shut down traffic or parking in nyc in order to do film shoots they have to put up signs about it in advacne and say what theyre shooting
23:57:38 <Homie_in_a_geod> and i saw a sign that they were shooting God Friended Me once
23:57:43 <shrimp1989dspinfo> epic
23:57:52 <bonegar> selfie dad chuckling confidently in the car 'i thought it was going to be the PO-lice not the BRO-lice" and he smirks knowingly at the camrea with a smiling black cop in the background. #HeHasRisen
23:58:06 <shrimp1989dspinfo> lmao
23:58:12 <Homie_in_a_geod> it was my favorite thing i saw on one of those signs i think
23:58:23 <dreddybajs> hell yeah tom lol
23:58:24 <Homie_in_a_geod> actually i saw Kitten Bowl 2012 once too
23:58:28 <Homie_in_a_geod> that was also good
23:58:55 <bonegar> .yt A Talking Cat!?! full movie
23:59:02 <mikev> making a bunch of movies out of nancy grace hashtags is a good idea though
23:59:08 <mikev> i bet it's on tubi bonegar
23:59:10 <Homie_in_a_geod> #TotMom
23:59:19 <Selfie_Dad> im surprised hallmark hasnt tried that yet
23:59:25 <Selfie_Dad> or i guess maybe lifetime would be better
23:59:31 <mikev> wow it isn't
23:59:46 <mikev> only available to stream on amazon for $0.99 rental
