23:08:05 :avarice.ny.us.synirc.net 001 robophiz :Welcome to the synIRC IRC Network robophiz!~robophiz@73.129.45.114
23:08:05 :avarice.ny.us.synirc.net 002 robophiz :Your host is avarice.ny.us.synirc.net, running version UnrealIRCd-4.2.4.1
23:08:05 :avarice.ny.us.synirc.net 003 robophiz :This server was created Mon Nov 22 2021 at 01:20:17 UTC
23:08:05 :avarice.ny.us.synirc.net 004 robophiz avarice.ny.us.synirc.net UnrealIRCd-4.2.4.1 iowrsxzdHtIDZRqpWGTSB lvhopsmntikraqbeIzMQNRTOVKDdGLPZSCcf
23:08:05 :avarice.ny.us.synirc.net 005 robophiz AWAYLEN=307 CASEMAPPING=ascii CHANLIMIT=#:40 CHANMODES=beI,kLf,l,psmntirzMQNRTOVKDdGPZSCc CHANNELLEN=32 CHANTYPES=# DEAF=d ELIST=MNUCT EXCEPTS EXTBAN=~,tmTSOcaRrnqj HCN INVEX :are supported by this server
23:08:05 :avarice.ny.us.synirc.net 005 robophiz KICKLEN=307 KNOCK MAP MAXCHANNELS=40 MAXLIST=b:60,e:60,I:60 MAXNICKLEN=30 MODES=12 NAMESX NETWORK=synIRC NICKLEN=30 PREFIX=(qaohv)~&@%+ QUITLEN=307 :are supported by this server
23:08:05 :avarice.ny.us.synirc.net 005 robophiz SAFELIST SILENCE=15 STATUSMSG=~&@%+ TARGMAX=DCCALLOW:,ISON:,JOIN:,KICK:4,KILL:,LIST:,NAMES:1,NOTICE:1,PART:,PRIVMSG:4,SAJOIN:,SAPART:,USERHOST:,USERIP:,WATCH:,WHOIS:1,WHOWAS:1 TOPICLEN=360 UHNAMES USERIP WALLCHOPS WATCH=128 WATCHOPTS=A :are supported by this server
23:08:05 :avarice.ny.us.synirc.net 396 robophiz B8C50673.F3C7BB78.33CA7D1E.IP :is now your displayed host
23:08:05 :avarice.ny.us.synirc.net 251 robophiz :There are 25 users and 1853 invisible on 15 servers
23:08:05 :avarice.ny.us.synirc.net 252 robophiz 18 :operator(s) online
23:08:05 :avarice.ny.us.synirc.net 254 robophiz 968 :channels formed
23:08:05 :avarice.ny.us.synirc.net 255 robophiz :I have 315 clients and 0 servers
23:08:05 :avarice.ny.us.synirc.net 265 robophiz 315 328 :Current local users 315, max 328
23:08:05 :avarice.ny.us.synirc.net 266 robophiz 1878 8248 :Current global users 1878, max 8248
23:08:05 :avarice.ny.us.synirc.net 375 robophiz :- avarice.ny.us.synirc.net Message of the Day - 
23:08:05 :avarice.ny.us.synirc.net 372 robophiz :- 22/11/2021 20:47
23:08:05 :avarice.ny.us.synirc.net 372 robophiz :-                           ___ ____   ____
23:08:05 :avarice.ny.us.synirc.net 372 robophiz :-           ___ _   _ _ __ |_ _|  _ \ / ___|
23:08:05 :avarice.ny.us.synirc.net 372 robophiz :-          / __| | | | '_ \ | || |_) | |
23:08:05 :avarice.ny.us.synirc.net 372 robophiz :-          \__ \ |_| | | | || ||  _ <| |___
23:08:05 :avarice.ny.us.synirc.net 372 robophiz :-          |___/\__, |_| |_|___|_| \_\\____|
23:08:05 :avarice.ny.us.synirc.net 372 robophiz :-               |___/    New York, NY, USA
23:08:05 :avarice.ny.us.synirc.net 372 robophiz :- 
23:08:05 :avarice.ny.us.synirc.net 372 robophiz :- Server     : avarice.ny.us.synirc.net
23:08:05 :avarice.ny.us.synirc.net 372 robophiz :- Ports      : 6660-6669, 7000
23:08:05 :avarice.ny.us.synirc.net 372 robophiz :- SSL Ports  : 6697, 7001
23:08:05 :avarice.ny.us.synirc.net 372 robophiz :- Admin      : Sony (sony@synirc.net)
23:08:05 :avarice.ny.us.synirc.net 372 robophiz :- 
23:08:05 :avarice.ny.us.synirc.net 372 robophiz :- Please visit us online at http://www.synirc.net/
23:08:05 :avarice.ny.us.synirc.net 372 robophiz :- For network related assistance please join #help
23:08:05 :avarice.ny.us.synirc.net 372 robophiz :- For network wide bans and other issues email helpcom@synirc.net
23:08:05 :avarice.ny.us.synirc.net 372 robophiz :- 
23:08:05 :avarice.ny.us.synirc.net 372 robophiz :- synIRC.net will scan your IP for open proxies upon connection to our
23:08:05 :avarice.ny.us.synirc.net 372 robophiz :- services. You must be 18 or older to connect and chat on our services, or
23:08:05 :avarice.ny.us.synirc.net 372 robophiz :- have parental consent. synIRC.net and its affiliates are not responsible
23:08:05 :avarice.ny.us.synirc.net 372 robophiz :- for any bodily or mental harm that could possibly come from using its
23:08:05 :avarice.ny.us.synirc.net 372 robophiz :- services. synIRC.net is not responsible for any data received or sent
23:08:05 :avarice.ny.us.synirc.net 372 robophiz :- out to our clients. By connecting, you consent to have logging of your
23:08:05 :avarice.ny.us.synirc.net 372 robophiz :- conversations done by other clients and are also bound to the rules and
23:08:05 :avarice.ny.us.synirc.net 372 robophiz :- regulations that can be found at http://www.synirc.net/charter/
23:08:05 :avarice.ny.us.synirc.net 372 robophiz :- 
23:08:05 :avarice.ny.us.synirc.net 376 robophiz :End of /MOTD command.
23:08:06 :avarice.ny.us.synirc.net 332 robophiz #phiz :elden ring group/mp pw: eldphiz || According to evidence admitted at the board of rights hearing, "Snorlax" is a Pokémon creature known as "The Sleeping Pokémon." || Black lives matter. Pooplunch stands in solidarity with the Black community.
23:08:06 :avarice.ny.us.synirc.net 333 robophiz #phiz shrimp1989dspinfo 1645985449
23:08:06 :avarice.ny.us.synirc.net 353 robophiz @ #phiz :robophiz ehn ajj ajj3 Nude_Riker registered_mirc the`shima the_tasteful_nerd Melber bonegar alansmithee_ dreddybajs greatest_gamer Homie_in_a_geod coaxmetal pubeman77 scoop_jackson eric shrimp1989dspinfo kuf ~het djcozmik 
23:08:06 :avarice.ny.us.synirc.net 366 robophiz #phiz :End of /NAMES list.
