15:58:46 :avarice.ny.us.synirc.net 001 robophiz :Welcome to the synIRC IRC Network robophiz!~robophiz@73.129.45.114
15:58:46 :avarice.ny.us.synirc.net 002 robophiz :Your host is avarice.ny.us.synirc.net, running version UnrealIRCd-4.2.4.1
15:58:46 :avarice.ny.us.synirc.net 003 robophiz :This server was created Mon Nov 22 2021 at 01:20:17 UTC
15:58:46 :avarice.ny.us.synirc.net 004 robophiz avarice.ny.us.synirc.net UnrealIRCd-4.2.4.1 iowrsxzdHtIDZRqpWGTSB lvhopsmntikraqbeIzMQNRTOVKDdGLPZSCcf
15:58:46 :avarice.ny.us.synirc.net 005 robophiz AWAYLEN=307 CASEMAPPING=ascii CHANLIMIT=#:40 CHANMODES=beI,kLf,l,psmntirzMQNRTOVKDdGPZSCc CHANNELLEN=32 CHANTYPES=# DEAF=d ELIST=MNUCT EXCEPTS EXTBAN=~,tmTSOcaRrnqj HCN INVEX :are supported by this server
15:58:46 :avarice.ny.us.synirc.net 005 robophiz KICKLEN=307 KNOCK MAP MAXCHANNELS=40 MAXLIST=b:60,e:60,I:60 MAXNICKLEN=30 MODES=12 NAMESX NETWORK=synIRC NICKLEN=30 PREFIX=(qaohv)~&@%+ QUITLEN=307 :are supported by this server
15:58:46 :avarice.ny.us.synirc.net 005 robophiz SAFELIST SILENCE=15 STATUSMSG=~&@%+ TARGMAX=DCCALLOW:,ISON:,JOIN:,KICK:4,KILL:,LIST:,NAMES:1,NOTICE:1,PART:,PRIVMSG:4,SAJOIN:,SAPART:,USERHOST:,USERIP:,WATCH:,WHOIS:1,WHOWAS:1 TOPICLEN=360 UHNAMES USERIP WALLCHOPS WATCH=128 WATCHOPTS=A :are supported by this server
15:58:46 :avarice.ny.us.synirc.net 396 robophiz B8C50673.F3C7BB78.33CA7D1E.IP :is now your displayed host
15:58:46 :avarice.ny.us.synirc.net 251 robophiz :There are 25 users and 1833 invisible on 16 servers
15:58:46 :avarice.ny.us.synirc.net 252 robophiz 20 :operator(s) online
15:58:46 :avarice.ny.us.synirc.net 254 robophiz 962 :channels formed
15:58:46 :avarice.ny.us.synirc.net 255 robophiz :I have 323 clients and 0 servers
15:58:46 :avarice.ny.us.synirc.net 265 robophiz 323 348 :Current local users 323, max 348
15:58:46 :avarice.ny.us.synirc.net 266 robophiz 1858 8248 :Current global users 1858, max 8248
15:58:46 :avarice.ny.us.synirc.net 375 robophiz :- avarice.ny.us.synirc.net Message of the Day - 
15:58:46 :avarice.ny.us.synirc.net 372 robophiz :- 22/11/2021 20:47
15:58:46 :avarice.ny.us.synirc.net 372 robophiz :-                           ___ ____   ____
15:58:46 :avarice.ny.us.synirc.net 372 robophiz :-           ___ _   _ _ __ |_ _|  _ \ / ___|
15:58:46 :avarice.ny.us.synirc.net 372 robophiz :-          / __| | | | '_ \ | || |_) | |
15:58:46 :avarice.ny.us.synirc.net 372 robophiz :-          \__ \ |_| | | | || ||  _ <| |___
15:58:46 :avarice.ny.us.synirc.net 372 robophiz :-          |___/\__, |_| |_|___|_| \_\\____|
15:58:46 :avarice.ny.us.synirc.net 372 robophiz :-               |___/    New York, NY, USA
15:58:46 :avarice.ny.us.synirc.net 372 robophiz :- 
15:58:46 :avarice.ny.us.synirc.net 372 robophiz :- Server     : avarice.ny.us.synirc.net
15:58:46 :avarice.ny.us.synirc.net 372 robophiz :- Ports      : 6660-6669, 7000
15:58:46 :avarice.ny.us.synirc.net 372 robophiz :- SSL Ports  : 6697, 7001
15:58:46 :avarice.ny.us.synirc.net 372 robophiz :- Admin      : Sony (sony@synirc.net)
15:58:46 :avarice.ny.us.synirc.net 372 robophiz :- 
15:58:46 :avarice.ny.us.synirc.net 372 robophiz :- Please visit us online at http://www.synirc.net/
15:58:46 :avarice.ny.us.synirc.net 372 robophiz :- For network related assistance please join #help
15:58:46 :avarice.ny.us.synirc.net 372 robophiz :- For network wide bans and other issues email helpcom@synirc.net
15:58:46 :avarice.ny.us.synirc.net 372 robophiz :- 
15:58:46 :avarice.ny.us.synirc.net 372 robophiz :- synIRC.net will scan your IP for open proxies upon connection to our
15:58:46 :avarice.ny.us.synirc.net 372 robophiz :- services. You must be 18 or older to connect and chat on our services, or
15:58:46 :avarice.ny.us.synirc.net 372 robophiz :- have parental consent. synIRC.net and its affiliates are not responsible
15:58:46 :avarice.ny.us.synirc.net 372 robophiz :- for any bodily or mental harm that could possibly come from using its
15:58:46 :avarice.ny.us.synirc.net 372 robophiz :- services. synIRC.net is not responsible for any data received or sent
15:58:46 :avarice.ny.us.synirc.net 372 robophiz :- out to our clients. By connecting, you consent to have logging of your
15:58:46 :avarice.ny.us.synirc.net 372 robophiz :- conversations done by other clients and are also bound to the rules and
15:58:46 :avarice.ny.us.synirc.net 372 robophiz :- regulations that can be found at http://www.synirc.net/charter/
15:58:46 :avarice.ny.us.synirc.net 372 robophiz :- 
15:58:46 :avarice.ny.us.synirc.net 376 robophiz :End of /MOTD command.
15:58:47 :avarice.ny.us.synirc.net 332 robophiz #phiz :elden ring group/mp pw: eldphiz || Feminist*HATE_this PenisTrick || Canned Horse Meat (Whale Flavor)
15:58:47 :avarice.ny.us.synirc.net 333 robophiz #phiz Homie_in_a_geod 1647987277
15:58:47 :avarice.ny.us.synirc.net 353 robophiz @ #phiz :robophiz Rusty NORG HellaBrad Nude_Riker nutzo_da_fuccnutt antiracist_baby ajj2 alansmithee_ bonegar mpg the`shima dreddybajs Selfie_Dad Melber greatest_gamer Homie_in_a_geod coaxmetal scoop_jackson eric wild_ape-style_creature kuf ~het djcozmik 
15:58:47 :avarice.ny.us.synirc.net 366 robophiz #phiz :End of /NAMES list.
20:16:05 :avarice.ny.us.synirc.net 001 robophiz :Welcome to the synIRC IRC Network robophiz!~robophiz@73.129.45.114
20:16:05 :avarice.ny.us.synirc.net 002 robophiz :Your host is avarice.ny.us.synirc.net, running version UnrealIRCd-4.2.4.1
20:16:05 :avarice.ny.us.synirc.net 003 robophiz :This server was created Mon Nov 22 2021 at 01:20:17 UTC
20:16:05 :avarice.ny.us.synirc.net 004 robophiz avarice.ny.us.synirc.net UnrealIRCd-4.2.4.1 iowrsxzdHtIDZRqpWGTSB lvhopsmntikraqbeIzMQNRTOVKDdGLPZSCcf
20:16:05 :avarice.ny.us.synirc.net 005 robophiz AWAYLEN=307 CASEMAPPING=ascii CHANLIMIT=#:40 CHANMODES=beI,kLf,l,psmntirzMQNRTOVKDdGPZSCc CHANNELLEN=32 CHANTYPES=# DEAF=d ELIST=MNUCT EXCEPTS EXTBAN=~,tmTSOcaRrnqj HCN INVEX :are supported by this server
20:16:05 :avarice.ny.us.synirc.net 005 robophiz KICKLEN=307 KNOCK MAP MAXCHANNELS=40 MAXLIST=b:60,e:60,I:60 MAXNICKLEN=30 MODES=12 NAMESX NETWORK=synIRC NICKLEN=30 PREFIX=(qaohv)~&@%+ QUITLEN=307 :are supported by this server
20:16:05 :avarice.ny.us.synirc.net 005 robophiz SAFELIST SILENCE=15 STATUSMSG=~&@%+ TARGMAX=DCCALLOW:,ISON:,JOIN:,KICK:4,KILL:,LIST:,NAMES:1,NOTICE:1,PART:,PRIVMSG:4,SAJOIN:,SAPART:,USERHOST:,USERIP:,WATCH:,WHOIS:1,WHOWAS:1 TOPICLEN=360 UHNAMES USERIP WALLCHOPS WATCH=128 WATCHOPTS=A :are supported by this server
20:16:05 :avarice.ny.us.synirc.net 396 robophiz B8C50673.F3C7BB78.33CA7D1E.IP :is now your displayed host
20:16:05 :avarice.ny.us.synirc.net 251 robophiz :There are 25 users and 1872 invisible on 16 servers
20:16:05 :avarice.ny.us.synirc.net 252 robophiz 20 :operator(s) online
20:16:05 :avarice.ny.us.synirc.net 254 robophiz 967 :channels formed
20:16:05 :avarice.ny.us.synirc.net 255 robophiz :I have 328 clients and 0 servers
20:16:05 :avarice.ny.us.synirc.net 265 robophiz 328 348 :Current local users 328, max 348
20:16:05 :avarice.ny.us.synirc.net 266 robophiz 1897 8248 :Current global users 1897, max 8248
20:16:05 :avarice.ny.us.synirc.net 375 robophiz :- avarice.ny.us.synirc.net Message of the Day - 
20:16:05 :avarice.ny.us.synirc.net 372 robophiz :- 22/11/2021 20:47
20:16:05 :avarice.ny.us.synirc.net 372 robophiz :-                           ___ ____   ____
20:16:05 :avarice.ny.us.synirc.net 372 robophiz :-           ___ _   _ _ __ |_ _|  _ \ / ___|
20:16:05 :avarice.ny.us.synirc.net 372 robophiz :-          / __| | | | '_ \ | || |_) | |
20:16:05 :avarice.ny.us.synirc.net 372 robophiz :-          \__ \ |_| | | | || ||  _ <| |___
20:16:05 :avarice.ny.us.synirc.net 372 robophiz :-          |___/\__, |_| |_|___|_| \_\\____|
20:16:05 :avarice.ny.us.synirc.net 372 robophiz :-               |___/    New York, NY, USA
20:16:05 :avarice.ny.us.synirc.net 372 robophiz :- 
20:16:05 :avarice.ny.us.synirc.net 372 robophiz :- Server     : avarice.ny.us.synirc.net
20:16:05 :avarice.ny.us.synirc.net 372 robophiz :- Ports      : 6660-6669, 7000
20:16:05 :avarice.ny.us.synirc.net 372 robophiz :- SSL Ports  : 6697, 7001
20:16:05 :avarice.ny.us.synirc.net 372 robophiz :- Admin      : Sony (sony@synirc.net)
20:16:05 :avarice.ny.us.synirc.net 372 robophiz :- 
20:16:05 :avarice.ny.us.synirc.net 372 robophiz :- Please visit us online at http://www.synirc.net/
20:16:05 :avarice.ny.us.synirc.net 372 robophiz :- For network related assistance please join #help
20:16:05 :avarice.ny.us.synirc.net 372 robophiz :- For network wide bans and other issues email helpcom@synirc.net
20:16:05 :avarice.ny.us.synirc.net 372 robophiz :- 
20:16:05 :avarice.ny.us.synirc.net 372 robophiz :- synIRC.net will scan your IP for open proxies upon connection to our
20:16:05 :avarice.ny.us.synirc.net 372 robophiz :- services. You must be 18 or older to connect and chat on our services, or
20:16:05 :avarice.ny.us.synirc.net 372 robophiz :- have parental consent. synIRC.net and its affiliates are not responsible
20:16:05 :avarice.ny.us.synirc.net 372 robophiz :- for any bodily or mental harm that could possibly come from using its
20:16:05 :avarice.ny.us.synirc.net 372 robophiz :- services. synIRC.net is not responsible for any data received or sent
20:16:05 :avarice.ny.us.synirc.net 372 robophiz :- out to our clients. By connecting, you consent to have logging of your
20:16:05 :avarice.ny.us.synirc.net 372 robophiz :- conversations done by other clients and are also bound to the rules and
20:16:05 :avarice.ny.us.synirc.net 372 robophiz :- regulations that can be found at http://www.synirc.net/charter/
20:16:05 :avarice.ny.us.synirc.net 372 robophiz :- 
20:16:05 :avarice.ny.us.synirc.net 376 robophiz :End of /MOTD command.
20:16:06 :avarice.ny.us.synirc.net 332 robophiz #phiz :elden ring group/mp pw: eldphiz || Feminist*HATE_this PenisTrick || Canned Horse Meat (Whale Flavor)
20:16:06 :avarice.ny.us.synirc.net 333 robophiz #phiz Homie_in_a_geod 1647987277
20:16:06 :avarice.ny.us.synirc.net 353 robophiz @ #phiz :robophiz ehn letty mitsuboshi_dancer mikev Rusty NORG HellaBrad Nude_Riker antiracist_baby ajj2 alansmithee_ bonegar mpg the`shima dreddybajs Selfie_Dad Melber greatest_gamer Homie_in_a_geod coaxmetal scoop_jackson eric wild_ape-style_creature kuf ~het djcozmik 
20:16:06 :avarice.ny.us.synirc.net 366 robophiz #phiz :End of /NAMES list.
