08:57:40 :delta.uk.eu.synirc.net 001 robophiz :Welcome to the synIRC IRC Network robophiz!~robophiz@73.129.45.114
08:57:40 :delta.uk.eu.synirc.net 002 robophiz :Your host is delta.uk.eu.synirc.net, running version UnrealIRCd-4.2.4.1
08:57:40 :delta.uk.eu.synirc.net 003 robophiz :This server was created Wed Feb 16 2022 at 01:49:18 UTC
08:57:40 :delta.uk.eu.synirc.net 004 robophiz delta.uk.eu.synirc.net UnrealIRCd-4.2.4.1 iowrsxzdHtIDZRqpWGTSB lvhopsmntikraqbeIzMQNRTOVKDdGLPZSCcf
08:57:40 :delta.uk.eu.synirc.net 005 robophiz AWAYLEN=307 CASEMAPPING=ascii CHANLIMIT=#:40 CHANMODES=beI,kLf,l,psmntirzMQNRTOVKDdGPZSCc CHANNELLEN=32 CHANTYPES=# DEAF=d ELIST=MNUCT EXCEPTS EXTBAN=~,tmTSOcaRrnqj HCN INVEX :are supported by this server
08:57:40 :delta.uk.eu.synirc.net 005 robophiz KICKLEN=307 KNOCK MAP MAXCHANNELS=40 MAXLIST=b:60,e:60,I:60 MAXNICKLEN=30 MODES=12 NAMESX NETWORK=synIRC NICKLEN=30 PREFIX=(qaohv)~&@%+ QUITLEN=307 :are supported by this server
08:57:40 :delta.uk.eu.synirc.net 005 robophiz SAFELIST SILENCE=15 STATUSMSG=~&@%+ TARGMAX=DCCALLOW:,ISON:,JOIN:,KICK:4,KILL:,LIST:,NAMES:1,NOTICE:1,PART:,PRIVMSG:4,SAJOIN:,SAPART:,USERHOST:,USERIP:,WATCH:,WHOIS:1,WHOWAS:1 TOPICLEN=360 UHNAMES USERIP WALLCHOPS WATCH=128 WATCHOPTS=A :are supported by this server
08:57:40 :delta.uk.eu.synirc.net 396 robophiz B8C50673.F3C7BB78.33CA7D1E.IP :is now your displayed host
08:57:40 :delta.uk.eu.synirc.net 251 robophiz :There are 25 users and 1835 invisible on 15 servers
08:57:40 :delta.uk.eu.synirc.net 252 robophiz 20 :operator(s) online
08:57:40 :delta.uk.eu.synirc.net 254 robophiz 963 :channels formed
08:57:40 :delta.uk.eu.synirc.net 255 robophiz :I have 102 clients and 0 servers
08:57:40 :delta.uk.eu.synirc.net 265 robophiz 102 121 :Current local users 102, max 121
08:57:40 :delta.uk.eu.synirc.net 266 robophiz 1860 8248 :Current global users 1860, max 8248
08:57:40 :delta.uk.eu.synirc.net 375 robophiz :- delta.uk.eu.synirc.net Message of the Day - 
08:57:40 :delta.uk.eu.synirc.net 372 robophiz :- 16/2/2022 3:25
08:57:40 :delta.uk.eu.synirc.net 372 robophiz :-            ######  ##    ## ##    ## #### ########   ######  
08:57:40 :delta.uk.eu.synirc.net 372 robophiz :-            ##    ##  ##  ##  ###   ##  ##  ##     ## ##    ## 
08:57:40 :delta.uk.eu.synirc.net 372 robophiz :-            ##         ####   ####  ##  ##  ##     ## ##       
08:57:40 :delta.uk.eu.synirc.net 372 robophiz :-             ######     ##    ## ## ##  ##  ########  ##       
08:57:40 :delta.uk.eu.synirc.net 372 robophiz :-                  ##    ##    ##  ####  ##  ##   ##   ##       
08:57:40 :delta.uk.eu.synirc.net 372 robophiz :-            ##    ##    ##    ##   ###  ##  ##    ##  ##    ##
08:57:40 :delta.uk.eu.synirc.net 372 robophiz :-             ######     ##    ##    ## #### ##     ##  ######  
08:57:40 :delta.uk.eu.synirc.net 372 robophiz :- 
08:57:40 :delta.uk.eu.synirc.net 372 robophiz :-          |                                                    |
08:57:40 :delta.uk.eu.synirc.net 372 robophiz :-        --+----------------------------------------------------+--
08:57:40 :delta.uk.eu.synirc.net 372 robophiz :-          |                                                    |
08:57:40 :delta.uk.eu.synirc.net 372 robophiz :-          | Welcome on omega.uk.eu.synirc.net                  |
08:57:40 :delta.uk.eu.synirc.net 372 robophiz :-          | Available ports: 6660-6669                         |
08:57:40 :delta.uk.eu.synirc.net 372 robophiz :-          | SSL ports: 6697, 7001                              |
08:57:40 :delta.uk.eu.synirc.net 372 robophiz :-          |                                                    |
08:57:40 :delta.uk.eu.synirc.net 372 robophiz :-          | Server Admin: Jordan jordan@synirc.net> 	      |
08:57:40 :delta.uk.eu.synirc.net 372 robophiz :-          |                                                    |
08:57:40 :delta.uk.eu.synirc.net 372 robophiz :-        --+----------------------------------------------------+--
08:57:40 :delta.uk.eu.synirc.net 372 robophiz :-          |                                                    |
08:57:40 :delta.uk.eu.synirc.net 372 robophiz :- 
08:57:40 :delta.uk.eu.synirc.net 372 robophiz :- DISCLAIMER:
08:57:40 :delta.uk.eu.synirc.net 372 robophiz :- 
08:57:40 :delta.uk.eu.synirc.net 372 robophiz :- synIRC.net will scan your IP for open proxies upon connection to our 
08:57:40 :delta.uk.eu.synirc.net 372 robophiz :- services.  You must be 18 or older to connect and chat on our services, or 
08:57:40 :delta.uk.eu.synirc.net 372 robophiz :- have parental consent. synIRC.net and its affiliates are not responsible 
08:57:40 :delta.uk.eu.synirc.net 372 robophiz :- for any bodily or mental harm that could possibly come from using its 
08:57:40 :delta.uk.eu.synirc.net 372 robophiz :- services. synIRC.net is not responsible for any data received or sent 
08:57:40 :delta.uk.eu.synirc.net 372 robophiz :- out to our clients. By connecting, you consent to have logging of your 
08:57:40 :delta.uk.eu.synirc.net 372 robophiz :- conversations done by other clients and are also bound to the rules and 
08:57:40 :delta.uk.eu.synirc.net 372 robophiz :- regulations that can be found at http://www.synirc.net/charter/
08:57:40 :delta.uk.eu.synirc.net 372 robophiz :- 
08:57:40 :delta.uk.eu.synirc.net 376 robophiz :End of /MOTD command.
08:57:41 :delta.uk.eu.synirc.net 332 robophiz #phiz :elden ring group/mp pw: eldphiz || According to evidence admitted at the board of rights hearing, "Snorlax" is a Pokémon creature known as "The Sleeping Pokémon." || Black lives matter. Pooplunch stands in solidarity with the Black community.
08:57:41 :delta.uk.eu.synirc.net 333 robophiz #phiz shrimp1989dspinfo 1645985449
08:57:41 :delta.uk.eu.synirc.net 353 robophiz @ #phiz :robophiz bonegar ehn mpg ajj ajj2 the_tasteful_nerd Melber alansmithee_ dreddybajs greatest_gamer Homie_in_a_geod coaxmetal djcozmik ~het kuf shrimp1989dspinfo eric scoop_jackson mikev 
08:57:41 :delta.uk.eu.synirc.net 366 robophiz #phiz :End of /NAMES list.
15:23:14 :delta.uk.eu.synirc.net 001 robophiz :Welcome to the synIRC IRC Network robophiz!~robophiz@73.129.45.114
15:23:14 :delta.uk.eu.synirc.net 002 robophiz :Your host is delta.uk.eu.synirc.net, running version UnrealIRCd-4.2.4.1
15:23:14 :delta.uk.eu.synirc.net 003 robophiz :This server was created Wed Feb 16 2022 at 01:49:18 UTC
15:23:14 :delta.uk.eu.synirc.net 004 robophiz delta.uk.eu.synirc.net UnrealIRCd-4.2.4.1 iowrsxzdHtIDZRqpWGTSB lvhopsmntikraqbeIzMQNRTOVKDdGLPZSCcf
15:23:14 :delta.uk.eu.synirc.net 005 robophiz AWAYLEN=307 CASEMAPPING=ascii CHANLIMIT=#:40 CHANMODES=beI,kLf,l,psmntirzMQNRTOVKDdGPZSCc CHANNELLEN=32 CHANTYPES=# DEAF=d ELIST=MNUCT EXCEPTS EXTBAN=~,tmTSOcaRrnqj HCN INVEX :are supported by this server
15:23:14 :delta.uk.eu.synirc.net 005 robophiz KICKLEN=307 KNOCK MAP MAXCHANNELS=40 MAXLIST=b:60,e:60,I:60 MAXNICKLEN=30 MODES=12 NAMESX NETWORK=synIRC NICKLEN=30 PREFIX=(qaohv)~&@%+ QUITLEN=307 :are supported by this server
15:23:14 :delta.uk.eu.synirc.net 005 robophiz SAFELIST SILENCE=15 STATUSMSG=~&@%+ TARGMAX=DCCALLOW:,ISON:,JOIN:,KICK:4,KILL:,LIST:,NAMES:1,NOTICE:1,PART:,PRIVMSG:4,SAJOIN:,SAPART:,USERHOST:,USERIP:,WATCH:,WHOIS:1,WHOWAS:1 TOPICLEN=360 UHNAMES USERIP WALLCHOPS WATCH=128 WATCHOPTS=A :are supported by this server
15:23:14 :delta.uk.eu.synirc.net 396 robophiz B8C50673.F3C7BB78.33CA7D1E.IP :is now your displayed host
15:23:14 :delta.uk.eu.synirc.net 251 robophiz :There are 25 users and 1843 invisible on 15 servers
15:23:14 :delta.uk.eu.synirc.net 252 robophiz 20 :operator(s) online
15:23:14 :delta.uk.eu.synirc.net 254 robophiz 980 :channels formed
15:23:14 :delta.uk.eu.synirc.net 255 robophiz :I have 113 clients and 0 servers
15:23:14 :delta.uk.eu.synirc.net 265 robophiz 113 121 :Current local users 113, max 121
15:23:14 :delta.uk.eu.synirc.net 266 robophiz 1868 8248 :Current global users 1868, max 8248
15:23:14 :delta.uk.eu.synirc.net 375 robophiz :- delta.uk.eu.synirc.net Message of the Day - 
15:23:14 :delta.uk.eu.synirc.net 372 robophiz :- 16/2/2022 3:25
