20:59:40 :delta.uk.eu.synirc.net 001 robophiz :Welcome to the synIRC IRC Network robophiz!~robophiz@73.129.45.114
20:59:40 :delta.uk.eu.synirc.net 002 robophiz :Your host is delta.uk.eu.synirc.net, running version UnrealIRCd-4.2.4.1
20:59:40 :delta.uk.eu.synirc.net 003 robophiz :This server was created Wed Feb 16 2022 at 01:49:18 UTC
20:59:40 :delta.uk.eu.synirc.net 004 robophiz delta.uk.eu.synirc.net UnrealIRCd-4.2.4.1 iowrsxzdHtIDZRqpWGTSB lvhopsmntikraqbeIzMQNRTOVKDdGLPZSCcf
20:59:40 :delta.uk.eu.synirc.net 005 robophiz AWAYLEN=307 CASEMAPPING=ascii CHANLIMIT=#:40 CHANMODES=beI,kLf,l,psmntirzMQNRTOVKDdGPZSCc CHANNELLEN=32 CHANTYPES=# DEAF=d ELIST=MNUCT EXCEPTS EXTBAN=~,tmTSOcaRrnqj HCN INVEX :are supported by this server
20:59:40 :delta.uk.eu.synirc.net 005 robophiz KICKLEN=307 KNOCK MAP MAXCHANNELS=40 MAXLIST=b:60,e:60,I:60 MAXNICKLEN=30 MODES=12 NAMESX NETWORK=synIRC NICKLEN=30 PREFIX=(qaohv)~&@%+ QUITLEN=307 :are supported by this server
20:59:40 :delta.uk.eu.synirc.net 005 robophiz SAFELIST SILENCE=15 STATUSMSG=~&@%+ TARGMAX=DCCALLOW:,ISON:,JOIN:,KICK:4,KILL:,LIST:,NAMES:1,NOTICE:1,PART:,PRIVMSG:4,SAJOIN:,SAPART:,USERHOST:,USERIP:,WATCH:,WHOIS:1,WHOWAS:1 TOPICLEN=360 UHNAMES USERIP WALLCHOPS WATCH=128 WATCHOPTS=A :are supported by this server
20:59:40 :delta.uk.eu.synirc.net 396 robophiz B8C50673.F3C7BB78.33CA7D1E.IP :is now your displayed host
20:59:40 :delta.uk.eu.synirc.net 251 robophiz :There are 25 users and 1871 invisible on 15 servers
20:59:40 :delta.uk.eu.synirc.net 252 robophiz 20 :operator(s) online
20:59:40 :delta.uk.eu.synirc.net 254 robophiz 967 :channels formed
20:59:40 :delta.uk.eu.synirc.net 255 robophiz :I have 107 clients and 0 servers
20:59:40 :delta.uk.eu.synirc.net 265 robophiz 107 109 :Current local users 107, max 109
20:59:40 :delta.uk.eu.synirc.net 266 robophiz 1896 8248 :Current global users 1896, max 8248
20:59:40 :delta.uk.eu.synirc.net 375 robophiz :- delta.uk.eu.synirc.net Message of the Day - 
20:59:40 :delta.uk.eu.synirc.net 372 robophiz :- 16/2/2022 3:25
20:59:40 :delta.uk.eu.synirc.net 372 robophiz :-            ######  ##    ## ##    ## #### ########   ######  
20:59:40 :delta.uk.eu.synirc.net 372 robophiz :-            ##    ##  ##  ##  ###   ##  ##  ##     ## ##    ## 
20:59:40 :delta.uk.eu.synirc.net 372 robophiz :-            ##         ####   ####  ##  ##  ##     ## ##       
20:59:40 :delta.uk.eu.synirc.net 372 robophiz :-             ######     ##    ## ## ##  ##  ########  ##       
20:59:40 :delta.uk.eu.synirc.net 372 robophiz :-                  ##    ##    ##  ####  ##  ##   ##   ##       
20:59:40 :delta.uk.eu.synirc.net 372 robophiz :-            ##    ##    ##    ##   ###  ##  ##    ##  ##    ##
20:59:40 :delta.uk.eu.synirc.net 372 robophiz :-             ######     ##    ##    ## #### ##     ##  ######  
20:59:40 :delta.uk.eu.synirc.net 372 robophiz :- 
20:59:40 :delta.uk.eu.synirc.net 372 robophiz :-          |                                                    |
20:59:40 :delta.uk.eu.synirc.net 372 robophiz :-        --+----------------------------------------------------+--
20:59:40 :delta.uk.eu.synirc.net 372 robophiz :-          |                                                    |
20:59:40 :delta.uk.eu.synirc.net 372 robophiz :-          | Welcome on omega.uk.eu.synirc.net                  |
20:59:40 :delta.uk.eu.synirc.net 372 robophiz :-          | Available ports: 6660-6669                         |
20:59:40 :delta.uk.eu.synirc.net 372 robophiz :-          | SSL ports: 6697, 7001                              |
20:59:40 :delta.uk.eu.synirc.net 372 robophiz :-          |                                                    |
20:59:40 :delta.uk.eu.synirc.net 372 robophiz :-          | Server Admin: Jordan jordan@synirc.net> 	      |
20:59:40 :delta.uk.eu.synirc.net 372 robophiz :-          |                                                    |
20:59:40 :delta.uk.eu.synirc.net 372 robophiz :-        --+----------------------------------------------------+--
20:59:40 :delta.uk.eu.synirc.net 372 robophiz :-          |                                                    |
20:59:40 :delta.uk.eu.synirc.net 372 robophiz :- 
20:59:40 :delta.uk.eu.synirc.net 372 robophiz :- DISCLAIMER:
20:59:40 :delta.uk.eu.synirc.net 372 robophiz :- 
20:59:40 :delta.uk.eu.synirc.net 372 robophiz :- synIRC.net will scan your IP for open proxies upon connection to our 
20:59:40 :delta.uk.eu.synirc.net 372 robophiz :- services.  You must be 18 or older to connect and chat on our services, or 
20:59:40 :delta.uk.eu.synirc.net 372 robophiz :- have parental consent. synIRC.net and its affiliates are not responsible 
20:59:40 :delta.uk.eu.synirc.net 372 robophiz :- for any bodily or mental harm that could possibly come from using its 
20:59:40 :delta.uk.eu.synirc.net 372 robophiz :- services. synIRC.net is not responsible for any data received or sent 
20:59:40 :delta.uk.eu.synirc.net 372 robophiz :- out to our clients. By connecting, you consent to have logging of your 
20:59:40 :delta.uk.eu.synirc.net 372 robophiz :- conversations done by other clients and are also bound to the rules and 
20:59:40 :delta.uk.eu.synirc.net 372 robophiz :- regulations that can be found at http://www.synirc.net/charter/
20:59:40 :delta.uk.eu.synirc.net 372 robophiz :- 
20:59:40 :delta.uk.eu.synirc.net 376 robophiz :End of /MOTD command.
20:59:41 :delta.uk.eu.synirc.net 332 robophiz #phiz :elden ring group/mp pw: eldphiz || According to evidence admitted at the board of rights hearing, "Snorlax" is a Pokémon creature known as "The Sleeping Pokémon." || Black lives matter. Pooplunch stands in solidarity with the Black community.
20:59:41 :delta.uk.eu.synirc.net 333 robophiz #phiz shrimp1989dspinfo 1645985449
20:59:41 :delta.uk.eu.synirc.net 353 robophiz @ #phiz :robophiz ehn ajj ajj3 letty Nude_Riker NORG registered_mirc the`shima the_tasteful_nerd Melber bonegar alansmithee_ dreddybajs greatest_gamer Homie_in_a_geod coaxmetal djcozmik ~het kuf shrimp1989dspinfo eric scoop_jackson pubeman77 
20:59:41 :delta.uk.eu.synirc.net 366 robophiz #phiz :End of /NAMES list.
