03:45:51 :delta.uk.eu.synirc.net 001 robophiz :Welcome to the synIRC IRC Network robophiz!~robophiz@73.129.45.114
03:45:51 :delta.uk.eu.synirc.net 002 robophiz :Your host is delta.uk.eu.synirc.net, running version UnrealIRCd-4.2.4.1
03:45:51 :delta.uk.eu.synirc.net 003 robophiz :This server was created Wed Feb 16 2022 at 01:49:18 UTC
03:45:51 :delta.uk.eu.synirc.net 004 robophiz delta.uk.eu.synirc.net UnrealIRCd-4.2.4.1 iowrsxzdHtIDZRqpWGTSB lvhopsmntikraqbeIzMQNRTOVKDdGLPZSCcf
03:45:51 :delta.uk.eu.synirc.net 005 robophiz AWAYLEN=307 CASEMAPPING=ascii CHANLIMIT=#:40 CHANMODES=beI,kLf,l,psmntirzMQNRTOVKDdGPZSCc CHANNELLEN=32 CHANTYPES=# DEAF=d ELIST=MNUCT EXCEPTS EXTBAN=~,tmTSOcaRrnqj HCN INVEX :are supported by this server
03:45:51 :delta.uk.eu.synirc.net 005 robophiz KICKLEN=307 KNOCK MAP MAXCHANNELS=40 MAXLIST=b:60,e:60,I:60 MAXNICKLEN=30 MODES=12 NAMESX NETWORK=synIRC NICKLEN=30 PREFIX=(qaohv)~&@%+ QUITLEN=307 :are supported by this server
03:45:51 :delta.uk.eu.synirc.net 005 robophiz SAFELIST SILENCE=15 STATUSMSG=~&@%+ TARGMAX=DCCALLOW:,ISON:,JOIN:,KICK:4,KILL:,LIST:,NAMES:1,NOTICE:1,PART:,PRIVMSG:4,SAJOIN:,SAPART:,USERHOST:,USERIP:,WATCH:,WHOIS:1,WHOWAS:1 TOPICLEN=360 UHNAMES USERIP WALLCHOPS WATCH=128 WATCHOPTS=A :are supported by this server
03:45:51 :delta.uk.eu.synirc.net 396 robophiz B8C50673.F3C7BB78.33CA7D1E.IP :is now your displayed host
03:45:51 :delta.uk.eu.synirc.net 251 robophiz :There are 25 users and 1827 invisible on 16 servers
03:45:51 :delta.uk.eu.synirc.net 252 robophiz 20 :operator(s) online
03:45:51 :delta.uk.eu.synirc.net 254 robophiz 946 :channels formed
03:45:51 :delta.uk.eu.synirc.net 255 robophiz :I have 134 clients and 0 servers
03:45:51 :delta.uk.eu.synirc.net 265 robophiz 134 138 :Current local users 134, max 138
03:45:51 :delta.uk.eu.synirc.net 266 robophiz 1852 8248 :Current global users 1852, max 8248
03:45:51 :delta.uk.eu.synirc.net 375 robophiz :- delta.uk.eu.synirc.net Message of the Day - 
03:45:51 :delta.uk.eu.synirc.net 372 robophiz :- 16/2/2022 3:25
03:45:51 :delta.uk.eu.synirc.net 372 robophiz :-            ######  ##    ## ##    ## #### ########   ######  
03:45:51 :delta.uk.eu.synirc.net 372 robophiz :-            ##    ##  ##  ##  ###   ##  ##  ##     ## ##    ## 
03:45:51 :delta.uk.eu.synirc.net 372 robophiz :-            ##         ####   ####  ##  ##  ##     ## ##       
03:45:51 :delta.uk.eu.synirc.net 372 robophiz :-             ######     ##    ## ## ##  ##  ########  ##       
03:45:51 :delta.uk.eu.synirc.net 372 robophiz :-                  ##    ##    ##  ####  ##  ##   ##   ##       
03:45:51 :delta.uk.eu.synirc.net 372 robophiz :-            ##    ##    ##    ##   ###  ##  ##    ##  ##    ##
03:45:51 :delta.uk.eu.synirc.net 372 robophiz :-             ######     ##    ##    ## #### ##     ##  ######  
03:45:51 :delta.uk.eu.synirc.net 372 robophiz :- 
03:45:51 :delta.uk.eu.synirc.net 372 robophiz :-          |                                                    |
03:45:51 :delta.uk.eu.synirc.net 372 robophiz :-        --+----------------------------------------------------+--
03:45:51 :delta.uk.eu.synirc.net 372 robophiz :-          |                                                    |
03:45:51 :delta.uk.eu.synirc.net 372 robophiz :-          | Welcome on omega.uk.eu.synirc.net                  |
03:45:51 :delta.uk.eu.synirc.net 372 robophiz :-          | Available ports: 6660-6669                         |
03:45:51 :delta.uk.eu.synirc.net 372 robophiz :-          | SSL ports: 6697, 7001                              |
03:45:51 :delta.uk.eu.synirc.net 372 robophiz :-          |                                                    |
03:45:51 :delta.uk.eu.synirc.net 372 robophiz :-          | Server Admin: Jordan jordan@synirc.net> 	      |
03:45:51 :delta.uk.eu.synirc.net 372 robophiz :-          |                                                    |
03:45:51 :delta.uk.eu.synirc.net 372 robophiz :-        --+----------------------------------------------------+--
03:45:51 :delta.uk.eu.synirc.net 372 robophiz :-          |                                                    |
03:45:51 :delta.uk.eu.synirc.net 372 robophiz :- 
03:45:51 :delta.uk.eu.synirc.net 372 robophiz :- DISCLAIMER:
03:45:51 :delta.uk.eu.synirc.net 372 robophiz :- 
03:45:51 :delta.uk.eu.synirc.net 372 robophiz :- synIRC.net will scan your IP for open proxies upon connection to our 
03:45:51 :delta.uk.eu.synirc.net 372 robophiz :- services.  You must be 18 or older to connect and chat on our services, or 
03:45:51 :delta.uk.eu.synirc.net 372 robophiz :- have parental consent. synIRC.net and its affiliates are not responsible 
03:45:51 :delta.uk.eu.synirc.net 372 robophiz :- for any bodily or mental harm that could possibly come from using its 
03:45:52 :delta.uk.eu.synirc.net 372 robophiz :- services. synIRC.net is not responsible for any data received or sent 
03:45:52 :delta.uk.eu.synirc.net 372 robophiz :- out to our clients. By connecting, you consent to have logging of your 
03:45:52 :delta.uk.eu.synirc.net 372 robophiz :- conversations done by other clients and are also bound to the rules and 
03:45:52 :delta.uk.eu.synirc.net 372 robophiz :- regulations that can be found at http://www.synirc.net/charter/
03:45:52 :delta.uk.eu.synirc.net 372 robophiz :- 
03:45:52 :delta.uk.eu.synirc.net 376 robophiz :End of /MOTD command.
03:45:53 :delta.uk.eu.synirc.net 332 robophiz #phiz :elden ring group/mp pw: eldphiz || Feminist*HATE_this PenisTrick
03:45:53 :delta.uk.eu.synirc.net 333 robophiz #phiz Homie_in_a_geod 1647711894
03:45:53 :delta.uk.eu.synirc.net 353 robophiz @ #phiz :robophiz ajj2 NORG alansmithee_ HellaBrad bonegar mpg the`shima dreddybajs Selfie_Dad Melber greatest_gamer Homie_in_a_geod coaxmetal djcozmik ~het LilSwede91 wild_ape-style_creature eric scoop_jackson 
03:45:53 :delta.uk.eu.synirc.net 366 robophiz #phiz :End of /NAMES list.
