16:38:07 :delta.uk.eu.synirc.net 001 robophiz :Welcome to the synIRC IRC Network robophiz!~robophiz@73.129.45.114
16:38:07 :delta.uk.eu.synirc.net 002 robophiz :Your host is delta.uk.eu.synirc.net, running version UnrealIRCd-4.2.4.1
16:38:07 :delta.uk.eu.synirc.net 003 robophiz :This server was created Wed Feb 16 2022 at 01:49:18 UTC
16:38:07 :delta.uk.eu.synirc.net 004 robophiz delta.uk.eu.synirc.net UnrealIRCd-4.2.4.1 iowrsxzdHtIDZRqpWGTSB lvhopsmntikraqbeIzMQNRTOVKDdGLPZSCcf
16:38:07 :delta.uk.eu.synirc.net 005 robophiz AWAYLEN=307 CASEMAPPING=ascii CHANLIMIT=#:40 CHANMODES=beI,kLf,l,psmntirzMQNRTOVKDdGPZSCc CHANNELLEN=32 CHANTYPES=# DEAF=d ELIST=MNUCT EXCEPTS EXTBAN=~,tmTSOcaRrnqj HCN INVEX :are supported by this server
16:38:07 :delta.uk.eu.synirc.net 005 robophiz KICKLEN=307 KNOCK MAP MAXCHANNELS=40 MAXLIST=b:60,e:60,I:60 MAXNICKLEN=30 MODES=12 NAMESX NETWORK=synIRC NICKLEN=30 PREFIX=(qaohv)~&@%+ QUITLEN=307 :are supported by this server
16:38:07 :delta.uk.eu.synirc.net 005 robophiz SAFELIST SILENCE=15 STATUSMSG=~&@%+ TARGMAX=DCCALLOW:,ISON:,JOIN:,KICK:4,KILL:,LIST:,NAMES:1,NOTICE:1,PART:,PRIVMSG:4,SAJOIN:,SAPART:,USERHOST:,USERIP:,WATCH:,WHOIS:1,WHOWAS:1 TOPICLEN=360 UHNAMES USERIP WALLCHOPS WATCH=128 WATCHOPTS=A :are supported by this server
16:38:07 :delta.uk.eu.synirc.net 396 robophiz B8C50673.F3C7BB78.33CA7D1E.IP :is now your displayed host
16:38:07 :delta.uk.eu.synirc.net 251 robophiz :There are 25 users and 1883 invisible on 15 servers
16:38:07 :delta.uk.eu.synirc.net 252 robophiz 20 :operator(s) online
16:38:07 :delta.uk.eu.synirc.net 254 robophiz 986 :channels formed
16:38:07 :delta.uk.eu.synirc.net 255 robophiz :I have 82 clients and 0 servers
16:38:07 :delta.uk.eu.synirc.net 265 robophiz 82 82 :Current local users 82, max 82
16:38:07 :delta.uk.eu.synirc.net 266 robophiz 1908 8248 :Current global users 1908, max 8248
16:38:07 :delta.uk.eu.synirc.net 375 robophiz :- delta.uk.eu.synirc.net Message of the Day - 
16:38:07 :delta.uk.eu.synirc.net 372 robophiz :- 16/2/2022 3:25
16:38:07 :delta.uk.eu.synirc.net 372 robophiz :-            ######  ##    ## ##    ## #### ########   ######  
16:38:07 :delta.uk.eu.synirc.net 372 robophiz :-            ##    ##  ##  ##  ###   ##  ##  ##     ## ##    ## 
16:38:07 :delta.uk.eu.synirc.net 372 robophiz :-            ##         ####   ####  ##  ##  ##     ## ##       
16:38:07 :delta.uk.eu.synirc.net 372 robophiz :-             ######     ##    ## ## ##  ##  ########  ##       
16:38:07 :delta.uk.eu.synirc.net 372 robophiz :-                  ##    ##    ##  ####  ##  ##   ##   ##       
16:38:07 :delta.uk.eu.synirc.net 372 robophiz :-            ##    ##    ##    ##   ###  ##  ##    ##  ##    ##
16:38:07 :delta.uk.eu.synirc.net 372 robophiz :-             ######     ##    ##    ## #### ##     ##  ######  
16:38:07 :delta.uk.eu.synirc.net 372 robophiz :- 
16:38:07 :delta.uk.eu.synirc.net 372 robophiz :-          |                                                    |
16:38:07 :delta.uk.eu.synirc.net 372 robophiz :-        --+----------------------------------------------------+--
16:38:07 :delta.uk.eu.synirc.net 372 robophiz :-          |                                                    |
16:38:07 :delta.uk.eu.synirc.net 372 robophiz :-          | Welcome on omega.uk.eu.synirc.net                  |
16:38:07 :delta.uk.eu.synirc.net 372 robophiz :-          | Available ports: 6660-6669                         |
16:38:07 :delta.uk.eu.synirc.net 372 robophiz :-          | SSL ports: 6697, 7001                              |
16:38:07 :delta.uk.eu.synirc.net 372 robophiz :-          |                                                    |
16:38:07 :delta.uk.eu.synirc.net 372 robophiz :-          | Server Admin: Jordan jordan@synirc.net> 	      |
16:38:07 :delta.uk.eu.synirc.net 372 robophiz :-          |                                                    |
16:38:07 :delta.uk.eu.synirc.net 372 robophiz :-        --+----------------------------------------------------+--
