11:50:21 :delta.uk.eu.synirc.net 001 robophiz :Welcome to the synIRC IRC Network robophiz!~robophiz@73.129.45.114
11:50:21 :delta.uk.eu.synirc.net 002 robophiz :Your host is delta.uk.eu.synirc.net, running version UnrealIRCd-4.2.4.1
11:50:21 :delta.uk.eu.synirc.net 003 robophiz :This server was created Wed Feb 16 2022 at 01:49:18 UTC
11:50:21 :delta.uk.eu.synirc.net 004 robophiz delta.uk.eu.synirc.net UnrealIRCd-4.2.4.1 iowrsxzdHtIDZRqpWGTSB lvhopsmntikraqbeIzMQNRTOVKDdGLPZSCcf
11:50:21 :delta.uk.eu.synirc.net 005 robophiz AWAYLEN=307 CASEMAPPING=ascii CHANLIMIT=#:40 CHANMODES=beI,kLf,l,psmntirzMQNRTOVKDdGPZSCc CHANNELLEN=32 CHANTYPES=# DEAF=d ELIST=MNUCT EXCEPTS EXTBAN=~,tmTSOcaRrnqj HCN INVEX :are supported by this server
11:50:21 :delta.uk.eu.synirc.net 005 robophiz KICKLEN=307 KNOCK MAP MAXCHANNELS=40 MAXLIST=b:60,e:60,I:60 MAXNICKLEN=30 MODES=12 NAMESX NETWORK=synIRC NICKLEN=30 PREFIX=(qaohv)~&@%+ QUITLEN=307 :are supported by this server
11:50:21 :delta.uk.eu.synirc.net 005 robophiz SAFELIST SILENCE=15 STATUSMSG=~&@%+ TARGMAX=DCCALLOW:,ISON:,JOIN:,KICK:4,KILL:,LIST:,NAMES:1,NOTICE:1,PART:,PRIVMSG:4,SAJOIN:,SAPART:,USERHOST:,USERIP:,WATCH:,WHOIS:1,WHOWAS:1 TOPICLEN=360 UHNAMES USERIP WALLCHOPS WATCH=128 WATCHOPTS=A :are supported by this server
11:50:21 :delta.uk.eu.synirc.net 396 robophiz B8C50673.F3C7BB78.33CA7D1E.IP :is now your displayed host
11:50:21 :delta.uk.eu.synirc.net 251 robophiz :There are 25 users and 1790 invisible on 15 servers
11:50:21 :delta.uk.eu.synirc.net 252 robophiz 19 :operator(s) online
11:50:21 :delta.uk.eu.synirc.net 254 robophiz 959 :channels formed
11:50:21 :delta.uk.eu.synirc.net 255 robophiz :I have 108 clients and 0 servers
11:50:21 :delta.uk.eu.synirc.net 265 robophiz 108 125 :Current local users 108, max 125
11:50:21 :delta.uk.eu.synirc.net 266 robophiz 1815 8248 :Current global users 1815, max 8248
11:50:21 :delta.uk.eu.synirc.net 375 robophiz :- delta.uk.eu.synirc.net Message of the Day - 
11:50:21 :delta.uk.eu.synirc.net 372 robophiz :- 16/2/2022 3:25
11:50:21 :delta.uk.eu.synirc.net 372 robophiz :-            ######  ##    ## ##    ## #### ########   ######  
11:50:21 :delta.uk.eu.synirc.net 372 robophiz :-            ##    ##  ##  ##  ###   ##  ##  ##     ## ##    ## 
11:50:21 :delta.uk.eu.synirc.net 372 robophiz :-            ##         ####   ####  ##  ##  ##     ## ##       
11:50:21 :delta.uk.eu.synirc.net 372 robophiz :-             ######     ##    ## ## ##  ##  ########  ##       
11:50:21 :delta.uk.eu.synirc.net 372 robophiz :-                  ##    ##    ##  ####  ##  ##   ##   ##       
11:50:21 :delta.uk.eu.synirc.net 372 robophiz :-            ##    ##    ##    ##   ###  ##  ##    ##  ##    ##
11:50:21 :delta.uk.eu.synirc.net 372 robophiz :-             ######     ##    ##    ## #### ##     ##  ######  
11:50:21 :delta.uk.eu.synirc.net 372 robophiz :- 
11:50:21 :delta.uk.eu.synirc.net 372 robophiz :-          |                                                    |
11:50:21 :delta.uk.eu.synirc.net 372 robophiz :-        --+----------------------------------------------------+--
11:50:21 :delta.uk.eu.synirc.net 372 robophiz :-          |                                                    |
11:50:21 :delta.uk.eu.synirc.net 372 robophiz :-          | Welcome on omega.uk.eu.synirc.net                  |
11:50:21 :delta.uk.eu.synirc.net 372 robophiz :-          | Available ports: 6660-6669                         |
11:50:21 :delta.uk.eu.synirc.net 372 robophiz :-          | SSL ports: 6697, 7001                              |
11:50:21 :delta.uk.eu.synirc.net 372 robophiz :-          |                                                    |
11:50:21 :delta.uk.eu.synirc.net 372 robophiz :-          | Server Admin: Jordan jordan@synirc.net> 	      |
11:50:21 :delta.uk.eu.synirc.net 372 robophiz :-          |                                                    |
11:50:21 :delta.uk.eu.synirc.net 372 robophiz :-        --+----------------------------------------------------+--
11:50:21 :delta.uk.eu.synirc.net 372 robophiz :-          |                                                    |
11:50:21 :delta.uk.eu.synirc.net 372 robophiz :- 
11:50:21 :delta.uk.eu.synirc.net 372 robophiz :- DISCLAIMER:
11:50:21 :delta.uk.eu.synirc.net 372 robophiz :- 
11:50:21 :delta.uk.eu.synirc.net 372 robophiz :- synIRC.net will scan your IP for open proxies upon connection to our 
11:50:21 :delta.uk.eu.synirc.net 372 robophiz :- services.  You must be 18 or older to connect and chat on our services, or 
11:50:21 :delta.uk.eu.synirc.net 372 robophiz :- have parental consent. synIRC.net and its affiliates are not responsible 
11:50:21 :delta.uk.eu.synirc.net 372 robophiz :- for any bodily or mental harm that could possibly come from using its 
11:50:21 :delta.uk.eu.synirc.net 372 robophiz :- services. synIRC.net is not responsible for any data received or sent 
11:50:21 :delta.uk.eu.synirc.net 372 robophiz :- out to our clients. By connecting, you consent to have logging of your 
11:50:21 :delta.uk.eu.synirc.net 372 robophiz :- conversations done by other clients and are also bound to the rules and 
11:50:21 :delta.uk.eu.synirc.net 372 robophiz :- regulations that can be found at http://www.synirc.net/charter/
11:50:21 :delta.uk.eu.synirc.net 372 robophiz :- 
11:50:21 :delta.uk.eu.synirc.net 376 robophiz :End of /MOTD command.
11:50:22 :delta.uk.eu.synirc.net 332 robophiz #phiz :elden ring group/mp pw: eldphiz || According to evidence admitted at the board of rights hearing, "Snorlax" is a Pokémon creature known as "The Sleeping Pokémon." || Black lives matter. Pooplunch stands in solidarity with the Black community.
11:50:22 :delta.uk.eu.synirc.net 333 robophiz #phiz shrimp1989dspinfo 1645985449
11:50:22 :delta.uk.eu.synirc.net 353 robophiz @ #phiz :robophiz bonegar registered_mirc NORG the`shima alansmithee_ the_tasteful_nerd Melber dreddybajs greatest_gamer Homie_in_a_geod coaxmetal djcozmik ~het LilSwede91 shrimp1989dspinfo eric scoop_jackson mikev 
11:50:22 :delta.uk.eu.synirc.net 366 robophiz #phiz :End of /NAMES list.
16:07:45 :delta.uk.eu.synirc.net 001 robophiz :Welcome to the synIRC IRC Network robophiz!~robophiz@73.129.45.114
16:07:45 :delta.uk.eu.synirc.net 002 robophiz :Your host is delta.uk.eu.synirc.net, running version UnrealIRCd-4.2.4.1
16:07:45 :delta.uk.eu.synirc.net 003 robophiz :This server was created Wed Feb 16 2022 at 01:49:18 UTC
16:07:45 :delta.uk.eu.synirc.net 004 robophiz delta.uk.eu.synirc.net UnrealIRCd-4.2.4.1 iowrsxzdHtIDZRqpWGTSB lvhopsmntikraqbeIzMQNRTOVKDdGLPZSCcf
16:07:45 :delta.uk.eu.synirc.net 005 robophiz AWAYLEN=307 CASEMAPPING=ascii CHANLIMIT=#:40 CHANMODES=beI,kLf,l,psmntirzMQNRTOVKDdGPZSCc CHANNELLEN=32 CHANTYPES=# DEAF=d ELIST=MNUCT EXCEPTS EXTBAN=~,tmTSOcaRrnqj HCN INVEX :are supported by this server
16:07:45 :delta.uk.eu.synirc.net 005 robophiz KICKLEN=307 KNOCK MAP MAXCHANNELS=40 MAXLIST=b:60,e:60,I:60 MAXNICKLEN=30 MODES=12 NAMESX NETWORK=synIRC NICKLEN=30 PREFIX=(qaohv)~&@%+ QUITLEN=307 :are supported by this server
16:07:45 :delta.uk.eu.synirc.net 005 robophiz SAFELIST SILENCE=15 STATUSMSG=~&@%+ TARGMAX=DCCALLOW:,ISON:,JOIN:,KICK:4,KILL:,LIST:,NAMES:1,NOTICE:1,PART:,PRIVMSG:4,SAJOIN:,SAPART:,USERHOST:,USERIP:,WATCH:,WHOIS:1,WHOWAS:1 TOPICLEN=360 UHNAMES USERIP WALLCHOPS WATCH=128 WATCHOPTS=A :are supported by this server
16:07:45 :delta.uk.eu.synirc.net 396 robophiz B8C50673.F3C7BB78.33CA7D1E.IP :is now your displayed host
16:07:45 :delta.uk.eu.synirc.net 251 robophiz :There are 25 users and 1839 invisible on 15 servers
16:07:45 :delta.uk.eu.synirc.net 252 robophiz 19 :operator(s) online
16:07:45 :delta.uk.eu.synirc.net 254 robophiz 967 :channels formed
16:07:45 :delta.uk.eu.synirc.net 255 robophiz :I have 112 clients and 0 servers
16:07:45 :delta.uk.eu.synirc.net 265 robophiz 112 125 :Current local users 112, max 125
16:07:45 :delta.uk.eu.synirc.net 266 robophiz 1864 8248 :Current global users 1864, max 8248
16:07:45 :delta.uk.eu.synirc.net 375 robophiz :- delta.uk.eu.synirc.net Message of the Day - 
16:07:45 :delta.uk.eu.synirc.net 372 robophiz :- 16/2/2022 3:25
16:07:45 :delta.uk.eu.synirc.net 372 robophiz :-            ######  ##    ## ##    ## #### ########   ######  
16:07:45 :delta.uk.eu.synirc.net 372 robophiz :-            ##    ##  ##  ##  ###   ##  ##  ##     ## ##    ## 
16:07:45 :delta.uk.eu.synirc.net 372 robophiz :-            ##         ####   ####  ##  ##  ##     ## ##       
16:07:45 :delta.uk.eu.synirc.net 372 robophiz :-             ######     ##    ## ## ##  ##  ########  ##       
16:07:45 :delta.uk.eu.synirc.net 372 robophiz :-                  ##    ##    ##  ####  ##  ##   ##   ##       
16:07:45 :delta.uk.eu.synirc.net 372 robophiz :-            ##    ##    ##    ##   ###  ##  ##    ##  ##    ##
16:07:45 :delta.uk.eu.synirc.net 372 robophiz :-             ######     ##    ##    ## #### ##     ##  ######  
16:07:45 :delta.uk.eu.synirc.net 372 robophiz :- 
16:07:45 :delta.uk.eu.synirc.net 372 robophiz :-          |                                                    |
16:07:45 :delta.uk.eu.synirc.net 372 robophiz :-        --+----------------------------------------------------+--
16:07:45 :delta.uk.eu.synirc.net 372 robophiz :-          |                                                    |
16:07:45 :delta.uk.eu.synirc.net 372 robophiz :-          | Welcome on omega.uk.eu.synirc.net                  |
16:07:45 :delta.uk.eu.synirc.net 372 robophiz :-          | Available ports: 6660-6669                         |
16:07:45 :delta.uk.eu.synirc.net 372 robophiz :-          | SSL ports: 6697, 7001                              |
16:07:45 :delta.uk.eu.synirc.net 372 robophiz :-          |                                                    |
16:07:45 :delta.uk.eu.synirc.net 372 robophiz :-          | Server Admin: Jordan jordan@synirc.net> 	      |
16:07:45 :delta.uk.eu.synirc.net 372 robophiz :-          |                                                    |
16:07:45 :delta.uk.eu.synirc.net 372 robophiz :-        --+----------------------------------------------------+--
16:07:45 :delta.uk.eu.synirc.net 372 robophiz :-          |                                                    |
16:07:45 :delta.uk.eu.synirc.net 372 robophiz :- 
16:07:45 :delta.uk.eu.synirc.net 372 robophiz :- DISCLAIMER:
16:07:45 :delta.uk.eu.synirc.net 372 robophiz :- 
16:07:45 :delta.uk.eu.synirc.net 372 robophiz :- synIRC.net will scan your IP for open proxies upon connection to our 
16:07:45 :delta.uk.eu.synirc.net 372 robophiz :- services.  You must be 18 or older to connect and chat on our services, or 
16:07:45 :delta.uk.eu.synirc.net 372 robophiz :- have parental consent. synIRC.net and its affiliates are not responsible 
16:07:46 :delta.uk.eu.synirc.net 372 robophiz :- for any bodily or mental harm that could possibly come from using its 
16:07:46 :delta.uk.eu.synirc.net 372 robophiz :- services. synIRC.net is not responsible for any data received or sent 
16:07:46 :delta.uk.eu.synirc.net 372 robophiz :- out to our clients. By connecting, you consent to have logging of your 
16:07:46 :delta.uk.eu.synirc.net 372 robophiz :- conversations done by other clients and are also bound to the rules and 
16:07:46 :delta.uk.eu.synirc.net 372 robophiz :- regulations that can be found at http://www.synirc.net/charter/
16:07:46 :delta.uk.eu.synirc.net 372 robophiz :- 
16:07:46 :delta.uk.eu.synirc.net 376 robophiz :End of /MOTD command.
16:07:47 :delta.uk.eu.synirc.net 332 robophiz #phiz :elden ring group/mp pw: eldphiz || According to evidence admitted at the board of rights hearing, "Snorlax" is a Pokémon creature known as "The Sleeping Pokémon." || Black lives matter. Pooplunch stands in solidarity with the Black community.
16:07:47 :delta.uk.eu.synirc.net 333 robophiz #phiz shrimp1989dspinfo 1645985449
16:07:47 :delta.uk.eu.synirc.net 353 robophiz @ #phiz :robophiz registered_mirc Rusty Disco_Pope bonegar NORG the`shima alansmithee_ the_tasteful_nerd Melber dreddybajs greatest_gamer Homie_in_a_geod coaxmetal djcozmik ~het LilSwede91 shrimp1989dspinfo eric scoop_jackson mikev 
