23:55:47 :euclid.ie.eu.synirc.net 001 robophiz :Welcome to the synIRC IRC Network robophiz!~robophiz@73.129.45.114
23:55:47 :euclid.ie.eu.synirc.net 002 robophiz :Your host is euclid.ie.eu.synirc.net, running version Unreal3.2.10.7
23:55:47 :euclid.ie.eu.synirc.net 003 robophiz :This server was created Mon Aug 27 2018 at 18:59:02 UTC
23:55:47 :euclid.ie.eu.synirc.net 004 robophiz euclid.ie.eu.synirc.net Unreal3.2.10.7 iowghraAsORTVSxNCWqBzvdHtGpI lvhopsmntikrRcaqOALQbSeIKVfMCuzNTGjZ
23:55:47 :euclid.ie.eu.synirc.net 005 robophiz CMDS=KNOCK,MAP,DCCALLOW,USERIP,STARTTLS UHNAMES NAMESX SAFELIST HCN MAXCHANNELS=40 CHANLIMIT=#:40 MAXLIST=b:60,e:60,I:60 NICKLEN=30 CHANNELLEN=32 TOPICLEN=307 KICKLEN=307 AWAYLEN=307 :are supported by this server
23:55:47 :euclid.ie.eu.synirc.net 005 robophiz MAXTARGETS=20 WALLCHOPS WATCH=128 WATCHOPTS=A SILENCE=15 MODES=12 CHANTYPES=# PREFIX=(qaohv)~&@%+ CHANMODES=beI,kfL,lj,psmntirRcOAQKVCuzNSMTGZ NETWORK=synIRC CASEMAPPING=ascii EXTBAN=~,qjncrRa ELIST=MNUCT :are supported by this server
23:55:47 :euclid.ie.eu.synirc.net 005 robophiz STATUSMSG=~&@%+ EXCEPTS INVEX :are supported by this server
23:55:47 :euclid.ie.eu.synirc.net 251 robophiz :There are 25 users and 1850 invisible on 15 servers
23:55:47 :euclid.ie.eu.synirc.net 252 robophiz 20 :operator(s) online
23:55:47 :euclid.ie.eu.synirc.net 254 robophiz 977 :channels formed
23:55:47 :euclid.ie.eu.synirc.net 255 robophiz :I have 246 clients and 0 servers
23:55:47 :euclid.ie.eu.synirc.net 265 robophiz 246 537 :Current local users 246, max 537
23:55:47 :euclid.ie.eu.synirc.net 266 robophiz 1875 8248 :Current global users 1875, max 8248
23:55:47 :euclid.ie.eu.synirc.net 375 robophiz :- euclid.ie.eu.synirc.net Message of the Day - 
23:55:47 :euclid.ie.eu.synirc.net 372 robophiz :- 29/8/2018 3:07
23:55:47 :euclid.ie.eu.synirc.net 372 robophiz :- This is the short MOTD. To view the complete MOTD type /motd
23:55:47 :euclid.ie.eu.synirc.net 372 robophiz :- 
23:55:47 :euclid.ie.eu.synirc.net 372 robophiz :-             ######  ##    ## ##    ## #### ########   ######  
23:55:47 :euclid.ie.eu.synirc.net 372 robophiz :-            ##    ##  ##  ##  ###   ##  ##  ##     ## ##    ## 
23:55:47 :euclid.ie.eu.synirc.net 372 robophiz :-            ##         ####   ####  ##  ##  ##     ## ##       
23:55:47 :euclid.ie.eu.synirc.net 372 robophiz :-             ######     ##    ## ## ##  ##  ########  ##       
23:55:47 :euclid.ie.eu.synirc.net 372 robophiz :-                  ##    ##    ##  ####  ##  ##   ##   ##       
23:55:47 :euclid.ie.eu.synirc.net 372 robophiz :-            ##    ##    ##    ##   ###  ##  ##    ##  ##    ##
23:55:47 :euclid.ie.eu.synirc.net 372 robophiz :-             ######     ##    ##    ## #### ##     ##  ######  
23:55:47 :euclid.ie.eu.synirc.net 372 robophiz :- 
23:55:47 :euclid.ie.eu.synirc.net 372 robophiz :-          |                                                    |
23:55:47 :euclid.ie.eu.synirc.net 372 robophiz :-        --+----------------------------------------------------+--
23:55:47 :euclid.ie.eu.synirc.net 372 robophiz :-          |                                                    |
23:55:47 :euclid.ie.eu.synirc.net 372 robophiz :-          | Welcome to euclid.ie.eu.synirc.net                 |
23:55:47 :euclid.ie.eu.synirc.net 372 robophiz :-          | Available ports: 6660-6669                         |
23:55:47 :euclid.ie.eu.synirc.net 372 robophiz :-          | SSL ports: 6697, 7001                              |
23:55:47 :euclid.ie.eu.synirc.net 372 robophiz :-          |                                                    |
23:55:47 :euclid.ie.eu.synirc.net 372 robophiz :-          | Server Admin: bluesoul <bluesoul@synirc.net>       |
23:55:47 :euclid.ie.eu.synirc.net 372 robophiz :-          |                                                    |
23:55:47 :euclid.ie.eu.synirc.net 372 robophiz :-        --+----------------------------------------------------+--
23:55:47 :euclid.ie.eu.synirc.net 372 robophiz :-          |                                                    |
