01:37:56 :euclid.ie.eu.synirc.net 001 robophiz :Welcome to the synIRC IRC Network robophiz!~robophiz@73.129.45.114
01:37:56 :euclid.ie.eu.synirc.net 002 robophiz :Your host is euclid.ie.eu.synirc.net, running version Unreal3.2.10.7
01:37:56 :euclid.ie.eu.synirc.net 003 robophiz :This server was created Mon Aug 27 2018 at 18:59:02 UTC
01:37:56 :euclid.ie.eu.synirc.net 004 robophiz euclid.ie.eu.synirc.net Unreal3.2.10.7 iowghraAsORTVSxNCWqBzvdHtGpI lvhopsmntikrRcaqOALQbSeIKVfMCuzNTGjZ
01:37:56 :euclid.ie.eu.synirc.net 005 robophiz CMDS=KNOCK,MAP,DCCALLOW,USERIP,STARTTLS UHNAMES NAMESX SAFELIST HCN MAXCHANNELS=40 CHANLIMIT=#:40 MAXLIST=b:60,e:60,I:60 NICKLEN=30 CHANNELLEN=32 TOPICLEN=307 KICKLEN=307 AWAYLEN=307 :are supported by this server
01:37:56 :euclid.ie.eu.synirc.net 005 robophiz MAXTARGETS=20 WALLCHOPS WATCH=128 WATCHOPTS=A SILENCE=15 MODES=12 CHANTYPES=# PREFIX=(qaohv)~&@%+ CHANMODES=beI,kfL,lj,psmntirRcOAQKVCuzNSMTGZ NETWORK=synIRC CASEMAPPING=ascii EXTBAN=~,qjncrRa ELIST=MNUCT :are supported by this server
01:37:56 :euclid.ie.eu.synirc.net 005 robophiz STATUSMSG=~&@%+ EXCEPTS INVEX :are supported by this server
01:37:56 :euclid.ie.eu.synirc.net 251 robophiz :There are 25 users and 1837 invisible on 16 servers
01:37:56 :euclid.ie.eu.synirc.net 252 robophiz 20 :operator(s) online
01:37:56 :euclid.ie.eu.synirc.net 254 robophiz 954 :channels formed
01:37:56 :euclid.ie.eu.synirc.net 255 robophiz :I have 217 clients and 0 servers
01:37:56 :euclid.ie.eu.synirc.net 265 robophiz 217 537 :Current local users 217, max 537
01:37:56 :euclid.ie.eu.synirc.net 266 robophiz 1862 8248 :Current global users 1862, max 8248
01:37:56 :euclid.ie.eu.synirc.net 375 robophiz :- euclid.ie.eu.synirc.net Message of the Day - 
01:37:56 :euclid.ie.eu.synirc.net 372 robophiz :- 29/8/2018 3:07
01:37:56 :euclid.ie.eu.synirc.net 372 robophiz :- This is the short MOTD. To view the complete MOTD type /motd
01:37:56 :euclid.ie.eu.synirc.net 372 robophiz :- 
01:37:56 :euclid.ie.eu.synirc.net 372 robophiz :-             ######  ##    ## ##    ## #### ########   ######  
01:37:56 :euclid.ie.eu.synirc.net 372 robophiz :-            ##    ##  ##  ##  ###   ##  ##  ##     ## ##    ## 
01:37:56 :euclid.ie.eu.synirc.net 372 robophiz :-            ##         ####   ####  ##  ##  ##     ## ##       
01:37:56 :euclid.ie.eu.synirc.net 372 robophiz :-             ######     ##    ## ## ##  ##  ########  ##       
01:37:56 :euclid.ie.eu.synirc.net 372 robophiz :-                  ##    ##    ##  ####  ##  ##   ##   ##       
01:37:56 :euclid.ie.eu.synirc.net 372 robophiz :-            ##    ##    ##    ##   ###  ##  ##    ##  ##    ##
01:37:56 :euclid.ie.eu.synirc.net 372 robophiz :-             ######     ##    ##    ## #### ##     ##  ######  
01:37:56 :euclid.ie.eu.synirc.net 372 robophiz :- 
01:37:56 :euclid.ie.eu.synirc.net 372 robophiz :-          |                                                    |
01:37:56 :euclid.ie.eu.synirc.net 372 robophiz :-        --+----------------------------------------------------+--
01:37:56 :euclid.ie.eu.synirc.net 372 robophiz :-          |                                                    |
01:37:56 :euclid.ie.eu.synirc.net 372 robophiz :-          | Welcome to euclid.ie.eu.synirc.net                 |
01:37:56 :euclid.ie.eu.synirc.net 372 robophiz :-          | Available ports: 6660-6669                         |
01:37:56 :euclid.ie.eu.synirc.net 372 robophiz :-          | SSL ports: 6697, 7001                              |
01:37:56 :euclid.ie.eu.synirc.net 372 robophiz :-          |                                                    |
01:37:56 :euclid.ie.eu.synirc.net 372 robophiz :-          | Server Admin: bluesoul <bluesoul@synirc.net>       |
01:37:56 :euclid.ie.eu.synirc.net 372 robophiz :-          |                                                    |
01:37:56 :euclid.ie.eu.synirc.net 372 robophiz :-        --+----------------------------------------------------+--
01:37:56 :euclid.ie.eu.synirc.net 372 robophiz :-          |                                                    |
01:37:56 :euclid.ie.eu.synirc.net 372 robophiz :- 
01:37:56 :euclid.ie.eu.synirc.net 372 robophiz :- DISCLAIMER:
01:37:56 :euclid.ie.eu.synirc.net 372 robophiz :- 
01:37:56 :euclid.ie.eu.synirc.net 372 robophiz :- synIRC.net will scan your IP for open proxies upon connection to our 
01:37:56 :euclid.ie.eu.synirc.net 372 robophiz :- services.  You must be 18 or older to connect and chat on our services, or 
01:37:56 :euclid.ie.eu.synirc.net 372 robophiz :- have parental consent. synIRC.net and its affiliates are not responsible 
01:37:56 :euclid.ie.eu.synirc.net 372 robophiz :- for any bodily or mental harm that could possibly come from using its 
01:37:56 :euclid.ie.eu.synirc.net 372 robophiz :- services. synIRC.net is not responsible for any data received or sent 
01:37:56 :euclid.ie.eu.synirc.net 372 robophiz :- out to our clients. By connecting, you consent to have logging of your 
01:37:56 :euclid.ie.eu.synirc.net 372 robophiz :- conversations done by other clients and are also bound to the rules and 
01:37:56 :euclid.ie.eu.synirc.net 372 robophiz :- regulations that can be found at http://www.synirc.net/charter/
01:37:56 :euclid.ie.eu.synirc.net 372 robophiz :- 
01:37:56 :euclid.ie.eu.synirc.net 376 robophiz :End of /MOTD command.
01:37:57 :euclid.ie.eu.synirc.net 332 robophiz #phiz :elden ring group/mp pw: eldphiz || Feminist*HATE_this PenisTrick
01:37:57 :euclid.ie.eu.synirc.net 333 robophiz #phiz Homie_in_a_geod 1647711894
01:37:57 :euclid.ie.eu.synirc.net 353 robophiz @ #phiz :robophiz NORG alansmithee_ HellaBrad Nude_Riker bonegar mpg the`shima dreddybajs Selfie_Dad mikev Melber greatest_gamer Homie_in_a_geod coaxmetal scoop_jackson eric wild_ape-style_creature LilSwede91 ~het djcozmik 
01:37:57 :euclid.ie.eu.synirc.net 366 robophiz #phiz :End of /NAMES list.
