03:19:21 :euclid.ie.eu.synirc.net 001 robophiz :Welcome to the synIRC IRC Network robophiz!~robophiz@73.129.45.114
03:19:21 :euclid.ie.eu.synirc.net 002 robophiz :Your host is euclid.ie.eu.synirc.net, running version Unreal3.2.10.7
03:19:21 :euclid.ie.eu.synirc.net 003 robophiz :This server was created Mon Aug 27 2018 at 18:59:02 UTC
03:19:21 :euclid.ie.eu.synirc.net 004 robophiz euclid.ie.eu.synirc.net Unreal3.2.10.7 iowghraAsORTVSxNCWqBzvdHtGpI lvhopsmntikrRcaqOALQbSeIKVfMCuzNTGjZ
03:19:21 :euclid.ie.eu.synirc.net 005 robophiz CMDS=KNOCK,MAP,DCCALLOW,USERIP,STARTTLS UHNAMES NAMESX SAFELIST HCN MAXCHANNELS=40 CHANLIMIT=#:40 MAXLIST=b:60,e:60,I:60 NICKLEN=30 CHANNELLEN=32 TOPICLEN=307 KICKLEN=307 AWAYLEN=307 :are supported by this server
03:19:21 :euclid.ie.eu.synirc.net 005 robophiz MAXTARGETS=20 WALLCHOPS WATCH=128 WATCHOPTS=A SILENCE=15 MODES=12 CHANTYPES=# PREFIX=(qaohv)~&@%+ CHANMODES=beI,kfL,lj,psmntirRcOAQKVCuzNSMTGZ NETWORK=synIRC CASEMAPPING=ascii EXTBAN=~,qjncrRa ELIST=MNUCT :are supported by this server
03:19:21 :euclid.ie.eu.synirc.net 005 robophiz STATUSMSG=~&@%+ EXCEPTS INVEX :are supported by this server
03:19:21 :euclid.ie.eu.synirc.net 251 robophiz :There are 25 users and 1842 invisible on 15 servers
03:19:21 :euclid.ie.eu.synirc.net 252 robophiz 19 :operator(s) online
03:19:21 :euclid.ie.eu.synirc.net 254 robophiz 971 :channels formed
03:19:21 :euclid.ie.eu.synirc.net 255 robophiz :I have 241 clients and 0 servers
03:19:21 :euclid.ie.eu.synirc.net 265 robophiz 241 537 :Current local users 241, max 537
03:19:21 :euclid.ie.eu.synirc.net 266 robophiz 1867 8248 :Current global users 1867, max 8248
03:19:21 :euclid.ie.eu.synirc.net 375 robophiz :- euclid.ie.eu.synirc.net Message of the Day - 
03:19:21 :euclid.ie.eu.synirc.net 372 robophiz :- 29/8/2018 3:07
03:19:21 :euclid.ie.eu.synirc.net 372 robophiz :- This is the short MOTD. To view the complete MOTD type /motd
03:19:21 :euclid.ie.eu.synirc.net 372 robophiz :- 
03:19:21 :euclid.ie.eu.synirc.net 372 robophiz :-             ######  ##    ## ##    ## #### ########   ######  
03:19:21 :euclid.ie.eu.synirc.net 372 robophiz :-            ##    ##  ##  ##  ###   ##  ##  ##     ## ##    ## 
03:19:21 :euclid.ie.eu.synirc.net 372 robophiz :-            ##         ####   ####  ##  ##  ##     ## ##       
03:19:21 :euclid.ie.eu.synirc.net 372 robophiz :-             ######     ##    ## ## ##  ##  ########  ##       
03:19:21 :euclid.ie.eu.synirc.net 372 robophiz :-                  ##    ##    ##  ####  ##  ##   ##   ##       
03:19:21 :euclid.ie.eu.synirc.net 372 robophiz :-            ##    ##    ##    ##   ###  ##  ##    ##  ##    ##
03:19:21 :euclid.ie.eu.synirc.net 372 robophiz :-             ######     ##    ##    ## #### ##     ##  ######  
03:19:21 :euclid.ie.eu.synirc.net 372 robophiz :- 
03:19:21 :euclid.ie.eu.synirc.net 372 robophiz :-          |                                                    |
03:19:21 :euclid.ie.eu.synirc.net 372 robophiz :-        --+----------------------------------------------------+--
03:19:21 :euclid.ie.eu.synirc.net 372 robophiz :-          |                                                    |
03:19:21 :euclid.ie.eu.synirc.net 372 robophiz :-          | Welcome to euclid.ie.eu.synirc.net                 |
03:19:21 :euclid.ie.eu.synirc.net 372 robophiz :-          | Available ports: 6660-6669                         |
03:19:21 :euclid.ie.eu.synirc.net 372 robophiz :-          | SSL ports: 6697, 7001                              |
03:19:21 :euclid.ie.eu.synirc.net 372 robophiz :-          |                                                    |
03:19:21 :euclid.ie.eu.synirc.net 372 robophiz :-          | Server Admin: bluesoul <bluesoul@synirc.net>       |
03:19:21 :euclid.ie.eu.synirc.net 372 robophiz :-          |                                                    |
03:19:21 :euclid.ie.eu.synirc.net 372 robophiz :-        --+----------------------------------------------------+--
03:19:21 :euclid.ie.eu.synirc.net 372 robophiz :-          |                                                    |
03:19:21 :euclid.ie.eu.synirc.net 372 robophiz :- 
03:19:21 :euclid.ie.eu.synirc.net 372 robophiz :- DISCLAIMER:
03:19:21 :euclid.ie.eu.synirc.net 372 robophiz :- 
03:19:21 :euclid.ie.eu.synirc.net 372 robophiz :- synIRC.net will scan your IP for open proxies upon connection to our 
03:19:21 :euclid.ie.eu.synirc.net 372 robophiz :- services.  You must be 18 or older to connect and chat on our services, or 
03:19:21 :euclid.ie.eu.synirc.net 372 robophiz :- have parental consent. synIRC.net and its affiliates are not responsible 
03:19:21 :euclid.ie.eu.synirc.net 372 robophiz :- for any bodily or mental harm that could possibly come from using its 
03:19:21 :euclid.ie.eu.synirc.net 372 robophiz :- services. synIRC.net is not responsible for any data received or sent 
03:19:21 :euclid.ie.eu.synirc.net 372 robophiz :- out to our clients. By connecting, you consent to have logging of your 
03:19:21 :euclid.ie.eu.synirc.net 372 robophiz :- conversations done by other clients and are also bound to the rules and 
03:19:21 :euclid.ie.eu.synirc.net 372 robophiz :- regulations that can be found at http://www.synirc.net/charter/
03:19:21 :euclid.ie.eu.synirc.net 372 robophiz :- 
03:19:21 :euclid.ie.eu.synirc.net 376 robophiz :End of /MOTD command.
03:19:22 :euclid.ie.eu.synirc.net 332 robophiz #phiz :elden ring group/mp pw: eldphiz || According to evidence admitted at the board of rights hearing, "Snorlax" is a Pokémon creature known as "The Sleeping Pokémon." || Black lives matter. Pooplunch stands in solidarity with the Black community.
03:19:22 :euclid.ie.eu.synirc.net 333 robophiz #phiz shrimp1989dspinfo 1645985449
03:19:22 :euclid.ie.eu.synirc.net 353 robophiz @ #phiz :robophiz bonegar nissan_saliva ajj ehn registered_mirc NORG Nude_Riker the`shima alansmithee_ the_tasteful_nerd Melber dreddybajs greatest_gamer Homie_in_a_geod coaxmetal mikev scoop_jackson eric shrimp1989dspinfo LilSwede91 ~het djcozmik 
03:19:22 :euclid.ie.eu.synirc.net 366 robophiz #phiz :End of /NAMES list.
05:28:21 :euclid.ie.eu.synirc.net 001 robophiz :Welcome to the synIRC IRC Network robophiz!~robophiz@73.129.45.114
05:28:21 :euclid.ie.eu.synirc.net 002 robophiz :Your host is euclid.ie.eu.synirc.net, running version Unreal3.2.10.7
05:28:21 :euclid.ie.eu.synirc.net 003 robophiz :This server was created Mon Aug 27 2018 at 18:59:02 UTC
05:28:21 :euclid.ie.eu.synirc.net 004 robophiz euclid.ie.eu.synirc.net Unreal3.2.10.7 iowghraAsORTVSxNCWqBzvdHtGpI lvhopsmntikrRcaqOALQbSeIKVfMCuzNTGjZ
05:28:21 :euclid.ie.eu.synirc.net 005 robophiz CMDS=KNOCK,MAP,DCCALLOW,USERIP,STARTTLS UHNAMES NAMESX SAFELIST HCN MAXCHANNELS=40 CHANLIMIT=#:40 MAXLIST=b:60,e:60,I:60 NICKLEN=30 CHANNELLEN=32 TOPICLEN=307 KICKLEN=307 AWAYLEN=307 :are supported by this server
05:28:21 :euclid.ie.eu.synirc.net 005 robophiz MAXTARGETS=20 WALLCHOPS WATCH=128 WATCHOPTS=A SILENCE=15 MODES=12 CHANTYPES=# PREFIX=(qaohv)~&@%+ CHANMODES=beI,kfL,lj,psmntirRcOAQKVCuzNSMTGZ NETWORK=synIRC CASEMAPPING=ascii EXTBAN=~,qjncrRa ELIST=MNUCT :are supported by this server
05:28:21 :euclid.ie.eu.synirc.net 005 robophiz STATUSMSG=~&@%+ EXCEPTS INVEX :are supported by this server
05:28:21 :euclid.ie.eu.synirc.net 251 robophiz :There are 25 users and 1810 invisible on 15 servers
05:28:21 :euclid.ie.eu.synirc.net 252 robophiz 19 :operator(s) online
05:28:21 :euclid.ie.eu.synirc.net 254 robophiz 959 :channels formed
05:28:21 :euclid.ie.eu.synirc.net 255 robophiz :I have 238 clients and 0 servers
05:28:21 :euclid.ie.eu.synirc.net 265 robophiz 238 537 :Current local users 238, max 537
05:28:21 :euclid.ie.eu.synirc.net 266 robophiz 1835 8248 :Current global users 1835, max 8248
05:28:21 :euclid.ie.eu.synirc.net 375 robophiz :- euclid.ie.eu.synirc.net Message of the Day - 
05:28:21 :euclid.ie.eu.synirc.net 372 robophiz :- 29/8/2018 3:07
05:28:21 :euclid.ie.eu.synirc.net 372 robophiz :- This is the short MOTD. To view the complete MOTD type /motd
05:28:21 :euclid.ie.eu.synirc.net 372 robophiz :- 
05:28:21 :euclid.ie.eu.synirc.net 372 robophiz :-             ######  ##    ## ##    ## #### ########   ######  
