09:50:03 :euclid.ie.eu.synirc.net 001 robophiz :Welcome to the synIRC IRC Network robophiz!~robophiz@73.129.45.114
09:50:03 :euclid.ie.eu.synirc.net 002 robophiz :Your host is euclid.ie.eu.synirc.net, running version Unreal3.2.10.7
09:50:03 :euclid.ie.eu.synirc.net 003 robophiz :This server was created Mon Aug 27 2018 at 18:59:02 UTC
09:50:03 :euclid.ie.eu.synirc.net 004 robophiz euclid.ie.eu.synirc.net Unreal3.2.10.7 iowghraAsORTVSxNCWqBzvdHtGpI lvhopsmntikrRcaqOALQbSeIKVfMCuzNTGjZ
09:50:03 :euclid.ie.eu.synirc.net 005 robophiz CMDS=KNOCK,MAP,DCCALLOW,USERIP,STARTTLS UHNAMES NAMESX SAFELIST HCN MAXCHANNELS=40 CHANLIMIT=#:40 MAXLIST=b:60,e:60,I:60 NICKLEN=30 CHANNELLEN=32 TOPICLEN=307 KICKLEN=307 AWAYLEN=307 :are supported by this server
09:50:03 :euclid.ie.eu.synirc.net 005 robophiz MAXTARGETS=20 WALLCHOPS WATCH=128 WATCHOPTS=A SILENCE=15 MODES=12 CHANTYPES=# PREFIX=(qaohv)~&@%+ CHANMODES=beI,kfL,lj,psmntirRcOAQKVCuzNSMTGZ NETWORK=synIRC CASEMAPPING=ascii EXTBAN=~,qjncrRa ELIST=MNUCT :are supported by this server
09:50:03 :euclid.ie.eu.synirc.net 005 robophiz STATUSMSG=~&@%+ EXCEPTS INVEX :are supported by this server
09:50:03 :euclid.ie.eu.synirc.net 251 robophiz :There are 25 users and 1822 invisible on 15 servers
09:50:03 :euclid.ie.eu.synirc.net 252 robophiz 20 :operator(s) online
09:50:03 :euclid.ie.eu.synirc.net 254 robophiz 968 :channels formed
09:50:03 :euclid.ie.eu.synirc.net 255 robophiz :I have 261 clients and 0 servers
09:50:03 :euclid.ie.eu.synirc.net 265 robophiz 261 537 :Current local users 261, max 537
09:50:03 :euclid.ie.eu.synirc.net 266 robophiz 1847 8248 :Current global users 1847, max 8248
09:50:03 :euclid.ie.eu.synirc.net 375 robophiz :- euclid.ie.eu.synirc.net Message of the Day - 
09:50:03 :euclid.ie.eu.synirc.net 372 robophiz :- 29/8/2018 3:07
09:50:03 :euclid.ie.eu.synirc.net 372 robophiz :- This is the short MOTD. To view the complete MOTD type /motd
09:50:03 :euclid.ie.eu.synirc.net 372 robophiz :- 
09:50:03 :euclid.ie.eu.synirc.net 372 robophiz :-             ######  ##    ## ##    ## #### ########   ######  
09:50:03 :euclid.ie.eu.synirc.net 372 robophiz :-            ##    ##  ##  ##  ###   ##  ##  ##     ## ##    ## 
09:50:03 :euclid.ie.eu.synirc.net 372 robophiz :-            ##         ####   ####  ##  ##  ##     ## ##       
09:50:03 :euclid.ie.eu.synirc.net 372 robophiz :-             ######     ##    ## ## ##  ##  ########  ##       
09:50:03 :euclid.ie.eu.synirc.net 372 robophiz :-                  ##    ##    ##  ####  ##  ##   ##   ##       
09:50:03 :euclid.ie.eu.synirc.net 372 robophiz :-            ##    ##    ##    ##   ###  ##  ##    ##  ##    ##
09:50:03 :euclid.ie.eu.synirc.net 372 robophiz :-             ######     ##    ##    ## #### ##     ##  ######  
09:50:03 :euclid.ie.eu.synirc.net 372 robophiz :- 
09:50:03 :euclid.ie.eu.synirc.net 372 robophiz :-          |                                                    |
09:50:03 :euclid.ie.eu.synirc.net 372 robophiz :-        --+----------------------------------------------------+--
09:50:03 :euclid.ie.eu.synirc.net 372 robophiz :-          |                                                    |
09:50:03 :euclid.ie.eu.synirc.net 372 robophiz :-          | Welcome to euclid.ie.eu.synirc.net                 |
09:50:03 :euclid.ie.eu.synirc.net 372 robophiz :-          | Available ports: 6660-6669                         |
09:50:03 :euclid.ie.eu.synirc.net 372 robophiz :-          | SSL ports: 6697, 7001                              |
09:50:03 :euclid.ie.eu.synirc.net 372 robophiz :-          |                                                    |
09:50:03 :euclid.ie.eu.synirc.net 372 robophiz :-          | Server Admin: bluesoul <bluesoul@synirc.net>       |
09:50:03 :euclid.ie.eu.synirc.net 372 robophiz :-          |                                                    |
09:50:03 :euclid.ie.eu.synirc.net 372 robophiz :-        --+----------------------------------------------------+--
09:50:03 :euclid.ie.eu.synirc.net 372 robophiz :-          |                                                    |
09:50:03 :euclid.ie.eu.synirc.net 372 robophiz :- 
09:50:03 :euclid.ie.eu.synirc.net 372 robophiz :- DISCLAIMER:
09:50:03 :euclid.ie.eu.synirc.net 372 robophiz :- 
09:50:03 :euclid.ie.eu.synirc.net 372 robophiz :- synIRC.net will scan your IP for open proxies upon connection to our 
09:50:03 :euclid.ie.eu.synirc.net 372 robophiz :- services.  You must be 18 or older to connect and chat on our services, or 
09:50:03 :euclid.ie.eu.synirc.net 372 robophiz :- have parental consent. synIRC.net and its affiliates are not responsible 
09:50:03 :euclid.ie.eu.synirc.net 372 robophiz :- for any bodily or mental harm that could possibly come from using its 
09:50:03 :euclid.ie.eu.synirc.net 372 robophiz :- services. synIRC.net is not responsible for any data received or sent 
09:50:03 :euclid.ie.eu.synirc.net 372 robophiz :- out to our clients. By connecting, you consent to have logging of your 
09:50:03 :euclid.ie.eu.synirc.net 372 robophiz :- conversations done by other clients and are also bound to the rules and 
09:50:03 :euclid.ie.eu.synirc.net 372 robophiz :- regulations that can be found at http://www.synirc.net/charter/
09:50:03 :euclid.ie.eu.synirc.net 372 robophiz :- 
09:50:03 :euclid.ie.eu.synirc.net 376 robophiz :End of /MOTD command.
09:50:04 :euclid.ie.eu.synirc.net 332 robophiz #phiz :elden ring group/mp pw: eldphiz || According to evidence admitted at the board of rights hearing, "Snorlax" is a Pokémon creature known as "The Sleeping Pokémon." || Black lives matter. Pooplunch stands in solidarity with the Black community.
09:50:04 :euclid.ie.eu.synirc.net 333 robophiz #phiz shrimp1989dspinfo 1645985449
09:50:04 :euclid.ie.eu.synirc.net 353 robophiz @ #phiz :robophiz synGuest165 NORG registered_mirc the_tasteful_nerd Melber bonegar alansmithee_ dreddybajs greatest_gamer Homie_in_a_geod coaxmetal pubeman77 scoop_jackson eric shrimp1989dspinfo kuf ~het djcozmik 
09:50:04 :euclid.ie.eu.synirc.net 366 robophiz #phiz :End of /NAMES list.
