21:38:23 :euclid.ie.eu.synirc.net 001 robophiz :Welcome to the synIRC IRC Network robophiz!~robophiz@73.129.45.114
21:38:23 :euclid.ie.eu.synirc.net 002 robophiz :Your host is euclid.ie.eu.synirc.net, running version Unreal3.2.10.7
21:38:23 :euclid.ie.eu.synirc.net 003 robophiz :This server was created Mon Aug 27 2018 at 18:59:02 UTC
21:38:23 :euclid.ie.eu.synirc.net 004 robophiz euclid.ie.eu.synirc.net Unreal3.2.10.7 iowghraAsORTVSxNCWqBzvdHtGpI lvhopsmntikrRcaqOALQbSeIKVfMCuzNTGjZ
21:38:23 :euclid.ie.eu.synirc.net 005 robophiz CMDS=KNOCK,MAP,DCCALLOW,USERIP,STARTTLS UHNAMES NAMESX SAFELIST HCN MAXCHANNELS=40 CHANLIMIT=#:40 MAXLIST=b:60,e:60,I:60 NICKLEN=30 CHANNELLEN=32 TOPICLEN=307 KICKLEN=307 AWAYLEN=307 :are supported by this server
21:38:23 :euclid.ie.eu.synirc.net 005 robophiz MAXTARGETS=20 WALLCHOPS WATCH=128 WATCHOPTS=A SILENCE=15 MODES=12 CHANTYPES=# PREFIX=(qaohv)~&@%+ CHANMODES=beI,kfL,lj,psmntirRcOAQKVCuzNSMTGZ NETWORK=synIRC CASEMAPPING=ascii EXTBAN=~,qjncrRa ELIST=MNUCT :are supported by this server
21:38:23 :euclid.ie.eu.synirc.net 005 robophiz STATUSMSG=~&@%+ EXCEPTS INVEX :are supported by this server
21:38:23 :euclid.ie.eu.synirc.net 251 robophiz :There are 25 users and 1862 invisible on 15 servers
21:38:23 :euclid.ie.eu.synirc.net 252 robophiz 20 :operator(s) online
21:38:23 :euclid.ie.eu.synirc.net 254 robophiz 963 :channels formed
21:38:23 :euclid.ie.eu.synirc.net 255 robophiz :I have 273 clients and 0 servers
21:38:23 :euclid.ie.eu.synirc.net 265 robophiz 273 537 :Current local users 273, max 537
21:38:23 :euclid.ie.eu.synirc.net 266 robophiz 1887 8248 :Current global users 1887, max 8248
21:38:23 :euclid.ie.eu.synirc.net 375 robophiz :- euclid.ie.eu.synirc.net Message of the Day - 
21:38:23 :euclid.ie.eu.synirc.net 372 robophiz :- 29/8/2018 3:07
21:38:23 :euclid.ie.eu.synirc.net 372 robophiz :- This is the short MOTD. To view the complete MOTD type /motd
21:38:23 :euclid.ie.eu.synirc.net 372 robophiz :- 
21:38:23 :euclid.ie.eu.synirc.net 372 robophiz :-             ######  ##    ## ##    ## #### ########   ######  
21:38:23 :euclid.ie.eu.synirc.net 372 robophiz :-            ##    ##  ##  ##  ###   ##  ##  ##     ## ##    ## 
21:38:23 :euclid.ie.eu.synirc.net 372 robophiz :-            ##         ####   ####  ##  ##  ##     ## ##       
21:38:23 :euclid.ie.eu.synirc.net 372 robophiz :-             ######     ##    ## ## ##  ##  ########  ##       
21:38:23 :euclid.ie.eu.synirc.net 372 robophiz :-                  ##    ##    ##  ####  ##  ##   ##   ##       
21:38:23 :euclid.ie.eu.synirc.net 372 robophiz :-            ##    ##    ##    ##   ###  ##  ##    ##  ##    ##
21:38:23 :euclid.ie.eu.synirc.net 372 robophiz :-             ######     ##    ##    ## #### ##     ##  ######  
21:38:23 :euclid.ie.eu.synirc.net 372 robophiz :- 
21:38:23 :euclid.ie.eu.synirc.net 372 robophiz :-          |                                                    |
21:38:23 :euclid.ie.eu.synirc.net 372 robophiz :-        --+----------------------------------------------------+--
21:38:23 :euclid.ie.eu.synirc.net 372 robophiz :-          |                                                    |
21:38:23 :euclid.ie.eu.synirc.net 372 robophiz :-          | Welcome to euclid.ie.eu.synirc.net                 |
21:38:23 :euclid.ie.eu.synirc.net 372 robophiz :-          | Available ports: 6660-6669                         |
21:38:23 :euclid.ie.eu.synirc.net 372 robophiz :-          | SSL ports: 6697, 7001                              |
21:38:23 :euclid.ie.eu.synirc.net 372 robophiz :-          |                                                    |
21:38:23 :euclid.ie.eu.synirc.net 372 robophiz :-          | Server Admin: bluesoul <bluesoul@synirc.net>       |
21:38:23 :euclid.ie.eu.synirc.net 372 robophiz :-          |                                                    |
21:38:23 :euclid.ie.eu.synirc.net 372 robophiz :-        --+----------------------------------------------------+--
21:38:23 :euclid.ie.eu.synirc.net 372 robophiz :-          |                                                    |
