07:28:04 :hades.de.eu.synirc.net 001 robophiz :Welcome to the synIRC IRC Network robophiz!~robophiz@73.129.45.114
07:28:04 :hades.de.eu.synirc.net 002 robophiz :Your host is hades.de.eu.synirc.net, running version UnrealIRCd-4.2.4.1
07:28:04 :hades.de.eu.synirc.net 003 robophiz :This server was created Mon Jan 24 2022 at 00:59:14 CET
07:28:04 :hades.de.eu.synirc.net 004 robophiz hades.de.eu.synirc.net UnrealIRCd-4.2.4.1 iowrsxzdHtIDZRqpWGTSB lvhopsmntikraqbeIzMQNRTOVKDdGLPZSCcf
07:28:04 :hades.de.eu.synirc.net 005 robophiz AWAYLEN=307 CASEMAPPING=ascii CHANLIMIT=#:40 CHANMODES=beI,kLf,l,psmntirzMQNRTOVKDdGPZSCc CHANNELLEN=32 CHANTYPES=# DEAF=d ELIST=MNUCT EXCEPTS EXTBAN=~,tmTSOcaRrnqj HCN INVEX :are supported by this server
07:28:04 :hades.de.eu.synirc.net 005 robophiz KICKLEN=307 KNOCK MAP MAXCHANNELS=40 MAXLIST=b:60,e:60,I:60 MAXNICKLEN=30 MODES=12 NAMESX NETWORK=synIRC NICKLEN=30 PREFIX=(qaohv)~&@%+ QUITLEN=307 :are supported by this server
07:28:04 :hades.de.eu.synirc.net 005 robophiz SAFELIST SILENCE=15 STATUSMSG=~&@%+ TARGMAX=DCCALLOW:,ISON:,JOIN:,KICK:4,KILL:,LIST:,NAMES:1,NOTICE:1,PART:,PRIVMSG:4,SAJOIN:,SAPART:,USERHOST:,USERIP:,WATCH:,WHOIS:1,WHOWAS:1 TOPICLEN=360 UHNAMES USERIP WALLCHOPS WATCH=128 WATCHOPTS=A :are supported by this server
07:28:04 :hades.de.eu.synirc.net 396 robophiz B8C50673.F3C7BB78.33CA7D1E.IP :is now your displayed host
07:28:04 :hades.de.eu.synirc.net 251 robophiz :There are 25 users and 1807 invisible on 16 servers
07:28:04 :hades.de.eu.synirc.net 252 robophiz 20 :operator(s) online
07:28:04 :hades.de.eu.synirc.net 254 robophiz 960 :channels formed
07:28:04 :hades.de.eu.synirc.net 255 robophiz :I have 160 clients and 0 servers
07:28:04 :hades.de.eu.synirc.net 265 robophiz 160 228 :Current local users 160, max 228
07:28:04 :hades.de.eu.synirc.net 266 robophiz 1832 8248 :Current global users 1832, max 8248
07:28:04 :hades.de.eu.synirc.net 375 robophiz :- hades.de.eu.synirc.net Message of the Day - 
07:28:04 :hades.de.eu.synirc.net 372 robophiz :- 24/1/2022 1:22
07:28:04 :hades.de.eu.synirc.net 372 robophiz :- 
07:28:04 :hades.de.eu.synirc.net 372 robophiz :-             ######  ##    ## ##    ## #### ########   ######  
07:28:04 :hades.de.eu.synirc.net 372 robophiz :-            ##    ##  ##  ##  ###   ##  ##  ##     ## ##    ## 
07:28:04 :hades.de.eu.synirc.net 372 robophiz :-            ##         ####   ####  ##  ##  ##     ## ##       
07:28:04 :hades.de.eu.synirc.net 372 robophiz :-             ######     ##    ## ## ##  ##  ########  ##       
07:28:04 :hades.de.eu.synirc.net 372 robophiz :-                  ##    ##    ##  ####  ##  ##   ##   ##       
07:28:04 :hades.de.eu.synirc.net 372 robophiz :-            ##    ##    ##    ##   ###  ##  ##    ##  ##    ##
07:28:04 :hades.de.eu.synirc.net 372 robophiz :-             ######     ##    ##    ## #### ##     ##  ######  
07:28:04 :hades.de.eu.synirc.net 372 robophiz :- 
07:28:04 :hades.de.eu.synirc.net 372 robophiz :-          |                                                    |
07:28:04 :hades.de.eu.synirc.net 372 robophiz :-        --+----------------------------------------------------+--
07:28:04 :hades.de.eu.synirc.net 372 robophiz :-          |                                                    |
07:28:04 :hades.de.eu.synirc.net 372 robophiz :-          | Welcome on hades.de.eu.synirc.net                  |
07:28:04 :hades.de.eu.synirc.net 372 robophiz :-          | Available ports: 6660-6669, 7000                   |
07:28:04 :hades.de.eu.synirc.net 372 robophiz :-          | SSL ports: 6697, 7001                              |
07:28:04 :hades.de.eu.synirc.net 372 robophiz :-          |                                                    |
07:28:04 :hades.de.eu.synirc.net 372 robophiz :-          | Server Admin: Aden Aden@synIRC.net                 |
07:28:04 :hades.de.eu.synirc.net 372 robophiz :-          |                                                    |
07:28:04 :hades.de.eu.synirc.net 372 robophiz :-        --+----------------------------------------------------+--
07:28:04 :hades.de.eu.synirc.net 372 robophiz :-          |                                                    |
07:28:04 :hades.de.eu.synirc.net 372 robophiz :- 
07:28:04 :hades.de.eu.synirc.net 372 robophiz :- DISCLAIMER:
07:28:04 :hades.de.eu.synirc.net 372 robophiz :- 
07:28:04 :hades.de.eu.synirc.net 372 robophiz :- synIRC.net will scan your IP for open proxies upon connection to our 
07:28:04 :hades.de.eu.synirc.net 372 robophiz :- services.  You must be 18 or older to connect and chat on our services, or 
07:28:05 :hades.de.eu.synirc.net 372 robophiz :- have parental consent. synIRC.net and its affiliates are not responsible 
07:28:05 :hades.de.eu.synirc.net 372 robophiz :- for any bodily or mental harm that could possibly come from using its 
07:28:05 :hades.de.eu.synirc.net 372 robophiz :- services. synIRC.net is not responsible for any data received or sent 
07:28:05 :hades.de.eu.synirc.net 372 robophiz :- out to our clients. By connecting, you consent to have logging of your 
07:28:05 :hades.de.eu.synirc.net 372 robophiz :- conversations done by other clients and are also bound to the rules and 
07:28:05 :hades.de.eu.synirc.net 372 robophiz :- regulations that can be found at http://www.synirc.net/charter/
07:28:05 :hades.de.eu.synirc.net 372 robophiz :- 
07:28:05 :hades.de.eu.synirc.net 376 robophiz :End of /MOTD command.
07:28:06 :hades.de.eu.synirc.net 332 robophiz #phiz :elden ring group/mp pw: eldphiz || Feminist*HATE_this PenisTrick || Canned Horse Meat (Whale Flavor)
07:28:06 :hades.de.eu.synirc.net 333 robophiz #phiz Homie_in_a_geod 1647987277
07:28:06 :hades.de.eu.synirc.net 353 robophiz @ #phiz :robophiz nutzo_da_fuccnutt ehn ajj2 HellaBrad alansmithee_ bonegar mpg the`shima dreddybajs Selfie_Dad Melber greatest_gamer Homie_in_a_geod coaxmetal djcozmik ~het kuf wild_ape-style_creature eric scoop_jackson 
07:28:06 :hades.de.eu.synirc.net 366 robophiz #phiz :End of /NAMES list.
11:42:22 :hades.de.eu.synirc.net 001 robophiz :Welcome to the synIRC IRC Network robophiz!~robophiz@73.129.45.114
11:42:22 :hades.de.eu.synirc.net 002 robophiz :Your host is hades.de.eu.synirc.net, running version UnrealIRCd-4.2.4.1
11:42:22 :hades.de.eu.synirc.net 003 robophiz :This server was created Mon Jan 24 2022 at 00:59:14 CET
11:42:22 :hades.de.eu.synirc.net 004 robophiz hades.de.eu.synirc.net UnrealIRCd-4.2.4.1 iowrsxzdHtIDZRqpWGTSB lvhopsmntikraqbeIzMQNRTOVKDdGLPZSCcf
11:42:22 :hades.de.eu.synirc.net 005 robophiz AWAYLEN=307 CASEMAPPING=ascii CHANLIMIT=#:40 CHANMODES=beI,kLf,l,psmntirzMQNRTOVKDdGPZSCc CHANNELLEN=32 CHANTYPES=# DEAF=d ELIST=MNUCT EXCEPTS EXTBAN=~,tmTSOcaRrnqj HCN INVEX :are supported by this server
11:42:22 :hades.de.eu.synirc.net 005 robophiz KICKLEN=307 KNOCK MAP MAXCHANNELS=40 MAXLIST=b:60,e:60,I:60 MAXNICKLEN=30 MODES=12 NAMESX NETWORK=synIRC NICKLEN=30 PREFIX=(qaohv)~&@%+ QUITLEN=307 :are supported by this server
11:42:22 :hades.de.eu.synirc.net 005 robophiz SAFELIST SILENCE=15 STATUSMSG=~&@%+ TARGMAX=DCCALLOW:,ISON:,JOIN:,KICK:4,KILL:,LIST:,NAMES:1,NOTICE:1,PART:,PRIVMSG:4,SAJOIN:,SAPART:,USERHOST:,USERIP:,WATCH:,WHOIS:1,WHOWAS:1 TOPICLEN=360 UHNAMES USERIP WALLCHOPS WATCH=128 WATCHOPTS=A :are supported by this server
11:42:22 :hades.de.eu.synirc.net 396 robophiz B8C50673.F3C7BB78.33CA7D1E.IP :is now your displayed host
11:42:22 :hades.de.eu.synirc.net 251 robophiz :There are 25 users and 1801 invisible on 16 servers
11:42:22 :hades.de.eu.synirc.net 252 robophiz 20 :operator(s) online
11:42:22 :hades.de.eu.synirc.net 254 robophiz 962 :channels formed
11:42:22 :hades.de.eu.synirc.net 255 robophiz :I have 160 clients and 0 servers
11:42:22 :hades.de.eu.synirc.net 265 robophiz 160 228 :Current local users 160, max 228
11:42:22 :hades.de.eu.synirc.net 266 robophiz 1826 8248 :Current global users 1826, max 8248
11:42:22 :hades.de.eu.synirc.net 375 robophiz :- hades.de.eu.synirc.net Message of the Day - 
11:42:22 :hades.de.eu.synirc.net 372 robophiz :- 24/1/2022 1:22
11:42:22 :hades.de.eu.synirc.net 372 robophiz :- 
