06:12:11 :hades.de.eu.synirc.net 001 robophiz :Welcome to the synIRC IRC Network robophiz!~robophiz@73.129.45.114
06:12:11 :hades.de.eu.synirc.net 002 robophiz :Your host is hades.de.eu.synirc.net, running version UnrealIRCd-4.2.4.1
06:12:11 :hades.de.eu.synirc.net 003 robophiz :This server was created Mon Jan 24 2022 at 00:59:14 CET
06:12:11 :hades.de.eu.synirc.net 004 robophiz hades.de.eu.synirc.net UnrealIRCd-4.2.4.1 iowrsxzdHtIDZRqpWGTSB lvhopsmntikraqbeIzMQNRTOVKDdGLPZSCcf
06:12:11 :hades.de.eu.synirc.net 005 robophiz AWAYLEN=307 CASEMAPPING=ascii CHANLIMIT=#:40 CHANMODES=beI,kLf,l,psmntirzMQNRTOVKDdGPZSCc CHANNELLEN=32 CHANTYPES=# DEAF=d ELIST=MNUCT EXCEPTS EXTBAN=~,tmTSOcaRrnqj HCN INVEX :are supported by this server
06:12:11 :hades.de.eu.synirc.net 005 robophiz KICKLEN=307 KNOCK MAP MAXCHANNELS=40 MAXLIST=b:60,e:60,I:60 MAXNICKLEN=30 MODES=12 NAMESX NETWORK=synIRC NICKLEN=30 PREFIX=(qaohv)~&@%+ QUITLEN=307 :are supported by this server
06:12:11 :hades.de.eu.synirc.net 005 robophiz SAFELIST SILENCE=15 STATUSMSG=~&@%+ TARGMAX=DCCALLOW:,ISON:,JOIN:,KICK:4,KILL:,LIST:,NAMES:1,NOTICE:1,PART:,PRIVMSG:4,SAJOIN:,SAPART:,USERHOST:,USERIP:,WATCH:,WHOIS:1,WHOWAS:1 TOPICLEN=360 UHNAMES USERIP WALLCHOPS WATCH=128 WATCHOPTS=A :are supported by this server
06:12:11 :hades.de.eu.synirc.net 396 robophiz B8C50673.F3C7BB78.33CA7D1E.IP :is now your displayed host
06:12:11 :hades.de.eu.synirc.net 251 robophiz :There are 25 users and 1834 invisible on 15 servers
06:12:11 :hades.de.eu.synirc.net 252 robophiz 20 :operator(s) online
06:12:11 :hades.de.eu.synirc.net 253 robophiz 1 :unknown connection(s)
06:12:11 :hades.de.eu.synirc.net 254 robophiz 959 :channels formed
06:12:11 :hades.de.eu.synirc.net 255 robophiz :I have 192 clients and 0 servers
06:12:11 :hades.de.eu.synirc.net 265 robophiz 192 228 :Current local users 192, max 228
06:12:11 :hades.de.eu.synirc.net 266 robophiz 1859 8248 :Current global users 1859, max 8248
06:12:11 :hades.de.eu.synirc.net 375 robophiz :- hades.de.eu.synirc.net Message of the Day - 
06:12:11 :hades.de.eu.synirc.net 372 robophiz :- 24/1/2022 1:22
06:12:11 :hades.de.eu.synirc.net 372 robophiz :- 
06:12:11 :hades.de.eu.synirc.net 372 robophiz :-             ######  ##    ## ##    ## #### ########   ######  
06:12:11 :hades.de.eu.synirc.net 372 robophiz :-            ##    ##  ##  ##  ###   ##  ##  ##     ## ##    ## 
06:12:11 :hades.de.eu.synirc.net 372 robophiz :-            ##         ####   ####  ##  ##  ##     ## ##       
06:12:11 :hades.de.eu.synirc.net 372 robophiz :-             ######     ##    ## ## ##  ##  ########  ##       
06:12:11 :hades.de.eu.synirc.net 372 robophiz :-                  ##    ##    ##  ####  ##  ##   ##   ##       
06:12:11 :hades.de.eu.synirc.net 372 robophiz :-            ##    ##    ##    ##   ###  ##  ##    ##  ##    ##
06:12:11 :hades.de.eu.synirc.net 372 robophiz :-             ######     ##    ##    ## #### ##     ##  ######  
06:12:11 :hades.de.eu.synirc.net 372 robophiz :- 
06:12:11 :hades.de.eu.synirc.net 372 robophiz :-          |                                                    |
06:12:11 :hades.de.eu.synirc.net 372 robophiz :-        --+----------------------------------------------------+--
06:12:11 :hades.de.eu.synirc.net 372 robophiz :-          |                                                    |
06:12:11 :hades.de.eu.synirc.net 372 robophiz :-          | Welcome on hades.de.eu.synirc.net                  |
06:12:11 :hades.de.eu.synirc.net 372 robophiz :-          | Available ports: 6660-6669, 7000                   |
06:12:11 :hades.de.eu.synirc.net 372 robophiz :-          | SSL ports: 6697, 7001                              |
06:12:11 :hades.de.eu.synirc.net 372 robophiz :-          |                                                    |
06:12:11 :hades.de.eu.synirc.net 372 robophiz :-          | Server Admin: Aden Aden@synIRC.net                 |
06:12:11 :hades.de.eu.synirc.net 372 robophiz :-          |                                                    |
