01:16:53 :hades.de.eu.synirc.net 001 robophiz :Welcome to the synIRC IRC Network robophiz!~robophiz@73.129.45.114
01:16:53 :hades.de.eu.synirc.net 002 robophiz :Your host is hades.de.eu.synirc.net, running version UnrealIRCd-4.2.4.1
01:16:53 :hades.de.eu.synirc.net 003 robophiz :This server was created Mon Jan 24 2022 at 00:59:14 CET
01:16:53 :hades.de.eu.synirc.net 004 robophiz hades.de.eu.synirc.net UnrealIRCd-4.2.4.1 iowrsxzdHtIDZRqpWGTSB lvhopsmntikraqbeIzMQNRTOVKDdGLPZSCcf
01:16:53 :hades.de.eu.synirc.net 005 robophiz AWAYLEN=307 CASEMAPPING=ascii CHANLIMIT=#:40 CHANMODES=beI,kLf,l,psmntirzMQNRTOVKDdGPZSCc CHANNELLEN=32 CHANTYPES=# DEAF=d ELIST=MNUCT EXCEPTS EXTBAN=~,tmTSOcaRrnqj HCN INVEX :are supported by this server
01:16:53 :hades.de.eu.synirc.net 005 robophiz KICKLEN=307 KNOCK MAP MAXCHANNELS=40 MAXLIST=b:60,e:60,I:60 MAXNICKLEN=30 MODES=12 NAMESX NETWORK=synIRC NICKLEN=30 PREFIX=(qaohv)~&@%+ QUITLEN=307 :are supported by this server
01:16:53 :hades.de.eu.synirc.net 005 robophiz SAFELIST SILENCE=15 STATUSMSG=~&@%+ TARGMAX=DCCALLOW:,ISON:,JOIN:,KICK:4,KILL:,LIST:,NAMES:1,NOTICE:1,PART:,PRIVMSG:4,SAJOIN:,SAPART:,USERHOST:,USERIP:,WATCH:,WHOIS:1,WHOWAS:1 TOPICLEN=360 UHNAMES USERIP WALLCHOPS WATCH=128 WATCHOPTS=A :are supported by this server
01:16:53 :hades.de.eu.synirc.net 396 robophiz B8C50673.F3C7BB78.33CA7D1E.IP :is now your displayed host
01:16:53 :hades.de.eu.synirc.net 251 robophiz :There are 25 users and 1843 invisible on 15 servers
01:16:53 :hades.de.eu.synirc.net 252 robophiz 20 :operator(s) online
01:16:53 :hades.de.eu.synirc.net 254 robophiz 968 :channels formed
01:16:53 :hades.de.eu.synirc.net 255 robophiz :I have 186 clients and 0 servers
01:16:53 :hades.de.eu.synirc.net 265 robophiz 186 228 :Current local users 186, max 228
01:16:53 :hades.de.eu.synirc.net 266 robophiz 1868 8248 :Current global users 1868, max 8248
01:16:53 :hades.de.eu.synirc.net 375 robophiz :- hades.de.eu.synirc.net Message of the Day - 
01:16:53 :hades.de.eu.synirc.net 372 robophiz :- 24/1/2022 1:22
01:16:53 :hades.de.eu.synirc.net 372 robophiz :- 
01:16:53 :hades.de.eu.synirc.net 372 robophiz :-             ######  ##    ## ##    ## #### ########   ######  
01:16:53 :hades.de.eu.synirc.net 372 robophiz :-            ##    ##  ##  ##  ###   ##  ##  ##     ## ##    ## 
01:16:53 :hades.de.eu.synirc.net 372 robophiz :-            ##         ####   ####  ##  ##  ##     ## ##       
01:16:53 :hades.de.eu.synirc.net 372 robophiz :-             ######     ##    ## ## ##  ##  ########  ##       
01:16:53 :hades.de.eu.synirc.net 372 robophiz :-                  ##    ##    ##  ####  ##  ##   ##   ##       
01:16:53 :hades.de.eu.synirc.net 372 robophiz :-            ##    ##    ##    ##   ###  ##  ##    ##  ##    ##
01:16:53 :hades.de.eu.synirc.net 372 robophiz :-             ######     ##    ##    ## #### ##     ##  ######  
01:16:53 :hades.de.eu.synirc.net 372 robophiz :- 
01:16:53 :hades.de.eu.synirc.net 372 robophiz :-          |                                                    |
01:16:53 :hades.de.eu.synirc.net 372 robophiz :-        --+----------------------------------------------------+--
01:16:53 :hades.de.eu.synirc.net 372 robophiz :-          |                                                    |
01:16:53 :hades.de.eu.synirc.net 372 robophiz :-          | Welcome on hades.de.eu.synirc.net                  |
01:16:53 :hades.de.eu.synirc.net 372 robophiz :-          | Available ports: 6660-6669, 7000                   |
01:16:53 :hades.de.eu.synirc.net 372 robophiz :-          | SSL ports: 6697, 7001                              |
01:16:53 :hades.de.eu.synirc.net 372 robophiz :-          |                                                    |
01:16:53 :hades.de.eu.synirc.net 372 robophiz :-          | Server Admin: Aden Aden@synIRC.net                 |
01:16:53 :hades.de.eu.synirc.net 372 robophiz :-          |                                                    |
01:16:53 :hades.de.eu.synirc.net 372 robophiz :-        --+----------------------------------------------------+--
01:16:53 :hades.de.eu.synirc.net 372 robophiz :-          |                                                    |
01:16:53 :hades.de.eu.synirc.net 372 robophiz :- 
01:16:53 :hades.de.eu.synirc.net 372 robophiz :- DISCLAIMER:
01:16:53 :hades.de.eu.synirc.net 372 robophiz :- 
01:16:53 :hades.de.eu.synirc.net 372 robophiz :- synIRC.net will scan your IP for open proxies upon connection to our 
01:16:53 :hades.de.eu.synirc.net 372 robophiz :- services.  You must be 18 or older to connect and chat on our services, or 
01:16:53 :hades.de.eu.synirc.net 372 robophiz :- have parental consent. synIRC.net and its affiliates are not responsible 
01:16:53 :hades.de.eu.synirc.net 372 robophiz :- for any bodily or mental harm that could possibly come from using its 
01:16:53 :hades.de.eu.synirc.net 372 robophiz :- services. synIRC.net is not responsible for any data received or sent 
01:16:53 :hades.de.eu.synirc.net 372 robophiz :- out to our clients. By connecting, you consent to have logging of your 
01:16:53 :hades.de.eu.synirc.net 372 robophiz :- conversations done by other clients and are also bound to the rules and 
01:16:53 :hades.de.eu.synirc.net 372 robophiz :- regulations that can be found at http://www.synirc.net/charter/
01:16:53 :hades.de.eu.synirc.net 372 robophiz :- 
01:16:53 :hades.de.eu.synirc.net 376 robophiz :End of /MOTD command.
01:16:54 :hades.de.eu.synirc.net 332 robophiz #phiz :elden ring group/mp pw: eldphiz || According to evidence admitted at the board of rights hearing, "Snorlax" is a Pokémon creature known as "The Sleeping Pokémon." || Black lives matter. Pooplunch stands in solidarity with the Black community.
01:16:54 :hades.de.eu.synirc.net 333 robophiz #phiz shrimp1989dspinfo 1645985449
01:16:54 :hades.de.eu.synirc.net 353 robophiz @ #phiz :robophiz NORG this_fellow_kermit ehn ajj ajj3 Nude_Riker registered_mirc the_tasteful_nerd Melber bonegar alansmithee_ dreddybajs greatest_gamer Homie_in_a_geod coaxmetal pubeman77 djcozmik ~het kuf shrimp1989dspinfo eric scoop_jackson 
01:16:54 :hades.de.eu.synirc.net 366 robophiz #phiz :End of /NAMES list.
