18:40:19 :hades.de.eu.synirc.net 001 robophiz :Welcome to the synIRC IRC Network robophiz!~robophiz@73.129.45.114
18:40:19 :hades.de.eu.synirc.net 002 robophiz :Your host is hades.de.eu.synirc.net, running version UnrealIRCd-4.2.4.1
18:40:19 :hades.de.eu.synirc.net 003 robophiz :This server was created Mon Jan 24 2022 at 00:59:14 CET
18:40:19 :hades.de.eu.synirc.net 004 robophiz hades.de.eu.synirc.net UnrealIRCd-4.2.4.1 iowrsxzdHtIDZRqpWGTSB lvhopsmntikraqbeIzMQNRTOVKDdGLPZSCcf
18:40:19 :hades.de.eu.synirc.net 005 robophiz AWAYLEN=307 CASEMAPPING=ascii CHANLIMIT=#:40 CHANMODES=beI,kLf,l,psmntirzMQNRTOVKDdGPZSCc CHANNELLEN=32 CHANTYPES=# DEAF=d ELIST=MNUCT EXCEPTS EXTBAN=~,tmTSOcaRrnqj HCN INVEX :are supported by this server
18:40:19 :hades.de.eu.synirc.net 005 robophiz KICKLEN=307 KNOCK MAP MAXCHANNELS=40 MAXLIST=b:60,e:60,I:60 MAXNICKLEN=30 MODES=12 NAMESX NETWORK=synIRC NICKLEN=30 PREFIX=(qaohv)~&@%+ QUITLEN=307 :are supported by this server
18:40:19 :hades.de.eu.synirc.net 005 robophiz SAFELIST SILENCE=15 STATUSMSG=~&@%+ TARGMAX=DCCALLOW:,ISON:,JOIN:,KICK:4,KILL:,LIST:,NAMES:1,NOTICE:1,PART:,PRIVMSG:4,SAJOIN:,SAPART:,USERHOST:,USERIP:,WATCH:,WHOIS:1,WHOWAS:1 TOPICLEN=360 UHNAMES USERIP WALLCHOPS WATCH=128 WATCHOPTS=A :are supported by this server
18:40:19 :hades.de.eu.synirc.net 396 robophiz B8C50673.F3C7BB78.33CA7D1E.IP :is now your displayed host
18:40:19 :hades.de.eu.synirc.net 251 robophiz :There are 25 users and 1854 invisible on 16 servers
18:40:19 :hades.de.eu.synirc.net 252 robophiz 20 :operator(s) online
18:40:19 :hades.de.eu.synirc.net 254 robophiz 971 :channels formed
18:40:19 :hades.de.eu.synirc.net 255 robophiz :I have 192 clients and 0 servers
18:40:19 :hades.de.eu.synirc.net 265 robophiz 192 228 :Current local users 192, max 228
18:40:19 :hades.de.eu.synirc.net 266 robophiz 1879 8248 :Current global users 1879, max 8248
18:40:19 :hades.de.eu.synirc.net 375 robophiz :- hades.de.eu.synirc.net Message of the Day - 
18:40:19 :hades.de.eu.synirc.net 372 robophiz :- 24/1/2022 1:22
18:40:19 :hades.de.eu.synirc.net 372 robophiz :- 
18:40:19 :hades.de.eu.synirc.net 372 robophiz :-             ######  ##    ## ##    ## #### ########   ######  
18:40:19 :hades.de.eu.synirc.net 372 robophiz :-            ##    ##  ##  ##  ###   ##  ##  ##     ## ##    ## 
18:40:19 :hades.de.eu.synirc.net 372 robophiz :-            ##         ####   ####  ##  ##  ##     ## ##       
18:40:19 :hades.de.eu.synirc.net 372 robophiz :-             ######     ##    ## ## ##  ##  ########  ##       
18:40:19 :hades.de.eu.synirc.net 372 robophiz :-                  ##    ##    ##  ####  ##  ##   ##   ##       
18:40:19 :hades.de.eu.synirc.net 372 robophiz :-            ##    ##    ##    ##   ###  ##  ##    ##  ##    ##
18:40:19 :hades.de.eu.synirc.net 372 robophiz :-             ######     ##    ##    ## #### ##     ##  ######  
18:40:19 :hades.de.eu.synirc.net 372 robophiz :- 
18:40:19 :hades.de.eu.synirc.net 372 robophiz :-          |                                                    |
18:40:19 :hades.de.eu.synirc.net 372 robophiz :-        --+----------------------------------------------------+--
18:40:19 :hades.de.eu.synirc.net 372 robophiz :-          |                                                    |
18:40:19 :hades.de.eu.synirc.net 372 robophiz :-          | Welcome on hades.de.eu.synirc.net                  |
18:40:19 :hades.de.eu.synirc.net 372 robophiz :-          | Available ports: 6660-6669, 7000                   |
18:40:19 :hades.de.eu.synirc.net 372 robophiz :-          | SSL ports: 6697, 7001                              |
18:40:19 :hades.de.eu.synirc.net 372 robophiz :-          |                                                    |
18:40:19 :hades.de.eu.synirc.net 372 robophiz :-          | Server Admin: Aden Aden@synIRC.net                 |
18:40:19 :hades.de.eu.synirc.net 372 robophiz :-          |                                                    |
18:40:19 :hades.de.eu.synirc.net 372 robophiz :-        --+----------------------------------------------------+--
18:40:19 :hades.de.eu.synirc.net 372 robophiz :-          |                                                    |
18:40:19 :hades.de.eu.synirc.net 372 robophiz :- 
18:40:19 :hades.de.eu.synirc.net 372 robophiz :- DISCLAIMER:
18:40:19 :hades.de.eu.synirc.net 372 robophiz :- 
18:40:19 :hades.de.eu.synirc.net 372 robophiz :- synIRC.net will scan your IP for open proxies upon connection to our 
18:40:19 :hades.de.eu.synirc.net 372 robophiz :- services.  You must be 18 or older to connect and chat on our services, or 
18:40:19 :hades.de.eu.synirc.net 372 robophiz :- have parental consent. synIRC.net and its affiliates are not responsible 
18:40:19 :hades.de.eu.synirc.net 372 robophiz :- for any bodily or mental harm that could possibly come from using its 
18:40:19 :hades.de.eu.synirc.net 372 robophiz :- services. synIRC.net is not responsible for any data received or sent 
18:40:19 :hades.de.eu.synirc.net 372 robophiz :- out to our clients. By connecting, you consent to have logging of your 
18:40:19 :hades.de.eu.synirc.net 372 robophiz :- conversations done by other clients and are also bound to the rules and 
18:40:19 :hades.de.eu.synirc.net 372 robophiz :- regulations that can be found at http://www.synirc.net/charter/
18:40:20 :hades.de.eu.synirc.net 372 robophiz :- 
18:40:20 :hades.de.eu.synirc.net 376 robophiz :End of /MOTD command.
18:40:21 :hades.de.eu.synirc.net 332 robophiz #phiz :elden ring group/mp pw: eldphiz || Feminist*HATE_this PenisTrick
18:40:21 :hades.de.eu.synirc.net 333 robophiz #phiz Homie_in_a_geod 1647711894
18:40:21 :hades.de.eu.synirc.net 353 robophiz @ #phiz :robophiz NORG ajj2 mikev HellaBrad Rusty Nude_Riker antiracist_baby alansmithee_ bonegar mpg the`shima dreddybajs Selfie_Dad Melber greatest_gamer Homie_in_a_geod coaxmetal djcozmik ~het LilSwede91 wild_ape-style_creature eric scoop_jackson 
18:40:21 :hades.de.eu.synirc.net 366 robophiz #phiz :End of /NAMES list.
22:57:40 :hades.de.eu.synirc.net 001 robophiz :Welcome to the synIRC IRC Network robophiz!~robophiz@73.129.45.114
22:57:40 :hades.de.eu.synirc.net 002 robophiz :Your host is hades.de.eu.synirc.net, running version UnrealIRCd-4.2.4.1
22:57:40 :hades.de.eu.synirc.net 003 robophiz :This server was created Mon Jan 24 2022 at 00:59:14 CET
22:57:40 :hades.de.eu.synirc.net 004 robophiz hades.de.eu.synirc.net UnrealIRCd-4.2.4.1 iowrsxzdHtIDZRqpWGTSB lvhopsmntikraqbeIzMQNRTOVKDdGLPZSCcf
22:57:40 :hades.de.eu.synirc.net 005 robophiz AWAYLEN=307 CASEMAPPING=ascii CHANLIMIT=#:40 CHANMODES=beI,kLf,l,psmntirzMQNRTOVKDdGPZSCc CHANNELLEN=32 CHANTYPES=# DEAF=d ELIST=MNUCT EXCEPTS EXTBAN=~,tmTSOcaRrnqj HCN INVEX :are supported by this server
22:57:40 :hades.de.eu.synirc.net 005 robophiz KICKLEN=307 KNOCK MAP MAXCHANNELS=40 MAXLIST=b:60,e:60,I:60 MAXNICKLEN=30 MODES=12 NAMESX NETWORK=synIRC NICKLEN=30 PREFIX=(qaohv)~&@%+ QUITLEN=307 :are supported by this server
22:57:40 :hades.de.eu.synirc.net 005 robophiz SAFELIST SILENCE=15 STATUSMSG=~&@%+ TARGMAX=DCCALLOW:,ISON:,JOIN:,KICK:4,KILL:,LIST:,NAMES:1,NOTICE:1,PART:,PRIVMSG:4,SAJOIN:,SAPART:,USERHOST:,USERIP:,WATCH:,WHOIS:1,WHOWAS:1 TOPICLEN=360 UHNAMES USERIP WALLCHOPS WATCH=128 WATCHOPTS=A :are supported by this server
22:57:40 :hades.de.eu.synirc.net 396 robophiz B8C50673.F3C7BB78.33CA7D1E.IP :is now your displayed host
22:57:40 :hades.de.eu.synirc.net 251 robophiz :There are 25 users and 1840 invisible on 16 servers
22:57:40 :hades.de.eu.synirc.net 252 robophiz 20 :operator(s) online
22:57:40 :hades.de.eu.synirc.net 254 robophiz 967 :channels formed
22:57:40 :hades.de.eu.synirc.net 255 robophiz :I have 187 clients and 0 servers
22:57:40 :hades.de.eu.synirc.net 265 robophiz 187 228 :Current local users 187, max 228
22:57:40 :hades.de.eu.synirc.net 266 robophiz 1865 8248 :Current global users 1865, max 8248
22:57:40 :hades.de.eu.synirc.net 375 robophiz :- hades.de.eu.synirc.net Message of the Day - 
22:57:40 :hades.de.eu.synirc.net 372 robophiz :- 24/1/2022 1:22
22:57:40 :hades.de.eu.synirc.net 372 robophiz :- 
22:57:40 :hades.de.eu.synirc.net 372 robophiz :-             ######  ##    ## ##    ## #### ########   ######  
22:57:40 :hades.de.eu.synirc.net 372 robophiz :-            ##    ##  ##  ##  ###   ##  ##  ##     ## ##    ## 
22:57:40 :hades.de.eu.synirc.net 372 robophiz :-            ##         ####   ####  ##  ##  ##     ## ##       
22:57:40 :hades.de.eu.synirc.net 372 robophiz :-             ######     ##    ## ## ##  ##  ########  ##       
22:57:40 :hades.de.eu.synirc.net 372 robophiz :-                  ##    ##    ##  ####  ##  ##   ##   ##       
22:57:40 :hades.de.eu.synirc.net 372 robophiz :-            ##    ##    ##    ##   ###  ##  ##    ##  ##    ##
22:57:40 :hades.de.eu.synirc.net 372 robophiz :-             ######     ##    ##    ## #### ##     ##  ######  
22:57:40 :hades.de.eu.synirc.net 372 robophiz :- 
22:57:40 :hades.de.eu.synirc.net 372 robophiz :-          |                                                    |
22:57:40 :hades.de.eu.synirc.net 372 robophiz :-        --+----------------------------------------------------+--
22:57:40 :hades.de.eu.synirc.net 372 robophiz :-          |                                                    |
22:57:40 :hades.de.eu.synirc.net 372 robophiz :-          | Welcome on hades.de.eu.synirc.net                  |
22:57:40 :hades.de.eu.synirc.net 372 robophiz :-          | Available ports: 6660-6669, 7000                   |
22:57:40 :hades.de.eu.synirc.net 372 robophiz :-          | SSL ports: 6697, 7001                              |
22:57:40 :hades.de.eu.synirc.net 372 robophiz :-          |                                                    |
22:57:40 :hades.de.eu.synirc.net 372 robophiz :-          | Server Admin: Aden Aden@synIRC.net                 |
22:57:40 :hades.de.eu.synirc.net 372 robophiz :-          |                                                    |
22:57:40 :hades.de.eu.synirc.net 372 robophiz :-        --+----------------------------------------------------+--
22:57:40 :hades.de.eu.synirc.net 372 robophiz :-          |                                                    |
22:57:40 :hades.de.eu.synirc.net 372 robophiz :- 
22:57:40 :hades.de.eu.synirc.net 372 robophiz :- DISCLAIMER:
22:57:40 :hades.de.eu.synirc.net 372 robophiz :- 
22:57:40 :hades.de.eu.synirc.net 372 robophiz :- synIRC.net will scan your IP for open proxies upon connection to our 
22:57:40 :hades.de.eu.synirc.net 372 robophiz :- services.  You must be 18 or older to connect and chat on our services, or 
22:57:40 :hades.de.eu.synirc.net 372 robophiz :- have parental consent. synIRC.net and its affiliates are not responsible 
22:57:40 :hades.de.eu.synirc.net 372 robophiz :- for any bodily or mental harm that could possibly come from using its 
22:57:40 :hades.de.eu.synirc.net 372 robophiz :- services. synIRC.net is not responsible for any data received or sent 
22:57:40 :hades.de.eu.synirc.net 372 robophiz :- out to our clients. By connecting, you consent to have logging of your 
22:57:40 :hades.de.eu.synirc.net 372 robophiz :- conversations done by other clients and are also bound to the rules and 
22:57:40 :hades.de.eu.synirc.net 372 robophiz :- regulations that can be found at http://www.synirc.net/charter/
22:57:40 :hades.de.eu.synirc.net 372 robophiz :- 
22:57:40 :hades.de.eu.synirc.net 376 robophiz :End of /MOTD command.
22:57:42 :hades.de.eu.synirc.net 332 robophiz #phiz :elden ring group/mp pw: eldphiz || Feminist*HATE_this PenisTrick || Canned Horse Meat (Whale Flavor)
22:57:42 :hades.de.eu.synirc.net 333 robophiz #phiz Homie_in_a_geod 1647987277
22:57:42 :hades.de.eu.synirc.net 353 robophiz @ #phiz :robophiz letty ehn NORG ajj2 HellaBrad Nude_Riker antiracist_baby alansmithee_ bonegar mpg the`shima dreddybajs Selfie_Dad Melber greatest_gamer Homie_in_a_geod coaxmetal djcozmik ~het LilSwede91 wild_ape-style_creature eric scoop_jackson 
22:57:42 :hades.de.eu.synirc.net 366 robophiz #phiz :End of /NAMES list.
