11:58:16 :lightning.on.ca.synirc.net 001 robophiz :Welcome to the synIRC IRC Network robophiz!~robophiz@73.129.45.114
11:58:16 :lightning.on.ca.synirc.net 002 robophiz :Your host is lightning.on.ca.synirc.net, running version Unreal3.2.10.7
11:58:16 :lightning.on.ca.synirc.net 003 robophiz :This server was created Thu Jul 27 2017 at 02:50:42 UTC
11:58:16 :lightning.on.ca.synirc.net 004 robophiz lightning.on.ca.synirc.net Unreal3.2.10.7 iowghraAsORTVSxNCWqBzvdHtGpI lvhopsmntikrRcaqOALQbSeIKVfMCuzNTGjZ
11:58:16 :lightning.on.ca.synirc.net 005 robophiz CMDS=KNOCK,MAP,DCCALLOW,USERIP,STARTTLS UHNAMES NAMESX SAFELIST HCN MAXCHANNELS=40 CHANLIMIT=#:40 MAXLIST=b:60,e:60,I:60 NICKLEN=30 CHANNELLEN=32 TOPICLEN=307 KICKLEN=307 AWAYLEN=307 :are supported by this server
11:58:16 :lightning.on.ca.synirc.net 005 robophiz MAXTARGETS=20 WALLCHOPS WATCH=128 WATCHOPTS=A SILENCE=15 MODES=12 CHANTYPES=# PREFIX=(qaohv)~&@%+ CHANMODES=beI,kfL,lj,psmntirRcOAQKVCuzNSMTGZ NETWORK=synIRC CASEMAPPING=ascii EXTBAN=~,qjncrRa ELIST=MNUCT :are supported by this server
11:58:16 :lightning.on.ca.synirc.net 005 robophiz STATUSMSG=~&@%+ EXCEPTS INVEX :are supported by this server
11:58:16 :lightning.on.ca.synirc.net 251 robophiz :There are 25 users and 1827 invisible on 15 servers
11:58:16 :lightning.on.ca.synirc.net 252 robophiz 20 :operator(s) online
11:58:16 :lightning.on.ca.synirc.net 253 robophiz 1 :unknown connection(s)
11:58:16 :lightning.on.ca.synirc.net 254 robophiz 969 :channels formed
11:58:16 :lightning.on.ca.synirc.net 255 robophiz :I have 318 clients and 0 servers
11:58:16 :lightning.on.ca.synirc.net 265 robophiz 318 1253 :Current local users 318, max 1253
11:58:16 :lightning.on.ca.synirc.net 266 robophiz 1852 8248 :Current global users 1852, max 8248
11:58:16 :lightning.on.ca.synirc.net 375 robophiz :- lightning.on.ca.synirc.net Message of the Day - 
11:58:16 :lightning.on.ca.synirc.net 372 robophiz :- 27/7/2017 3:05
11:58:16 :lightning.on.ca.synirc.net 372 robophiz :-                                    ooooo ooooooooo.     .oooooo.   
11:58:16 :lightning.on.ca.synirc.net 372 robophiz :-                                    `888' `888   `Y88.  d8P'  `Y8b  
11:58:16 :lightning.on.ca.synirc.net 372 robophiz :-    .oooo.o oooo    ooo ooo. .oo.    888   888   .d88' 888          
11:58:16 :lightning.on.ca.synirc.net 372 robophiz :-   d88(  "8  `88.  .8'  `888P"Y88b   888   888ooo88P'  888          
11:58:16 :lightning.on.ca.synirc.net 372 robophiz :-   `"Y88b.    `88..8'    888   888   888   888`88b.    888          
11:58:16 :lightning.on.ca.synirc.net 372 robophiz :-   o.  )88b    `888'     888   888   888   888  `88b.  `88b    ooo  
11:58:16 :lightning.on.ca.synirc.net 372 robophiz :-   8""888P'     .8'     o888o o888o o888o o888o  o888o  `Y8bood8P'  
11:58:16 :lightning.on.ca.synirc.net 372 robophiz :-            .o..P'                                                  
11:58:16 :lightning.on.ca.synirc.net 372 robophiz :-            `Y8P'                                                   
11:58:16 :lightning.on.ca.synirc.net 372 robophiz :-                                                            .
11:58:16 :lightning.on.ca.synirc.net 372 robophiz :-                                                            |
11:58:16 :lightning.on.ca.synirc.net 372 robophiz :-                                                           < >
11:58:16 :lightning.on.ca.synirc.net 372 robophiz :-                                                            |
11:58:16 :lightning.on.ca.synirc.net 372 robophiz :-                                                          (^ ^)
11:58:16 :lightning.on.ca.synirc.net 372 robophiz :-                                                           `|`
11:58:16 :lightning.on.ca.synirc.net 372 robophiz :-                                ______                      |
11:58:16 :lightning.on.ca.synirc.net 372 robophiz :-                      .-,__,-. |""""""|                     |
11:58:16 :lightning.on.ca.synirc.net 372 robophiz :-                      | ]""[ | |""""""|       ,.,__         |
11:58:16 :lightning.on.ca.synirc.net 372 robophiz :-                      | |""| | |""""""|     /`.     ` ;     |
11:58:16 :lightning.on.ca.synirc.net 372 robophiz :-                      | |""| | |""""""|   /`.  '.       ;   |
11:58:16 :lightning.on.ca.synirc.net 372 robophiz :-                      | |""| | |""""""| /`.  '.  .       ; /^\
11:58:16 :lightning.on.ca.synirc.net 372 robophiz :-  ----------------------'-'--'-'-'------''---'---'--'-------'---'----
11:58:16 :lightning.on.ca.synirc.net 372 robophiz :- 
11:58:16 :lightning.on.ca.synirc.net 372 robophiz :-  lightning.on.ca.synirc.net (ports: 6660-9, 7000, ssl: +6697, +7001)
11:58:16 :lightning.on.ca.synirc.net 372 robophiz :-   
11:58:16 :lightning.on.ca.synirc.net 372 robophiz :-     admin: slushey <slushey@synirc.net>
11:58:16 :lightning.on.ca.synirc.net 372 robophiz :-   coadmin: basket <basket@synirc.net>
11:58:16 :lightning.on.ca.synirc.net 372 robophiz :-     ircop: Lioness <lioness@synirc.net>
11:58:16 :lightning.on.ca.synirc.net 372 robophiz :-            minusX <minusx@synirc.net>
11:58:16 :lightning.on.ca.synirc.net 372 robophiz :- 
11:58:16 :lightning.on.ca.synirc.net 372 robophiz :-       url: http://www.synirc.net
11:58:16 :lightning.on.ca.synirc.net 372 robophiz :-    forums: http://forum.synirc.net
11:58:16 :lightning.on.ca.synirc.net 372 robophiz :-   support: #help
11:58:16 :lightning.on.ca.synirc.net 372 robophiz :- 
11:58:16 :lightning.on.ca.synirc.net 372 robophiz :-  -------------------------------------------------------------------
11:58:16 :lightning.on.ca.synirc.net 372 robophiz :- 
11:58:16 :lightning.on.ca.synirc.net 372 robophiz :- synIRC.net will scan your IP for open proxies upon connection to our
11:58:16 :lightning.on.ca.synirc.net 372 robophiz :- services. You must be 18 or older to connect and chat on our services, or
11:58:16 :lightning.on.ca.synirc.net 372 robophiz :- have parental consent. synIRC.net and its affiliates are not responsible
11:58:16 :lightning.on.ca.synirc.net 372 robophiz :- for any bodily or mental harm that could possibly come from using its
11:58:16 :lightning.on.ca.synirc.net 372 robophiz :- services. synIRC.net is not responsible for any data received or sent
11:58:16 :lightning.on.ca.synirc.net 372 robophiz :- out to our clients. By connecting, you consent to have logging of your
11:58:16 :lightning.on.ca.synirc.net 372 robophiz :- conversations done by other clients and are also bound to the rules and
11:58:16 :lightning.on.ca.synirc.net 372 robophiz :- regulations that can be found at http://www.synirc.net/charter/ 
11:58:16 :lightning.on.ca.synirc.net 376 robophiz :End of /MOTD command.
11:58:17 :lightning.on.ca.synirc.net 332 robophiz #phiz :elden ring group/mp pw: eldphiz || According to evidence admitted at the board of rights hearing, "Snorlax" is a Pokémon creature known as "The Sleeping Pokémon." || Black lives matter. Pooplunch stands in solidarity with the Black community.
11:58:17 :lightning.on.ca.synirc.net 333 robophiz #phiz shrimp1989dspinfo 1645985449
11:58:17 :lightning.on.ca.synirc.net 353 robophiz @ #phiz :robophiz NORG registered_mirc the_tasteful_nerd Melber bonegar alansmithee_ dreddybajs greatest_gamer Homie_in_a_geod coaxmetal pubeman77 scoop_jackson eric shrimp1989dspinfo kuf ~het djcozmik 
11:58:17 :lightning.on.ca.synirc.net 366 robophiz #phiz :End of /NAMES list.
16:15:39 :lightning.on.ca.synirc.net 001 robophiz :Welcome to the synIRC IRC Network robophiz!~robophiz@73.129.45.114
16:15:39 :lightning.on.ca.synirc.net 002 robophiz :Your host is lightning.on.ca.synirc.net, running version Unreal3.2.10.7
16:15:39 :lightning.on.ca.synirc.net 003 robophiz :This server was created Thu Jul 27 2017 at 02:50:42 UTC
16:15:39 :lightning.on.ca.synirc.net 004 robophiz lightning.on.ca.synirc.net Unreal3.2.10.7 iowghraAsORTVSxNCWqBzvdHtGpI lvhopsmntikrRcaqOALQbSeIKVfMCuzNTGjZ
16:15:39 :lightning.on.ca.synirc.net 005 robophiz CMDS=KNOCK,MAP,DCCALLOW,USERIP,STARTTLS UHNAMES NAMESX SAFELIST HCN MAXCHANNELS=40 CHANLIMIT=#:40 MAXLIST=b:60,e:60,I:60 NICKLEN=30 CHANNELLEN=32 TOPICLEN=307 KICKLEN=307 AWAYLEN=307 :are supported by this server
16:15:39 :lightning.on.ca.synirc.net 005 robophiz MAXTARGETS=20 WALLCHOPS WATCH=128 WATCHOPTS=A SILENCE=15 MODES=12 CHANTYPES=# PREFIX=(qaohv)~&@%+ CHANMODES=beI,kfL,lj,psmntirRcOAQKVCuzNSMTGZ NETWORK=synIRC CASEMAPPING=ascii EXTBAN=~,qjncrRa ELIST=MNUCT :are supported by this server
16:15:39 :lightning.on.ca.synirc.net 005 robophiz STATUSMSG=~&@%+ EXCEPTS INVEX :are supported by this server
16:15:39 :lightning.on.ca.synirc.net 251 robophiz :There are 25 users and 1862 invisible on 15 servers
16:15:39 :lightning.on.ca.synirc.net 252 robophiz 20 :operator(s) online
16:15:39 :lightning.on.ca.synirc.net 253 robophiz 1 :unknown connection(s)
16:15:39 :lightning.on.ca.synirc.net 254 robophiz 969 :channels formed
16:15:39 :lightning.on.ca.synirc.net 255 robophiz :I have 321 clients and 0 servers
16:15:39 :lightning.on.ca.synirc.net 265 robophiz 321 1253 :Current local users 321, max 1253
16:15:39 :lightning.on.ca.synirc.net 266 robophiz 1887 8248 :Current global users 1887, max 8248
16:15:39 :lightning.on.ca.synirc.net 375 robophiz :- lightning.on.ca.synirc.net Message of the Day - 
16:15:39 :lightning.on.ca.synirc.net 372 robophiz :- 27/7/2017 3:05
16:15:39 :lightning.on.ca.synirc.net 372 robophiz :-                                    ooooo ooooooooo.     .oooooo.   
16:15:39 :lightning.on.ca.synirc.net 372 robophiz :-                                    `888' `888   `Y88.  d8P'  `Y8b  
16:15:39 :lightning.on.ca.synirc.net 372 robophiz :-    .oooo.o oooo    ooo ooo. .oo.    888   888   .d88' 888          
16:15:39 :lightning.on.ca.synirc.net 372 robophiz :-   d88(  "8  `88.  .8'  `888P"Y88b   888   888ooo88P'  888          
16:15:39 :lightning.on.ca.synirc.net 372 robophiz :-   `"Y88b.    `88..8'    888   888   888   888`88b.    888          
16:15:39 :lightning.on.ca.synirc.net 372 robophiz :-   o.  )88b    `888'     888   888   888   888  `88b.  `88b    ooo  
16:15:39 :lightning.on.ca.synirc.net 372 robophiz :-   8""888P'     .8'     o888o o888o o888o o888o  o888o  `Y8bood8P'  
16:15:39 :lightning.on.ca.synirc.net 372 robophiz :-            .o..P'                                                  
16:15:39 :lightning.on.ca.synirc.net 372 robophiz :-            `Y8P'                                                   
16:15:39 :lightning.on.ca.synirc.net 372 robophiz :-                                                            .
16:15:39 :lightning.on.ca.synirc.net 372 robophiz :-                                                            |
16:15:39 :lightning.on.ca.synirc.net 372 robophiz :-                                                           < >
16:15:39 :lightning.on.ca.synirc.net 372 robophiz :-                                                            |
16:15:39 :lightning.on.ca.synirc.net 372 robophiz :-                                                          (^ ^)
16:15:39 :lightning.on.ca.synirc.net 372 robophiz :-                                                           `|`
16:15:39 :lightning.on.ca.synirc.net 372 robophiz :-                                ______                      |
16:15:39 :lightning.on.ca.synirc.net 372 robophiz :-                      .-,__,-. |""""""|                     |
16:15:39 :lightning.on.ca.synirc.net 372 robophiz :-                      | ]""[ | |""""""|       ,.,__         |
16:15:39 :lightning.on.ca.synirc.net 372 robophiz :-                      | |""| | |""""""|     /`.     ` ;     |
16:15:39 :lightning.on.ca.synirc.net 372 robophiz :-                      | |""| | |""""""|   /`.  '.       ;   |
16:15:39 :lightning.on.ca.synirc.net 372 robophiz :-                      | |""| | |""""""| /`.  '.  .       ; /^\
16:15:39 :lightning.on.ca.synirc.net 372 robophiz :-  ----------------------'-'--'-'-'------''---'---'--'-------'---'----
16:15:39 :lightning.on.ca.synirc.net 372 robophiz :- 
16:15:39 :lightning.on.ca.synirc.net 372 robophiz :-  lightning.on.ca.synirc.net (ports: 6660-9, 7000, ssl: +6697, +7001)
16:15:39 :lightning.on.ca.synirc.net 372 robophiz :-   
16:15:39 :lightning.on.ca.synirc.net 372 robophiz :-     admin: slushey <slushey@synirc.net>
16:15:39 :lightning.on.ca.synirc.net 372 robophiz :-   coadmin: basket <basket@synirc.net>
16:15:39 :lightning.on.ca.synirc.net 372 robophiz :-     ircop: Lioness <lioness@synirc.net>
16:15:39 :lightning.on.ca.synirc.net 372 robophiz :-            minusX <minusx@synirc.net>
16:15:39 :lightning.on.ca.synirc.net 372 robophiz :- 
16:15:39 :lightning.on.ca.synirc.net 372 robophiz :-       url: http://www.synirc.net
16:15:39 :lightning.on.ca.synirc.net 372 robophiz :-    forums: http://forum.synirc.net
16:15:39 :lightning.on.ca.synirc.net 372 robophiz :-   support: #help
16:15:39 :lightning.on.ca.synirc.net 372 robophiz :- 
16:15:39 :lightning.on.ca.synirc.net 372 robophiz :-  -------------------------------------------------------------------
16:15:39 :lightning.on.ca.synirc.net 372 robophiz :- 
16:15:39 :lightning.on.ca.synirc.net 372 robophiz :- synIRC.net will scan your IP for open proxies upon connection to our
16:15:39 :lightning.on.ca.synirc.net 372 robophiz :- services. You must be 18 or older to connect and chat on our services, or
16:15:39 :lightning.on.ca.synirc.net 372 robophiz :- have parental consent. synIRC.net and its affiliates are not responsible
16:15:39 :lightning.on.ca.synirc.net 372 robophiz :- for any bodily or mental harm that could possibly come from using its
16:15:39 :lightning.on.ca.synirc.net 372 robophiz :- services. synIRC.net is not responsible for any data received or sent
16:15:39 :lightning.on.ca.synirc.net 372 robophiz :- out to our clients. By connecting, you consent to have logging of your
16:15:39 :lightning.on.ca.synirc.net 372 robophiz :- conversations done by other clients and are also bound to the rules and
16:15:39 :lightning.on.ca.synirc.net 372 robophiz :- regulations that can be found at http://www.synirc.net/charter/ 
16:15:39 :lightning.on.ca.synirc.net 376 robophiz :End of /MOTD command.
16:15:40 :lightning.on.ca.synirc.net 332 robophiz #phiz :elden ring group/mp pw: eldphiz || According to evidence admitted at the board of rights hearing, "Snorlax" is a Pokémon creature known as "The Sleeping Pokémon." || Black lives matter. Pooplunch stands in solidarity with the Black community.
16:15:40 :lightning.on.ca.synirc.net 333 robophiz #phiz shrimp1989dspinfo 1645985449
16:15:40 :lightning.on.ca.synirc.net 353 robophiz @ #phiz :robophiz ajj ajj2 Nude_Riker nine`eleven Rusty NORG registered_mirc the_tasteful_nerd Melber bonegar alansmithee_ dreddybajs greatest_gamer Homie_in_a_geod coaxmetal pubeman77 scoop_jackson eric shrimp1989dspinfo kuf ~het djcozmik 
16:15:40 :lightning.on.ca.synirc.net 366 robophiz #phiz :End of /NAMES list.
20:33:12 :lightning.on.ca.synirc.net 001 robophiz :Welcome to the synIRC IRC Network robophiz!~robophiz@73.129.45.114
20:33:12 :lightning.on.ca.synirc.net 002 robophiz :Your host is lightning.on.ca.synirc.net, running version Unreal3.2.10.7
20:33:12 :lightning.on.ca.synirc.net 003 robophiz :This server was created Thu Jul 27 2017 at 02:50:42 UTC
20:33:12 :lightning.on.ca.synirc.net 004 robophiz lightning.on.ca.synirc.net Unreal3.2.10.7 iowghraAsORTVSxNCWqBzvdHtGpI lvhopsmntikrRcaqOALQbSeIKVfMCuzNTGjZ
20:33:12 :lightning.on.ca.synirc.net 005 robophiz CMDS=KNOCK,MAP,DCCALLOW,USERIP,STARTTLS UHNAMES NAMESX SAFELIST HCN MAXCHANNELS=40 CHANLIMIT=#:40 MAXLIST=b:60,e:60,I:60 NICKLEN=30 CHANNELLEN=32 TOPICLEN=307 KICKLEN=307 AWAYLEN=307 :are supported by this server
20:33:12 :lightning.on.ca.synirc.net 005 robophiz MAXTARGETS=20 WALLCHOPS WATCH=128 WATCHOPTS=A SILENCE=15 MODES=12 CHANTYPES=# PREFIX=(qaohv)~&@%+ CHANMODES=beI,kfL,lj,psmntirRcOAQKVCuzNSMTGZ NETWORK=synIRC CASEMAPPING=ascii EXTBAN=~,qjncrRa ELIST=MNUCT :are supported by this server
20:33:12 :lightning.on.ca.synirc.net 005 robophiz STATUSMSG=~&@%+ EXCEPTS INVEX :are supported by this server
20:33:12 :lightning.on.ca.synirc.net 251 robophiz :There are 25 users and 1890 invisible on 15 servers
20:33:12 :lightning.on.ca.synirc.net 252 robophiz 20 :operator(s) online
20:33:12 :lightning.on.ca.synirc.net 254 robophiz 981 :channels formed
20:33:12 :lightning.on.ca.synirc.net 255 robophiz :I have 328 clients and 0 servers
20:33:12 :lightning.on.ca.synirc.net 265 robophiz 328 1253 :Current local users 328, max 1253
20:33:12 :lightning.on.ca.synirc.net 266 robophiz 1915 8248 :Current global users 1915, max 8248
20:33:12 :lightning.on.ca.synirc.net 375 robophiz :- lightning.on.ca.synirc.net Message of the Day - 
20:33:12 :lightning.on.ca.synirc.net 372 robophiz :- 27/7/2017 3:05
20:33:12 :lightning.on.ca.synirc.net 372 robophiz :-                                    ooooo ooooooooo.     .oooooo.   
20:33:12 :lightning.on.ca.synirc.net 372 robophiz :-                                    `888' `888   `Y88.  d8P'  `Y8b  
20:33:12 :lightning.on.ca.synirc.net 372 robophiz :-    .oooo.o oooo    ooo ooo. .oo.    888   888   .d88' 888          
20:33:12 :lightning.on.ca.synirc.net 372 robophiz :-   d88(  "8  `88.  .8'  `888P"Y88b   888   888ooo88P'  888          
20:33:12 :lightning.on.ca.synirc.net 372 robophiz :-   `"Y88b.    `88..8'    888   888   888   888`88b.    888          
20:33:12 :lightning.on.ca.synirc.net 372 robophiz :-   o.  )88b    `888'     888   888   888   888  `88b.  `88b    ooo  
20:33:12 :lightning.on.ca.synirc.net 372 robophiz :-   8""888P'     .8'     o888o o888o o888o o888o  o888o  `Y8bood8P'  
20:33:12 :lightning.on.ca.synirc.net 372 robophiz :-            .o..P'                                                  
20:33:12 :lightning.on.ca.synirc.net 372 robophiz :-            `Y8P'                                                   
20:33:12 :lightning.on.ca.synirc.net 372 robophiz :-                                                            .
20:33:12 :lightning.on.ca.synirc.net 372 robophiz :-                                                            |
20:33:12 :lightning.on.ca.synirc.net 372 robophiz :-                                                           < >
20:33:12 :lightning.on.ca.synirc.net 372 robophiz :-                                                            |
20:33:12 :lightning.on.ca.synirc.net 372 robophiz :-                                                          (^ ^)
20:33:12 :lightning.on.ca.synirc.net 372 robophiz :-                                                           `|`
20:33:12 :lightning.on.ca.synirc.net 372 robophiz :-                                ______                      |
20:33:12 :lightning.on.ca.synirc.net 372 robophiz :-                      .-,__,-. |""""""|                     |
20:33:12 :lightning.on.ca.synirc.net 372 robophiz :-                      | ]""[ | |""""""|       ,.,__         |
20:33:12 :lightning.on.ca.synirc.net 372 robophiz :-                      | |""| | |""""""|     /`.     ` ;     |
20:33:12 :lightning.on.ca.synirc.net 372 robophiz :-                      | |""| | |""""""|   /`.  '.       ;   |
20:33:12 :lightning.on.ca.synirc.net 372 robophiz :-                      | |""| | |""""""| /`.  '.  .       ; /^\
20:33:12 :lightning.on.ca.synirc.net 372 robophiz :-  ----------------------'-'--'-'-'------''---'---'--'-------'---'----
20:33:12 :lightning.on.ca.synirc.net 372 robophiz :- 
20:33:12 :lightning.on.ca.synirc.net 372 robophiz :-  lightning.on.ca.synirc.net (ports: 6660-9, 7000, ssl: +6697, +7001)
20:33:12 :lightning.on.ca.synirc.net 372 robophiz :-   
20:33:12 :lightning.on.ca.synirc.net 372 robophiz :-     admin: slushey <slushey@synirc.net>
20:33:12 :lightning.on.ca.synirc.net 372 robophiz :-   coadmin: basket <basket@synirc.net>
20:33:12 :lightning.on.ca.synirc.net 372 robophiz :-     ircop: Lioness <lioness@synirc.net>
20:33:12 :lightning.on.ca.synirc.net 372 robophiz :-            minusX <minusx@synirc.net>
20:33:12 :lightning.on.ca.synirc.net 372 robophiz :- 
20:33:12 :lightning.on.ca.synirc.net 372 robophiz :-       url: http://www.synirc.net
20:33:12 :lightning.on.ca.synirc.net 372 robophiz :-    forums: http://forum.synirc.net
20:33:12 :lightning.on.ca.synirc.net 372 robophiz :-   support: #help
20:33:12 :lightning.on.ca.synirc.net 372 robophiz :- 
20:33:12 :lightning.on.ca.synirc.net 372 robophiz :-  -------------------------------------------------------------------
20:33:12 :lightning.on.ca.synirc.net 372 robophiz :- 
20:33:12 :lightning.on.ca.synirc.net 372 robophiz :- synIRC.net will scan your IP for open proxies upon connection to our
20:33:12 :lightning.on.ca.synirc.net 372 robophiz :- services. You must be 18 or older to connect and chat on our services, or
20:33:12 :lightning.on.ca.synirc.net 372 robophiz :- have parental consent. synIRC.net and its affiliates are not responsible
20:33:12 :lightning.on.ca.synirc.net 372 robophiz :- for any bodily or mental harm that could possibly come from using its
20:33:12 :lightning.on.ca.synirc.net 372 robophiz :- services. synIRC.net is not responsible for any data received or sent
20:33:12 :lightning.on.ca.synirc.net 372 robophiz :- out to our clients. By connecting, you consent to have logging of your
20:33:12 :lightning.on.ca.synirc.net 372 robophiz :- conversations done by other clients and are also bound to the rules and
20:33:12 :lightning.on.ca.synirc.net 372 robophiz :- regulations that can be found at http://www.synirc.net/charter/ 
20:33:12 :lightning.on.ca.synirc.net 376 robophiz :End of /MOTD command.
20:33:13 :lightning.on.ca.synirc.net 332 robophiz #phiz :elden ring group/mp pw: eldphiz || According to evidence admitted at the board of rights hearing, "Snorlax" is a Pokémon creature known as "The Sleeping Pokémon." || Black lives matter. Pooplunch stands in solidarity with the Black community.
20:33:13 :lightning.on.ca.synirc.net 333 robophiz #phiz shrimp1989dspinfo 1645985449
20:33:13 :lightning.on.ca.synirc.net 353 robophiz @ #phiz :robophiz this_fellow_kermit ehn lavender_toni ajj ajj2 Nude_Riker Rusty NORG registered_mirc the_tasteful_nerd Melber bonegar alansmithee_ dreddybajs greatest_gamer Homie_in_a_geod coaxmetal pubeman77 scoop_jackson eric shrimp1989dspinfo kuf ~het djcozmik 
20:33:13 :lightning.on.ca.synirc.net 366 robophiz #phiz :End of /NAMES list.
