16:23:44 :lightning.on.ca.synirc.net 001 robophiz :Welcome to the synIRC IRC Network robophiz!~robophiz@73.129.45.114
16:23:44 :lightning.on.ca.synirc.net 002 robophiz :Your host is lightning.on.ca.synirc.net, running version Unreal3.2.10.7
16:23:44 :lightning.on.ca.synirc.net 003 robophiz :This server was created Thu Jul 27 2017 at 02:50:42 UTC
16:23:44 :lightning.on.ca.synirc.net 004 robophiz lightning.on.ca.synirc.net Unreal3.2.10.7 iowghraAsORTVSxNCWqBzvdHtGpI lvhopsmntikrRcaqOALQbSeIKVfMCuzNTGjZ
16:23:44 :lightning.on.ca.synirc.net 005 robophiz CMDS=KNOCK,MAP,DCCALLOW,USERIP,STARTTLS UHNAMES NAMESX SAFELIST HCN MAXCHANNELS=40 CHANLIMIT=#:40 MAXLIST=b:60,e:60,I:60 NICKLEN=30 CHANNELLEN=32 TOPICLEN=307 KICKLEN=307 AWAYLEN=307 :are supported by this server
16:23:44 :lightning.on.ca.synirc.net 005 robophiz MAXTARGETS=20 WALLCHOPS WATCH=128 WATCHOPTS=A SILENCE=15 MODES=12 CHANTYPES=# PREFIX=(qaohv)~&@%+ CHANMODES=beI,kfL,lj,psmntirRcOAQKVCuzNSMTGZ NETWORK=synIRC CASEMAPPING=ascii EXTBAN=~,qjncrRa ELIST=MNUCT :are supported by this server
16:23:44 :lightning.on.ca.synirc.net 005 robophiz STATUSMSG=~&@%+ EXCEPTS INVEX :are supported by this server
16:23:44 :lightning.on.ca.synirc.net 251 robophiz :There are 25 users and 1877 invisible on 15 servers
16:23:44 :lightning.on.ca.synirc.net 252 robophiz 20 :operator(s) online
16:23:44 :lightning.on.ca.synirc.net 253 robophiz 1 :unknown connection(s)
16:23:44 :lightning.on.ca.synirc.net 254 robophiz 986 :channels formed
16:23:44 :lightning.on.ca.synirc.net 255 robophiz :I have 317 clients and 0 servers
16:23:44 :lightning.on.ca.synirc.net 265 robophiz 317 1253 :Current local users 317, max 1253
16:23:44 :lightning.on.ca.synirc.net 266 robophiz 1902 8248 :Current global users 1902, max 8248
16:23:44 :lightning.on.ca.synirc.net 375 robophiz :- lightning.on.ca.synirc.net Message of the Day - 
16:23:44 :lightning.on.ca.synirc.net 372 robophiz :- 27/7/2017 3:05
16:23:44 :lightning.on.ca.synirc.net 372 robophiz :-                                    ooooo ooooooooo.     .oooooo.   
16:23:44 :lightning.on.ca.synirc.net 372 robophiz :-                                    `888' `888   `Y88.  d8P'  `Y8b  
16:23:44 :lightning.on.ca.synirc.net 372 robophiz :-    .oooo.o oooo    ooo ooo. .oo.    888   888   .d88' 888          
16:23:44 :lightning.on.ca.synirc.net 372 robophiz :-   d88(  "8  `88.  .8'  `888P"Y88b   888   888ooo88P'  888          
16:23:44 :lightning.on.ca.synirc.net 372 robophiz :-   `"Y88b.    `88..8'    888   888   888   888`88b.    888          
16:23:44 :lightning.on.ca.synirc.net 372 robophiz :-   o.  )88b    `888'     888   888   888   888  `88b.  `88b    ooo  
16:23:44 :lightning.on.ca.synirc.net 372 robophiz :-   8""888P'     .8'     o888o o888o o888o o888o  o888o  `Y8bood8P'  
16:23:44 :lightning.on.ca.synirc.net 372 robophiz :-            .o..P'                                                  
16:23:44 :lightning.on.ca.synirc.net 372 robophiz :-            `Y8P'                                                   
16:23:44 :lightning.on.ca.synirc.net 372 robophiz :-                                                            .
16:23:44 :lightning.on.ca.synirc.net 372 robophiz :-                                                            |
16:23:44 :lightning.on.ca.synirc.net 372 robophiz :-                                                           < >
16:23:44 :lightning.on.ca.synirc.net 372 robophiz :-                                                            |
16:23:44 :lightning.on.ca.synirc.net 372 robophiz :-                                                          (^ ^)
16:23:44 :lightning.on.ca.synirc.net 372 robophiz :-                                                           `|`
16:23:44 :lightning.on.ca.synirc.net 372 robophiz :-                                ______                      |
16:23:44 :lightning.on.ca.synirc.net 372 robophiz :-                      .-,__,-. |""""""|                     |
16:23:44 :lightning.on.ca.synirc.net 372 robophiz :-                      | ]""[ | |""""""|       ,.,__         |
