14:23:24 :logik.ca.us.synirc.net 001 robophiz :Welcome to the synIRC IRC Network robophiz!~robophiz@73.129.45.114
14:23:24 :logik.ca.us.synirc.net 002 robophiz :Your host is logik.ca.us.synirc.net, running version UnrealIRCd-4.2.4.1
14:23:24 :logik.ca.us.synirc.net 003 robophiz :This server was created Tue Jan 5 2021 at 23:38:51 UTC
14:23:24 :logik.ca.us.synirc.net 004 robophiz logik.ca.us.synirc.net UnrealIRCd-4.2.4.1 iowrsxzdHtIDZRqpWGTSB lvhopsmntikraqbeIzMQNRTOVKDdGLPZSCcf
14:23:24 :logik.ca.us.synirc.net 005 robophiz AWAYLEN=307 CASEMAPPING=ascii CHANLIMIT=#:40 CHANMODES=beI,kLf,l,psmntirzMQNRTOVKDdGPZSCc CHANNELLEN=32 CHANTYPES=# DEAF=d ELIST=MNUCT EXCEPTS EXTBAN=~,tmTSOcaRrnqj HCN INVEX :are supported by this server
14:23:24 :logik.ca.us.synirc.net 005 robophiz KICKLEN=307 KNOCK MAP MAXCHANNELS=40 MAXLIST=b:60,e:60,I:60 MAXNICKLEN=30 MODES=12 NAMESX NETWORK=synIRC NICKLEN=30 PREFIX=(qaohv)~&@%+ QUITLEN=307 :are supported by this server
14:23:24 :logik.ca.us.synirc.net 005 robophiz SAFELIST SILENCE=15 STATUSMSG=~&@%+ TARGMAX=DCCALLOW:,ISON:,JOIN:,KICK:4,KILL:,LIST:,NAMES:1,NOTICE:1,PART:,PRIVMSG:4,SAJOIN:,SAPART:,USERHOST:,USERIP:,WATCH:,WHOIS:1,WHOWAS:1 TOPICLEN=360 UHNAMES USERIP WALLCHOPS WATCH=128 WATCHOPTS=A :are supported by this server
14:23:24 :logik.ca.us.synirc.net 396 robophiz B8C50673.F3C7BB78.33CA7D1E.IP :is now your displayed host
14:23:24 :logik.ca.us.synirc.net 251 robophiz :There are 25 users and 1819 invisible on 16 servers
14:23:24 :logik.ca.us.synirc.net 252 robophiz 20 :operator(s) online
14:23:24 :logik.ca.us.synirc.net 254 robophiz 967 :channels formed
14:23:24 :logik.ca.us.synirc.net 255 robophiz :I have 215 clients and 0 servers
14:23:24 :logik.ca.us.synirc.net 265 robophiz 215 333 :Current local users 215, max 333
14:23:24 :logik.ca.us.synirc.net 266 robophiz 1844 8248 :Current global users 1844, max 8248
14:23:24 :logik.ca.us.synirc.net 375 robophiz :- logik.ca.us.synirc.net Message of the Day - 
14:23:24 :logik.ca.us.synirc.net 372 robophiz :- 22/11/2021 21:24
14:23:24 :logik.ca.us.synirc.net 372 robophiz :- 
14:23:24 :logik.ca.us.synirc.net 372 robophiz :-                         IIIII RRRRRR   CCCCC
14:23:24 :logik.ca.us.synirc.net 372 robophiz :-    sss  yy   yy nn nnn   III  RR   RR CC    C
14:23:24 :logik.ca.us.synirc.net 372 robophiz :-   s     yy   yy nnn  nn  III  RRRRRR  CC
14:23:24 :logik.ca.us.synirc.net 372 robophiz :-    sss   yyyyyy nn   nn  III  RR  RR  CC    C
14:23:24 :logik.ca.us.synirc.net 372 robophiz :-       s      yy nn   nn IIIII RR   RR  CCCCC
14:23:24 :logik.ca.us.synirc.net 372 robophiz :-    sss   yyyyy                 irc.synirc.net
14:23:24 :logik.ca.us.synirc.net 372 robophiz :- 
14:23:24 :logik.ca.us.synirc.net 372 robophiz :- 
14:23:24 :logik.ca.us.synirc.net 372 robophiz :- Welcome to synIRC!
14:23:24 :logik.ca.us.synirc.net 372 robophiz :- 
14:23:24 :logik.ca.us.synirc.net 372 robophiz :- By connecting to synIRC, you agree to abide by the user
14:23:24 :logik.ca.us.synirc.net 372 robophiz :- charter which can be found at https://synirc.net/charter
14:23:24 :logik.ca.us.synirc.net 372 robophiz :- 
14:23:24 :logik.ca.us.synirc.net 372 robophiz :- All servers run proxy scanners. By connecting, you consent
14:23:24 :logik.ca.us.synirc.net 372 robophiz :- to having your IP address scanned for open proxies.
14:23:24 :logik.ca.us.synirc.net 372 robophiz :- 
14:23:24 :logik.ca.us.synirc.net 372 robophiz :- Please join #help if you require network assistance.
14:23:24 :logik.ca.us.synirc.net 372 robophiz :- 
14:23:24 :logik.ca.us.synirc.net 376 robophiz :End of /MOTD command.
14:23:25 :logik.ca.us.synirc.net 332 robophiz #phiz :elden ring group/mp pw: eldphiz || Feminist*HATE_this PenisTrick
14:23:25 :logik.ca.us.synirc.net 333 robophiz #phiz Homie_in_a_geod 1647711894
14:23:25 :logik.ca.us.synirc.net 353 robophiz @ #phiz :robophiz HellaBrad NORG Rusty Nude_Riker antiracist_baby alansmithee_ bonegar mpg the`shima dreddybajs Selfie_Dad Melber greatest_gamer Homie_in_a_geod coaxmetal scoop_jackson eric wild_ape-style_creature djcozmik ~het LilSwede91 
14:23:25 :logik.ca.us.synirc.net 366 robophiz #phiz :End of /NAMES list.
16:30:34 :logik.ca.us.synirc.net 001 robophiz :Welcome to the synIRC IRC Network robophiz!~robophiz@73.129.45.114
16:30:34 :logik.ca.us.synirc.net 002 robophiz :Your host is logik.ca.us.synirc.net, running version UnrealIRCd-4.2.4.1
16:30:34 :logik.ca.us.synirc.net 003 robophiz :This server was created Tue Jan 5 2021 at 23:38:51 UTC
16:30:34 :logik.ca.us.synirc.net 004 robophiz logik.ca.us.synirc.net UnrealIRCd-4.2.4.1 iowrsxzdHtIDZRqpWGTSB lvhopsmntikraqbeIzMQNRTOVKDdGLPZSCcf
16:30:34 :logik.ca.us.synirc.net 005 robophiz AWAYLEN=307 CASEMAPPING=ascii CHANLIMIT=#:40 CHANMODES=beI,kLf,l,psmntirzMQNRTOVKDdGPZSCc CHANNELLEN=32 CHANTYPES=# DEAF=d ELIST=MNUCT EXCEPTS EXTBAN=~,tmTSOcaRrnqj HCN INVEX :are supported by this server
16:30:34 :logik.ca.us.synirc.net 005 robophiz KICKLEN=307 KNOCK MAP MAXCHANNELS=40 MAXLIST=b:60,e:60,I:60 MAXNICKLEN=30 MODES=12 NAMESX NETWORK=synIRC NICKLEN=30 PREFIX=(qaohv)~&@%+ QUITLEN=307 :are supported by this server
16:30:34 :logik.ca.us.synirc.net 005 robophiz SAFELIST SILENCE=15 STATUSMSG=~&@%+ TARGMAX=DCCALLOW:,ISON:,JOIN:,KICK:4,KILL:,LIST:,NAMES:1,NOTICE:1,PART:,PRIVMSG:4,SAJOIN:,SAPART:,USERHOST:,USERIP:,WATCH:,WHOIS:1,WHOWAS:1 TOPICLEN=360 UHNAMES USERIP WALLCHOPS WATCH=128 WATCHOPTS=A :are supported by this server
16:30:34 :logik.ca.us.synirc.net 396 robophiz B8C50673.F3C7BB78.33CA7D1E.IP :is now your displayed host
16:30:34 :logik.ca.us.synirc.net 251 robophiz :There are 25 users and 1843 invisible on 16 servers
16:30:34 :logik.ca.us.synirc.net 252 robophiz 20 :operator(s) online
16:30:34 :logik.ca.us.synirc.net 254 robophiz 971 :channels formed
16:30:34 :logik.ca.us.synirc.net 255 robophiz :I have 215 clients and 0 servers
16:30:34 :logik.ca.us.synirc.net 265 robophiz 215 333 :Current local users 215, max 333
16:30:34 :logik.ca.us.synirc.net 266 robophiz 1868 8248 :Current global users 1868, max 8248
16:30:34 :logik.ca.us.synirc.net 375 robophiz :- logik.ca.us.synirc.net Message of the Day - 
16:30:34 :logik.ca.us.synirc.net 372 robophiz :- 22/11/2021 21:24
16:30:34 :logik.ca.us.synirc.net 372 robophiz :- 
16:30:34 :logik.ca.us.synirc.net 372 robophiz :-                         IIIII RRRRRR   CCCCC
16:30:34 :logik.ca.us.synirc.net 372 robophiz :-    sss  yy   yy nn nnn   III  RR   RR CC    C
16:30:34 :logik.ca.us.synirc.net 372 robophiz :-   s     yy   yy nnn  nn  III  RRRRRR  CC
16:30:34 :logik.ca.us.synirc.net 372 robophiz :-    sss   yyyyyy nn   nn  III  RR  RR  CC    C
16:30:34 :logik.ca.us.synirc.net 372 robophiz :-       s      yy nn   nn IIIII RR   RR  CCCCC
16:30:34 :logik.ca.us.synirc.net 372 robophiz :-    sss   yyyyy                 irc.synirc.net
16:30:34 :logik.ca.us.synirc.net 372 robophiz :- 
16:30:34 :logik.ca.us.synirc.net 372 robophiz :- 
16:30:34 :logik.ca.us.synirc.net 372 robophiz :- Welcome to synIRC!
16:30:34 :logik.ca.us.synirc.net 372 robophiz :- 
16:30:34 :logik.ca.us.synirc.net 372 robophiz :- By connecting to synIRC, you agree to abide by the user
16:30:34 :logik.ca.us.synirc.net 372 robophiz :- charter which can be found at https://synirc.net/charter
16:30:34 :logik.ca.us.synirc.net 372 robophiz :- 
16:30:34 :logik.ca.us.synirc.net 372 robophiz :- All servers run proxy scanners. By connecting, you consent
16:30:34 :logik.ca.us.synirc.net 372 robophiz :- to having your IP address scanned for open proxies.
16:30:34 :logik.ca.us.synirc.net 372 robophiz :- 
16:30:34 :logik.ca.us.synirc.net 372 robophiz :- Please join #help if you require network assistance.
16:30:34 :logik.ca.us.synirc.net 372 robophiz :- 
16:30:34 :logik.ca.us.synirc.net 376 robophiz :End of /MOTD command.
16:30:35 :logik.ca.us.synirc.net 332 robophiz #phiz :elden ring group/mp pw: eldphiz || Feminist*HATE_this PenisTrick
16:30:35 :logik.ca.us.synirc.net 333 robophiz #phiz Homie_in_a_geod 1647711894
16:30:35 :logik.ca.us.synirc.net 353 robophiz @ #phiz :robophiz ajj2 mikev HellaBrad NORG Rusty Nude_Riker antiracist_baby alansmithee_ bonegar mpg the`shima dreddybajs Selfie_Dad Melber greatest_gamer Homie_in_a_geod coaxmetal scoop_jackson eric wild_ape-style_creature djcozmik ~het LilSwede91 
16:30:35 :logik.ca.us.synirc.net 366 robophiz #phiz :End of /NAMES list.
