08:36:34 :monster.va.us.synirc.net 001 robophiz :Welcome to the synIRC IRC Network robophiz!~robophiz@73.129.45.114
08:36:35 :monster.va.us.synirc.net 002 robophiz :Your host is monster.va.us.synirc.net, running version Unreal3.2.10.7
08:36:35 :monster.va.us.synirc.net 003 robophiz :This server was created Sat Oct 21 2017 at 03:03:29 UTC
08:36:35 :monster.va.us.synirc.net 004 robophiz monster.va.us.synirc.net Unreal3.2.10.7 iowghraAsORTVSxNCWqBzvdHtGpI lvhopsmntikrRcaqOALQbSeIKVfMCuzNTGjZ
08:36:35 :monster.va.us.synirc.net 005 robophiz UHNAMES NAMESX SAFELIST HCN MAXCHANNELS=40 CHANLIMIT=#:40 MAXLIST=b:60,e:60,I:60 NICKLEN=30 CHANNELLEN=32 TOPICLEN=307 KICKLEN=307 AWAYLEN=307 MAXTARGETS=20 :are supported by this server
08:36:35 :monster.va.us.synirc.net 005 robophiz WALLCHOPS WATCH=128 WATCHOPTS=A SILENCE=15 MODES=12 CHANTYPES=# PREFIX=(qaohv)~&@%+ CHANMODES=beI,kfL,lj,psmntirRcOAQKVCuzNSMTGZ NETWORK=synIRC CASEMAPPING=ascii EXTBAN=~,qjncrRa ELIST=MNUCT STATUSMSG=~&@%+ :are supported by this server
08:36:35 :monster.va.us.synirc.net 005 robophiz EXCEPTS INVEX CMDS=KNOCK,MAP,DCCALLOW,USERIP,STARTTLS :are supported by this server
08:36:35 :monster.va.us.synirc.net 251 robophiz :There are 25 users and 1812 invisible on 16 servers
08:36:35 :monster.va.us.synirc.net 252 robophiz 20 :operator(s) online
08:36:35 :monster.va.us.synirc.net 254 robophiz 965 :channels formed
08:36:35 :monster.va.us.synirc.net 255 robophiz :I have 162 clients and 0 servers
08:36:35 :monster.va.us.synirc.net 265 robophiz 162 1279 :Current local users 162, max 1279
08:36:35 :monster.va.us.synirc.net 266 robophiz 1837 8248 :Current global users 1837, max 8248
08:36:35 :monster.va.us.synirc.net 375 robophiz :- monster.va.us.synirc.net Message of the Day - 
08:36:35 :monster.va.us.synirc.net 372 robophiz :- 23/10/2017 2:09
08:36:35 :monster.va.us.synirc.net 372 robophiz :- This is the short MOTD. To view the complete MOTD type /motd
08:36:35 :monster.va.us.synirc.net 372 robophiz :- 
08:36:35 :monster.va.us.synirc.net 372 robophiz :- 
08:36:35 :monster.va.us.synirc.net 372 robophiz :-                               .---. .---. 
08:36:35 :monster.va.us.synirc.net 372 robophiz :-                              :     : o   :    me want cookie!
08:36:35 :monster.va.us.synirc.net 372 robophiz :-                          _..-:   o :     :-.._    /
08:36:35 :monster.va.us.synirc.net 372 robophiz :-                      .-''  '  `---' `---' "   ``-.    
08:36:35 :monster.va.us.synirc.net 372 robophiz :-                    .'   "   '  "  .    "  . '  "  `.  
08:36:35 :monster.va.us.synirc.net 372 robophiz :-                   :   '.---.,,.,...,.,.,.,..---.  ' ;
08:36:35 :monster.va.us.synirc.net 372 robophiz :-                   `. " `.                     .' " .'
08:36:35 :monster.va.us.synirc.net 372 robophiz :-                    `.  '`.                   .' ' .'
08:36:35 :monster.va.us.synirc.net 372 robophiz :-                     `.    `-._           _.-' "  .'  .----.
08:36:35 :monster.va.us.synirc.net 372 robophiz :-                       `. "    '"--...--"'  . ' .'  .'  o   `.
08:36:35 :monster.va.us.synirc.net 372 robophiz :-                       .'`-._'    " .     " _.-'`. :       o  :
08:36:35 :monster.va.us.synirc.net 372 robophiz :-                     .'      ```--.....--'''    ' `:_ o       :
08:36:35 :monster.va.us.synirc.net 372 robophiz :-                   .'    "     '         "     "   ; `.;";";";'
08:36:35 :monster.va.us.synirc.net 372 robophiz :-                  ;         '       "       '     . ; .' ; ; ;
08:36:35 :monster.va.us.synirc.net 372 robophiz :-                 ;     '         '       '   "    .'      .-'
08:36:35 :monster.va.us.synirc.net 372 robophiz :-                 '  "     "   '      "           "    _.-'
08:36:35 :monster.va.us.synirc.net 372 robophiz :-                                                                       
08:36:35 :monster.va.us.synirc.net 372 robophiz :-             ######  ##    ## ##    ## #### ########   ######  
08:36:35 :monster.va.us.synirc.net 372 robophiz :-            ##    ##  ##  ##  ###   ##  ##  ##     ## ##    ## 
08:36:35 :monster.va.us.synirc.net 372 robophiz :-            ##         ####   ####  ##  ##  ##     ## ##       
08:36:35 :monster.va.us.synirc.net 372 robophiz :-             ######     ##    ## ## ##  ##  ########  ##       
08:36:35 :monster.va.us.synirc.net 372 robophiz :-                  ##    ##    ##  ####  ##  ##   ##   ##       
08:36:35 :monster.va.us.synirc.net 372 robophiz :-            ##    ##    ##    ##   ###  ##  ##    ##  ##    ##
08:36:35 :monster.va.us.synirc.net 372 robophiz :-             ######     ##    ##    ## #### ##     ##  ######  
08:36:35 :monster.va.us.synirc.net 372 robophiz :- 
08:36:35 :monster.va.us.synirc.net 372 robophiz :-          |                                                    |
08:36:35 :monster.va.us.synirc.net 372 robophiz :-        --+----------------------------------------------------+--
08:36:35 :monster.va.us.synirc.net 372 robophiz :-          |                                                    |
08:36:35 :monster.va.us.synirc.net 372 robophiz :-          | Welcome on monster.va.us.synirc.net                |
08:36:35 :monster.va.us.synirc.net 372 robophiz :-          | Available ports: 6660-6669                         |
08:36:35 :monster.va.us.synirc.net 372 robophiz :-          | SSL ports: 6697, 7001                              |
08:36:35 :monster.va.us.synirc.net 372 robophiz :-          |                                                    |
08:36:35 :monster.va.us.synirc.net 372 robophiz :-          | Server Admin: jon <jon@synirc.net>                 |
08:36:35 :monster.va.us.synirc.net 372 robophiz :-          | Co-Admin    : Jake <jake@synirc.net>               |
08:36:35 :monster.va.us.synirc.net 372 robophiz :-          |                                                    |
08:36:35 :monster.va.us.synirc.net 372 robophiz :-        --+----------------------------------------------------+--
08:36:35 :monster.va.us.synirc.net 372 robophiz :-          |                                                    |
08:36:35 :monster.va.us.synirc.net 372 robophiz :- 
08:36:35 :monster.va.us.synirc.net 372 robophiz :- DISCLAIMER:
08:36:35 :monster.va.us.synirc.net 372 robophiz :- 
08:36:35 :monster.va.us.synirc.net 372 robophiz :- synIRC.net will scan your IP for open proxies upon connection to our 
08:36:35 :monster.va.us.synirc.net 372 robophiz :- services.  You must be 18 or older to connect and chat on our services, or 
08:36:35 :monster.va.us.synirc.net 372 robophiz :- have parental consent. synIRC.net and its affiliates are not responsible 
08:36:35 :monster.va.us.synirc.net 372 robophiz :- for any bodily or mental harm that could possibly come from using its 
08:36:35 :monster.va.us.synirc.net 372 robophiz :- services. synIRC.net is not responsible for any data received or sent 
08:36:35 :monster.va.us.synirc.net 372 robophiz :- out to our clients. By connecting, you consent to have logging of your 
08:36:35 :monster.va.us.synirc.net 372 robophiz :- conversations done by other clients and are also bound to the rules and 
08:36:35 :monster.va.us.synirc.net 372 robophiz :- regulations that can be found at http://www.synirc.net/charter/
08:36:35 :monster.va.us.synirc.net 372 robophiz :- 
08:36:35 :monster.va.us.synirc.net 376 robophiz :End of /MOTD command.
08:36:36 :monster.va.us.synirc.net 332 robophiz #phiz :elden ring group/mp pw: eldphiz || Feminist*HATE_this PenisTrick || Canned Horse Meat (Whale Flavor)
08:36:36 :monster.va.us.synirc.net 333 robophiz #phiz Homie_in_a_geod 1647987277
08:36:36 :monster.va.us.synirc.net 353 robophiz @ #phiz :robophiz mpg HellaBrad alansmithee_ the`shima dreddybajs Selfie_Dad Melber greatest_gamer Homie_in_a_geod coaxmetal scoop_jackson eric wild_ape-style_creature kuf ~het djcozmik 
08:36:36 :monster.va.us.synirc.net 366 robophiz #phiz :End of /NAMES list.
12:53:52 :monster.va.us.synirc.net 001 robophiz :Welcome to the synIRC IRC Network robophiz!~robophiz@73.129.45.114
12:53:52 :monster.va.us.synirc.net 002 robophiz :Your host is monster.va.us.synirc.net, running version Unreal3.2.10.7
12:53:52 :monster.va.us.synirc.net 003 robophiz :This server was created Sat Oct 21 2017 at 03:03:29 UTC
12:53:52 :monster.va.us.synirc.net 004 robophiz monster.va.us.synirc.net Unreal3.2.10.7 iowghraAsORTVSxNCWqBzvdHtGpI lvhopsmntikrRcaqOALQbSeIKVfMCuzNTGjZ
12:53:52 :monster.va.us.synirc.net 005 robophiz UHNAMES NAMESX SAFELIST HCN MAXCHANNELS=40 CHANLIMIT=#:40 MAXLIST=b:60,e:60,I:60 NICKLEN=30 CHANNELLEN=32 TOPICLEN=307 KICKLEN=307 AWAYLEN=307 MAXTARGETS=20 :are supported by this server
12:53:52 :monster.va.us.synirc.net 005 robophiz WALLCHOPS WATCH=128 WATCHOPTS=A SILENCE=15 MODES=12 CHANTYPES=# PREFIX=(qaohv)~&@%+ CHANMODES=beI,kfL,lj,psmntirRcOAQKVCuzNSMTGZ NETWORK=synIRC CASEMAPPING=ascii EXTBAN=~,qjncrRa ELIST=MNUCT STATUSMSG=~&@%+ :are supported by this server
12:53:52 :monster.va.us.synirc.net 005 robophiz EXCEPTS INVEX CMDS=KNOCK,MAP,DCCALLOW,USERIP,STARTTLS :are supported by this server
12:53:52 :monster.va.us.synirc.net 251 robophiz :There are 25 users and 1821 invisible on 16 servers
12:53:52 :monster.va.us.synirc.net 252 robophiz 20 :operator(s) online
12:53:52 :monster.va.us.synirc.net 254 robophiz 966 :channels formed
12:53:52 :monster.va.us.synirc.net 255 robophiz :I have 164 clients and 0 servers
12:53:52 :monster.va.us.synirc.net 265 robophiz 164 1279 :Current local users 164, max 1279
12:53:52 :monster.va.us.synirc.net 266 robophiz 1846 8248 :Current global users 1846, max 8248
12:53:52 :monster.va.us.synirc.net 375 robophiz :- monster.va.us.synirc.net Message of the Day - 
12:53:52 :monster.va.us.synirc.net 372 robophiz :- 23/10/2017 2:09
12:53:52 :monster.va.us.synirc.net 372 robophiz :- This is the short MOTD. To view the complete MOTD type /motd
12:53:52 :monster.va.us.synirc.net 372 robophiz :- 
12:53:52 :monster.va.us.synirc.net 372 robophiz :- 
12:53:52 :monster.va.us.synirc.net 372 robophiz :-                               .---. .---. 
12:53:52 :monster.va.us.synirc.net 372 robophiz :-                              :     : o   :    me want cookie!
12:53:52 :monster.va.us.synirc.net 372 robophiz :-                          _..-:   o :     :-.._    /
12:53:52 :monster.va.us.synirc.net 372 robophiz :-                      .-''  '  `---' `---' "   ``-.    
12:53:52 :monster.va.us.synirc.net 372 robophiz :-                    .'   "   '  "  .    "  . '  "  `.  
12:53:52 :monster.va.us.synirc.net 372 robophiz :-                   :   '.---.,,.,...,.,.,.,..---.  ' ;
12:53:52 :monster.va.us.synirc.net 372 robophiz :-                   `. " `.                     .' " .'
12:53:52 :monster.va.us.synirc.net 372 robophiz :-                    `.  '`.                   .' ' .'
12:53:52 :monster.va.us.synirc.net 372 robophiz :-                     `.    `-._           _.-' "  .'  .----.
12:53:52 :monster.va.us.synirc.net 372 robophiz :-                       `. "    '"--...--"'  . ' .'  .'  o   `.
12:53:52 :monster.va.us.synirc.net 372 robophiz :-                       .'`-._'    " .     " _.-'`. :       o  :
12:53:52 :monster.va.us.synirc.net 372 robophiz :-                     .'      ```--.....--'''    ' `:_ o       :
12:53:52 :monster.va.us.synirc.net 372 robophiz :-                   .'    "     '         "     "   ; `.;";";";'
12:53:52 :monster.va.us.synirc.net 372 robophiz :-                  ;         '       "       '     . ; .' ; ; ;
12:53:52 :monster.va.us.synirc.net 372 robophiz :-                 ;     '         '       '   "    .'      .-'
12:53:52 :monster.va.us.synirc.net 372 robophiz :-                 '  "     "   '      "           "    _.-'
12:53:52 :monster.va.us.synirc.net 372 robophiz :-                                                                       
12:53:52 :monster.va.us.synirc.net 372 robophiz :-             ######  ##    ## ##    ## #### ########   ######  
12:53:52 :monster.va.us.synirc.net 372 robophiz :-            ##    ##  ##  ##  ###   ##  ##  ##     ## ##    ## 
