01:55:15 :monster.va.us.synirc.net 001 robophiz :Welcome to the synIRC IRC Network robophiz!~robophiz@73.129.45.114
01:55:15 :monster.va.us.synirc.net 002 robophiz :Your host is monster.va.us.synirc.net, running version Unreal3.2.10.7
01:55:15 :monster.va.us.synirc.net 003 robophiz :This server was created Sat Oct 21 2017 at 03:03:29 UTC
01:55:15 :monster.va.us.synirc.net 004 robophiz monster.va.us.synirc.net Unreal3.2.10.7 iowghraAsORTVSxNCWqBzvdHtGpI lvhopsmntikrRcaqOALQbSeIKVfMCuzNTGjZ
01:55:15 :monster.va.us.synirc.net 005 robophiz UHNAMES NAMESX SAFELIST HCN MAXCHANNELS=40 CHANLIMIT=#:40 MAXLIST=b:60,e:60,I:60 NICKLEN=30 CHANNELLEN=32 TOPICLEN=307 KICKLEN=307 AWAYLEN=307 MAXTARGETS=20 :are supported by this server
01:55:15 :monster.va.us.synirc.net 005 robophiz WALLCHOPS WATCH=128 WATCHOPTS=A SILENCE=15 MODES=12 CHANTYPES=# PREFIX=(qaohv)~&@%+ CHANMODES=beI,kfL,lj,psmntirRcOAQKVCuzNSMTGZ NETWORK=synIRC CASEMAPPING=ascii EXTBAN=~,qjncrRa ELIST=MNUCT STATUSMSG=~&@%+ :are supported by this server
01:55:15 :monster.va.us.synirc.net 005 robophiz EXCEPTS INVEX CMDS=KNOCK,MAP,DCCALLOW,USERIP,STARTTLS :are supported by this server
01:55:15 :monster.va.us.synirc.net 251 robophiz :There are 25 users and 1841 invisible on 15 servers
01:55:15 :monster.va.us.synirc.net 252 robophiz 20 :operator(s) online
01:55:15 :monster.va.us.synirc.net 254 robophiz 968 :channels formed
01:55:15 :monster.va.us.synirc.net 255 robophiz :I have 168 clients and 0 servers
01:55:15 :monster.va.us.synirc.net 265 robophiz 168 1279 :Current local users 168, max 1279
01:55:15 :monster.va.us.synirc.net 266 robophiz 1866 8248 :Current global users 1866, max 8248
01:55:15 :monster.va.us.synirc.net 375 robophiz :- monster.va.us.synirc.net Message of the Day - 
01:55:15 :monster.va.us.synirc.net 372 robophiz :- 23/10/2017 2:09
01:55:15 :monster.va.us.synirc.net 372 robophiz :- This is the short MOTD. To view the complete MOTD type /motd
01:55:15 :monster.va.us.synirc.net 372 robophiz :- 
01:55:15 :monster.va.us.synirc.net 372 robophiz :- 
01:55:15 :monster.va.us.synirc.net 372 robophiz :-                               .---. .---. 
01:55:15 :monster.va.us.synirc.net 372 robophiz :-                              :     : o   :    me want cookie!
01:55:15 :monster.va.us.synirc.net 372 robophiz :-                          _..-:   o :     :-.._    /
01:55:15 :monster.va.us.synirc.net 372 robophiz :-                      .-''  '  `---' `---' "   ``-.    
01:55:15 :monster.va.us.synirc.net 372 robophiz :-                    .'   "   '  "  .    "  . '  "  `.  
01:55:15 :monster.va.us.synirc.net 372 robophiz :-                   :   '.---.,,.,...,.,.,.,..---.  ' ;
01:55:15 :monster.va.us.synirc.net 372 robophiz :-                   `. " `.                     .' " .'
01:55:15 :monster.va.us.synirc.net 372 robophiz :-                    `.  '`.                   .' ' .'
01:55:15 :monster.va.us.synirc.net 372 robophiz :-                     `.    `-._           _.-' "  .'  .----.
01:55:15 :monster.va.us.synirc.net 372 robophiz :-                       `. "    '"--...--"'  . ' .'  .'  o   `.
01:55:15 :monster.va.us.synirc.net 372 robophiz :-                       .'`-._'    " .     " _.-'`. :       o  :
01:55:15 :monster.va.us.synirc.net 372 robophiz :-                     .'      ```--.....--'''    ' `:_ o       :
01:55:15 :monster.va.us.synirc.net 372 robophiz :-                   .'    "     '         "     "   ; `.;";";";'
01:55:15 :monster.va.us.synirc.net 372 robophiz :-                  ;         '       "       '     . ; .' ; ; ;
01:55:15 :monster.va.us.synirc.net 372 robophiz :-                 ;     '         '       '   "    .'      .-'
01:55:15 :monster.va.us.synirc.net 372 robophiz :-                 '  "     "   '      "           "    _.-'
01:55:15 :monster.va.us.synirc.net 372 robophiz :-                                                                       
01:55:15 :monster.va.us.synirc.net 372 robophiz :-             ######  ##    ## ##    ## #### ########   ######  
01:55:15 :monster.va.us.synirc.net 372 robophiz :-            ##    ##  ##  ##  ###   ##  ##  ##     ## ##    ## 
01:55:15 :monster.va.us.synirc.net 372 robophiz :-            ##         ####   ####  ##  ##  ##     ## ##       
01:55:15 :monster.va.us.synirc.net 372 robophiz :-             ######     ##    ## ## ##  ##  ########  ##       
01:55:15 :monster.va.us.synirc.net 372 robophiz :-                  ##    ##    ##  ####  ##  ##   ##   ##       
01:55:15 :monster.va.us.synirc.net 372 robophiz :-            ##    ##    ##    ##   ###  ##  ##    ##  ##    ##
01:55:15 :monster.va.us.synirc.net 372 robophiz :-             ######     ##    ##    ## #### ##     ##  ######  
01:55:15 :monster.va.us.synirc.net 372 robophiz :- 
01:55:15 :monster.va.us.synirc.net 372 robophiz :-          |                                                    |
01:55:15 :monster.va.us.synirc.net 372 robophiz :-        --+----------------------------------------------------+--
01:55:15 :monster.va.us.synirc.net 372 robophiz :-          |                                                    |
01:55:15 :monster.va.us.synirc.net 372 robophiz :-          | Welcome on monster.va.us.synirc.net                |
01:55:15 :monster.va.us.synirc.net 372 robophiz :-          | Available ports: 6660-6669                         |
01:55:15 :monster.va.us.synirc.net 372 robophiz :-          | SSL ports: 6697, 7001                              |
01:55:15 :monster.va.us.synirc.net 372 robophiz :-          |                                                    |
01:55:15 :monster.va.us.synirc.net 372 robophiz :-          | Server Admin: jon <jon@synirc.net>                 |
01:55:15 :monster.va.us.synirc.net 372 robophiz :-          | Co-Admin    : Jake <jake@synirc.net>               |
01:55:15 :monster.va.us.synirc.net 372 robophiz :-          |                                                    |
01:55:15 :monster.va.us.synirc.net 372 robophiz :-        --+----------------------------------------------------+--
01:55:15 :monster.va.us.synirc.net 372 robophiz :-          |                                                    |
01:55:15 :monster.va.us.synirc.net 372 robophiz :- 
01:55:15 :monster.va.us.synirc.net 372 robophiz :- DISCLAIMER:
01:55:15 :monster.va.us.synirc.net 372 robophiz :- 
01:55:15 :monster.va.us.synirc.net 372 robophiz :- synIRC.net will scan your IP for open proxies upon connection to our 
01:55:15 :monster.va.us.synirc.net 372 robophiz :- services.  You must be 18 or older to connect and chat on our services, or 
01:55:15 :monster.va.us.synirc.net 372 robophiz :- have parental consent. synIRC.net and its affiliates are not responsible 
01:55:15 :monster.va.us.synirc.net 372 robophiz :- for any bodily or mental harm that could possibly come from using its 
01:55:15 :monster.va.us.synirc.net 372 robophiz :- services. synIRC.net is not responsible for any data received or sent 
01:55:15 :monster.va.us.synirc.net 372 robophiz :- out to our clients. By connecting, you consent to have logging of your 
01:55:15 :monster.va.us.synirc.net 372 robophiz :- conversations done by other clients and are also bound to the rules and 
01:55:15 :monster.va.us.synirc.net 372 robophiz :- regulations that can be found at http://www.synirc.net/charter/
01:55:15 :monster.va.us.synirc.net 372 robophiz :- 
01:55:15 :monster.va.us.synirc.net 376 robophiz :End of /MOTD command.
01:55:16 :monster.va.us.synirc.net 332 robophiz #phiz :elden ring group/mp pw: eldphiz || According to evidence admitted at the board of rights hearing, "Snorlax" is a Pokémon creature known as "The Sleeping Pokémon." || Black lives matter. Pooplunch stands in solidarity with the Black community.
01:55:16 :monster.va.us.synirc.net 333 robophiz #phiz shrimp1989dspinfo 1645985449
01:55:16 :monster.va.us.synirc.net 353 robophiz @ #phiz :robophiz ajj2 ehn the`shima William_Hootkins ajj ajj3 Nude_Riker NORG Melber bonegar registered_mirc alansmithee_ dreddybajs greatest_gamer Homie_in_a_geod coaxmetal pubeman77 scoop_jackson eric shrimp1989dspinfo kuf ~het djcozmik 
01:55:16 :monster.va.us.synirc.net 366 robophiz #phiz :End of /NAMES list.
04:04:07 :monster.va.us.synirc.net 001 robophiz :Welcome to the synIRC IRC Network robophiz!~robophiz@73.129.45.114
04:04:07 :monster.va.us.synirc.net 002 robophiz :Your host is monster.va.us.synirc.net, running version Unreal3.2.10.7
04:04:07 :monster.va.us.synirc.net 003 robophiz :This server was created Sat Oct 21 2017 at 03:03:29 UTC
04:04:07 :monster.va.us.synirc.net 004 robophiz monster.va.us.synirc.net Unreal3.2.10.7 iowghraAsORTVSxNCWqBzvdHtGpI lvhopsmntikrRcaqOALQbSeIKVfMCuzNTGjZ
04:04:07 :monster.va.us.synirc.net 005 robophiz UHNAMES NAMESX SAFELIST HCN MAXCHANNELS=40 CHANLIMIT=#:40 MAXLIST=b:60,e:60,I:60 NICKLEN=30 CHANNELLEN=32 TOPICLEN=307 KICKLEN=307 AWAYLEN=307 MAXTARGETS=20 :are supported by this server
04:04:07 :monster.va.us.synirc.net 005 robophiz WALLCHOPS WATCH=128 WATCHOPTS=A SILENCE=15 MODES=12 CHANTYPES=# PREFIX=(qaohv)~&@%+ CHANMODES=beI,kfL,lj,psmntirRcOAQKVCuzNSMTGZ NETWORK=synIRC CASEMAPPING=ascii EXTBAN=~,qjncrRa ELIST=MNUCT STATUSMSG=~&@%+ :are supported by this server
04:04:07 :monster.va.us.synirc.net 005 robophiz EXCEPTS INVEX CMDS=KNOCK,MAP,DCCALLOW,USERIP,STARTTLS :are supported by this server
04:04:07 :monster.va.us.synirc.net 251 robophiz :There are 25 users and 1842 invisible on 15 servers
04:04:07 :monster.va.us.synirc.net 252 robophiz 20 :operator(s) online
04:04:07 :monster.va.us.synirc.net 254 robophiz 962 :channels formed
04:04:07 :monster.va.us.synirc.net 255 robophiz :I have 165 clients and 0 servers
04:04:07 :monster.va.us.synirc.net 265 robophiz 165 1279 :Current local users 165, max 1279
04:04:07 :monster.va.us.synirc.net 266 robophiz 1867 8248 :Current global users 1867, max 8248
04:04:07 :monster.va.us.synirc.net 375 robophiz :- monster.va.us.synirc.net Message of the Day - 
04:04:07 :monster.va.us.synirc.net 372 robophiz :- 23/10/2017 2:09
04:04:07 :monster.va.us.synirc.net 372 robophiz :- This is the short MOTD. To view the complete MOTD type /motd
04:04:07 :monster.va.us.synirc.net 372 robophiz :- 
04:04:07 :monster.va.us.synirc.net 372 robophiz :- 
04:04:07 :monster.va.us.synirc.net 372 robophiz :-                               .---. .---. 
04:04:07 :monster.va.us.synirc.net 372 robophiz :-                              :     : o   :    me want cookie!
04:04:07 :monster.va.us.synirc.net 372 robophiz :-                          _..-:   o :     :-.._    /
04:04:07 :monster.va.us.synirc.net 372 robophiz :-                      .-''  '  `---' `---' "   ``-.    
04:04:07 :monster.va.us.synirc.net 372 robophiz :-                    .'   "   '  "  .    "  . '  "  `.  
04:04:07 :monster.va.us.synirc.net 372 robophiz :-                   :   '.---.,,.,...,.,.,.,..---.  ' ;
04:04:07 :monster.va.us.synirc.net 372 robophiz :-                   `. " `.                     .' " .'
04:04:07 :monster.va.us.synirc.net 372 robophiz :-                    `.  '`.                   .' ' .'
04:04:07 :monster.va.us.synirc.net 372 robophiz :-                     `.    `-._           _.-' "  .'  .----.
04:04:07 :monster.va.us.synirc.net 372 robophiz :-                       `. "    '"--...--"'  . ' .'  .'  o   `.
04:04:07 :monster.va.us.synirc.net 372 robophiz :-                       .'`-._'    " .     " _.-'`. :       o  :
04:04:07 :monster.va.us.synirc.net 372 robophiz :-                     .'      ```--.....--'''    ' `:_ o       :
04:04:07 :monster.va.us.synirc.net 372 robophiz :-                   .'    "     '         "     "   ; `.;";";";'
04:04:07 :monster.va.us.synirc.net 372 robophiz :-                  ;         '       "       '     . ; .' ; ; ;
04:04:07 :monster.va.us.synirc.net 372 robophiz :-                 ;     '         '       '   "    .'      .-'
04:04:07 :monster.va.us.synirc.net 372 robophiz :-                 '  "     "   '      "           "    _.-'
04:04:07 :monster.va.us.synirc.net 372 robophiz :-                                                                       
04:04:07 :monster.va.us.synirc.net 372 robophiz :-             ######  ##    ## ##    ## #### ########   ######  
04:04:07 :monster.va.us.synirc.net 372 robophiz :-            ##    ##  ##  ##  ###   ##  ##  ##     ## ##    ## 
04:04:07 :monster.va.us.synirc.net 372 robophiz :-            ##         ####   ####  ##  ##  ##     ## ##       
04:04:07 :monster.va.us.synirc.net 372 robophiz :-             ######     ##    ## ## ##  ##  ########  ##       
04:04:07 :monster.va.us.synirc.net 372 robophiz :-                  ##    ##    ##  ####  ##  ##   ##   ##       
04:04:07 :monster.va.us.synirc.net 372 robophiz :-            ##    ##    ##    ##   ###  ##  ##    ##  ##    ##
04:04:07 :monster.va.us.synirc.net 372 robophiz :-             ######     ##    ##    ## #### ##     ##  ######  
04:04:07 :monster.va.us.synirc.net 372 robophiz :- 
04:04:07 :monster.va.us.synirc.net 372 robophiz :-          |                                                    |
04:04:07 :monster.va.us.synirc.net 372 robophiz :-        --+----------------------------------------------------+--
04:04:07 :monster.va.us.synirc.net 372 robophiz :-          |                                                    |
04:04:07 :monster.va.us.synirc.net 372 robophiz :-          | Welcome on monster.va.us.synirc.net                |
04:04:07 :monster.va.us.synirc.net 372 robophiz :-          | Available ports: 6660-6669                         |
04:04:07 :monster.va.us.synirc.net 372 robophiz :-          | SSL ports: 6697, 7001                              |
04:04:07 :monster.va.us.synirc.net 372 robophiz :-          |                                                    |
04:04:07 :monster.va.us.synirc.net 372 robophiz :-          | Server Admin: jon <jon@synirc.net>                 |
04:04:07 :monster.va.us.synirc.net 372 robophiz :-          | Co-Admin    : Jake <jake@synirc.net>               |
04:04:07 :monster.va.us.synirc.net 372 robophiz :-          |                                                    |
04:04:07 :monster.va.us.synirc.net 372 robophiz :-        --+----------------------------------------------------+--
04:04:07 :monster.va.us.synirc.net 372 robophiz :-          |                                                    |
04:04:07 :monster.va.us.synirc.net 372 robophiz :- 
04:04:07 :monster.va.us.synirc.net 372 robophiz :- DISCLAIMER:
04:04:07 :monster.va.us.synirc.net 372 robophiz :- 
04:04:07 :monster.va.us.synirc.net 372 robophiz :- synIRC.net will scan your IP for open proxies upon connection to our 
04:04:07 :monster.va.us.synirc.net 372 robophiz :- services.  You must be 18 or older to connect and chat on our services, or 
04:04:07 :monster.va.us.synirc.net 372 robophiz :- have parental consent. synIRC.net and its affiliates are not responsible 
04:04:07 :monster.va.us.synirc.net 372 robophiz :- for any bodily or mental harm that could possibly come from using its 
04:04:07 :monster.va.us.synirc.net 372 robophiz :- services. synIRC.net is not responsible for any data received or sent 
04:04:07 :monster.va.us.synirc.net 372 robophiz :- out to our clients. By connecting, you consent to have logging of your 
04:04:07 :monster.va.us.synirc.net 372 robophiz :- conversations done by other clients and are also bound to the rules and 
04:04:07 :monster.va.us.synirc.net 372 robophiz :- regulations that can be found at http://www.synirc.net/charter/
04:04:07 :monster.va.us.synirc.net 372 robophiz :- 
04:04:07 :monster.va.us.synirc.net 376 robophiz :End of /MOTD command.
04:04:08 :monster.va.us.synirc.net 332 robophiz #phiz :elden ring group/mp pw: eldphiz || According to evidence admitted at the board of rights hearing, "Snorlax" is a Pokémon creature known as "The Sleeping Pokémon." || Black lives matter. Pooplunch stands in solidarity with the Black community.
04:04:08 :monster.va.us.synirc.net 333 robophiz #phiz shrimp1989dspinfo 1645985449
04:04:08 :monster.va.us.synirc.net 353 robophiz @ #phiz :robophiz ajj ajj2 ehn the`shima William_Hootkins Nude_Riker Melber bonegar registered_mirc alansmithee_ dreddybajs greatest_gamer Homie_in_a_geod coaxmetal pubeman77 scoop_jackson eric shrimp1989dspinfo kuf ~het djcozmik 
16:42:59 :monster.va.us.synirc.net 001 robophiz :Welcome to the synIRC IRC Network robophiz!~robophiz@73.129.45.114
16:42:59 :monster.va.us.synirc.net 002 robophiz :Your host is monster.va.us.synirc.net, running version Unreal3.2.10.7
16:42:59 :monster.va.us.synirc.net 003 robophiz :This server was created Sat Oct 21 2017 at 03:03:29 UTC
16:42:59 :monster.va.us.synirc.net 004 robophiz monster.va.us.synirc.net Unreal3.2.10.7 iowghraAsORTVSxNCWqBzvdHtGpI lvhopsmntikrRcaqOALQbSeIKVfMCuzNTGjZ
16:42:59 :monster.va.us.synirc.net 005 robophiz UHNAMES NAMESX SAFELIST HCN MAXCHANNELS=40 CHANLIMIT=#:40 MAXLIST=b:60,e:60,I:60 NICKLEN=30 CHANNELLEN=32 TOPICLEN=307 KICKLEN=307 AWAYLEN=307 MAXTARGETS=20 :are supported by this server
16:42:59 :monster.va.us.synirc.net 005 robophiz WALLCHOPS WATCH=128 WATCHOPTS=A SILENCE=15 MODES=12 CHANTYPES=# PREFIX=(qaohv)~&@%+ CHANMODES=beI,kfL,lj,psmntirRcOAQKVCuzNSMTGZ NETWORK=synIRC CASEMAPPING=ascii EXTBAN=~,qjncrRa ELIST=MNUCT STATUSMSG=~&@%+ :are supported by this server
16:42:59 :monster.va.us.synirc.net 005 robophiz EXCEPTS INVEX CMDS=KNOCK,MAP,DCCALLOW,USERIP,STARTTLS :are supported by this server
16:42:59 :monster.va.us.synirc.net 251 robophiz :There are 25 users and 1851 invisible on 15 servers
16:42:59 :monster.va.us.synirc.net 252 robophiz 20 :operator(s) online
16:42:59 :monster.va.us.synirc.net 254 robophiz 966 :channels formed
16:42:59 :monster.va.us.synirc.net 255 robophiz :I have 162 clients and 0 servers
16:42:59 :monster.va.us.synirc.net 265 robophiz 162 1279 :Current local users 162, max 1279
16:42:59 :monster.va.us.synirc.net 266 robophiz 1876 8248 :Current global users 1876, max 8248
16:42:59 :monster.va.us.synirc.net 375 robophiz :- monster.va.us.synirc.net Message of the Day - 
16:42:59 :monster.va.us.synirc.net 372 robophiz :- 23/10/2017 2:09
16:42:59 :monster.va.us.synirc.net 372 robophiz :- This is the short MOTD. To view the complete MOTD type /motd
16:42:59 :monster.va.us.synirc.net 372 robophiz :- 
16:42:59 :monster.va.us.synirc.net 372 robophiz :- 
16:42:59 :monster.va.us.synirc.net 372 robophiz :-                               .---. .---. 
16:42:59 :monster.va.us.synirc.net 372 robophiz :-                              :     : o   :    me want cookie!
16:42:59 :monster.va.us.synirc.net 372 robophiz :-                          _..-:   o :     :-.._    /
16:42:59 :monster.va.us.synirc.net 372 robophiz :-                      .-''  '  `---' `---' "   ``-.    
16:42:59 :monster.va.us.synirc.net 372 robophiz :-                    .'   "   '  "  .    "  . '  "  `.  
16:42:59 :monster.va.us.synirc.net 372 robophiz :-                   :   '.---.,,.,...,.,.,.,..---.  ' ;
16:42:59 :monster.va.us.synirc.net 372 robophiz :-                   `. " `.                     .' " .'
16:42:59 :monster.va.us.synirc.net 372 robophiz :-                    `.  '`.                   .' ' .'
16:42:59 :monster.va.us.synirc.net 372 robophiz :-                     `.    `-._           _.-' "  .'  .----.
16:42:59 :monster.va.us.synirc.net 372 robophiz :-                       `. "    '"--...--"'  . ' .'  .'  o   `.
16:42:59 :monster.va.us.synirc.net 372 robophiz :-                       .'`-._'    " .     " _.-'`. :       o  :
16:42:59 :monster.va.us.synirc.net 372 robophiz :-                     .'      ```--.....--'''    ' `:_ o       :
16:42:59 :monster.va.us.synirc.net 372 robophiz :-                   .'    "     '         "     "   ; `.;";";";'
16:42:59 :monster.va.us.synirc.net 372 robophiz :-                  ;         '       "       '     . ; .' ; ; ;
16:42:59 :monster.va.us.synirc.net 372 robophiz :-                 ;     '         '       '   "    .'      .-'
16:42:59 :monster.va.us.synirc.net 372 robophiz :-                 '  "     "   '      "           "    _.-'
16:42:59 :monster.va.us.synirc.net 372 robophiz :-                                                                       
16:42:59 :monster.va.us.synirc.net 372 robophiz :-             ######  ##    ## ##    ## #### ########   ######  
16:42:59 :monster.va.us.synirc.net 372 robophiz :-            ##    ##  ##  ##  ###   ##  ##  ##     ## ##    ## 
16:42:59 :monster.va.us.synirc.net 372 robophiz :-            ##         ####   ####  ##  ##  ##     ## ##       
16:42:59 :monster.va.us.synirc.net 372 robophiz :-             ######     ##    ## ## ##  ##  ########  ##       
16:42:59 :monster.va.us.synirc.net 372 robophiz :-                  ##    ##    ##  ####  ##  ##   ##   ##       
16:42:59 :monster.va.us.synirc.net 372 robophiz :-            ##    ##    ##    ##   ###  ##  ##    ##  ##    ##
16:42:59 :monster.va.us.synirc.net 372 robophiz :-             ######     ##    ##    ## #### ##     ##  ######  
16:42:59 :monster.va.us.synirc.net 372 robophiz :- 
16:42:59 :monster.va.us.synirc.net 372 robophiz :-          |                                                    |
16:42:59 :monster.va.us.synirc.net 372 robophiz :-        --+----------------------------------------------------+--
16:42:59 :monster.va.us.synirc.net 372 robophiz :-          |                                                    |
16:42:59 :monster.va.us.synirc.net 372 robophiz :-          | Welcome on monster.va.us.synirc.net                |
16:42:59 :monster.va.us.synirc.net 372 robophiz :-          | Available ports: 6660-6669                         |
16:42:59 :monster.va.us.synirc.net 372 robophiz :-          | SSL ports: 6697, 7001                              |
16:42:59 :monster.va.us.synirc.net 372 robophiz :-          |                                                    |
16:42:59 :monster.va.us.synirc.net 372 robophiz :-          | Server Admin: jon <jon@synirc.net>                 |
16:42:59 :monster.va.us.synirc.net 372 robophiz :-          | Co-Admin    : Jake <jake@synirc.net>               |
16:42:59 :monster.va.us.synirc.net 372 robophiz :-          |                                                    |
16:42:59 :monster.va.us.synirc.net 372 robophiz :-        --+----------------------------------------------------+--
16:42:59 :monster.va.us.synirc.net 372 robophiz :-          |                                                    |
16:42:59 :monster.va.us.synirc.net 372 robophiz :- 
16:42:59 :monster.va.us.synirc.net 372 robophiz :- DISCLAIMER:
16:42:59 :monster.va.us.synirc.net 372 robophiz :- 
16:42:59 :monster.va.us.synirc.net 372 robophiz :- synIRC.net will scan your IP for open proxies upon connection to our 
16:42:59 :monster.va.us.synirc.net 372 robophiz :- services.  You must be 18 or older to connect and chat on our services, or 
16:42:59 :monster.va.us.synirc.net 372 robophiz :- have parental consent. synIRC.net and its affiliates are not responsible 
16:42:59 :monster.va.us.synirc.net 372 robophiz :- for any bodily or mental harm that could possibly come from using its 
16:42:59 :monster.va.us.synirc.net 372 robophiz :- services. synIRC.net is not responsible for any data received or sent 
16:42:59 :monster.va.us.synirc.net 372 robophiz :- out to our clients. By connecting, you consent to have logging of your 
16:42:59 :monster.va.us.synirc.net 372 robophiz :- conversations done by other clients and are also bound to the rules and 
16:42:59 :monster.va.us.synirc.net 372 robophiz :- regulations that can be found at http://www.synirc.net/charter/
16:42:59 :monster.va.us.synirc.net 372 robophiz :- 
16:42:59 :monster.va.us.synirc.net 376 robophiz :End of /MOTD command.
16:43:00 :monster.va.us.synirc.net 332 robophiz #phiz :elden ring group/mp pw: eldphiz || According to evidence admitted at the board of rights hearing, "Snorlax" is a Pokémon creature known as "The Sleeping Pokémon." || Black lives matter. Pooplunch stands in solidarity with the Black community.
16:43:00 :monster.va.us.synirc.net 333 robophiz #phiz shrimp1989dspinfo 1645985449
16:43:00 :monster.va.us.synirc.net 353 robophiz @ #phiz :robophiz Rusty Nude_Riker NORG registered_mirc ajj ajj2 the`shima William_Hootkins Melber bonegar alansmithee_ dreddybajs greatest_gamer Homie_in_a_geod coaxmetal pubeman77 scoop_jackson eric shrimp1989dspinfo kuf ~het djcozmik 
16:43:00 :monster.va.us.synirc.net 366 robophiz #phiz :End of /NAMES list.
